#
# There is insufficient memory for the Java Runtime Environment to continue.
# Native memory allocation (malloc) failed to allocate 1244816 bytes for Chunk::new
# Possible reasons:
#   The system is out of physical RAM or swap space
#   The process is running with CompressedOops enabled, and the Java Heap may be blocking the growth of the native heap
# Possible solutions:
#   Reduce memory load on the system
#   Increase physical memory or swap space
#   Check if swap backing store is full
#   Decrease Java heap size (-Xmx/-Xms)
#   Decrease number of Java threads
#   Decrease Java thread stack sizes (-Xss)
#   Set larger code cache with -XX:ReservedCodeCacheSize=
#   JVM is running with Unscaled Compressed Oops mode in which the Java heap is
#     placed in the first 4GB address space. The Java Heap base address is the
#     maximum limit for the native heap growth. Please use -XX:HeapBaseMinAddress
#     to set the Java Heap base and to place the Java Heap above 4GB virtual address.
# This output file may be truncated or incomplete.
#
#  Out of Memory Error (./open/src/hotspot/share/memory/arena.cpp:197), pid=12364, tid=12868
#
# JRE version: Java(TM) SE Runtime Environment 18.9 (11.0.16+11) (build 11.0.16+11-LTS-199)
# Java VM: Java HotSpot(TM) 64-Bit Server VM 18.9 (11.0.16+11-LTS-199, mixed mode, tiered, compressed oops, g1 gc, windows-amd64)
# No core dump will be written. Minidumps are not enabled by default on client versions of Windows
#

---------------  S U M M A R Y ------------

Command Line: -XX:MaxMetaspaceSize=512m --add-opens=java.base/java.util=ALL-UNNAMED --add-opens=java.base/java.lang=ALL-UNNAMED --add-opens=java.base/java.lang.invoke=ALL-UNNAMED --add-opens=java.prefs/java.util.prefs=ALL-UNNAMED --add-opens=java.base/java.nio.charset=ALL-UNNAMED --add-opens=java.base/java.net=ALL-UNNAMED --add-opens=java.base/java.util.concurrent.atomic=ALL-UNNAMED -Xmx2048m -Dfile.encoding=utf8 -Duser.country=US -Duser.language=en -Duser.variant org.gradle.launcher.daemon.bootstrap.GradleDaemon 8.0.1

Host: Intel(R) Core(TM) i5-10210U CPU @ 1.60GHz, 8 cores, 7G,  Windows 11 , 64 bit Build 25393 (10.0.25393.1)
Time: Thu Jun 22 13:56:15 2023 SE Asia Standard Time elapsed time: 71.255749 seconds (0d 0h 1m 11s)

---------------  T H R E A D  ---------------

Current thread (0x000001e25e527000):  JavaThread "C2 CompilerThread0" daemon [_thread_in_native, id=12868, stack(0x0000004b5f800000,0x0000004b5f900000)]


Current CompileTask:
C2:  71255 14625       4       java.lang.Module::implIsExportedOrOpen (92 bytes)

Stack: [0x0000004b5f800000,0x0000004b5f900000]
Native frames: (J=compiled Java code, j=interpreted, Vv=VM code, C=native code)
V  [jvm.dll+0x62a3ea]
V  [jvm.dll+0x76418f]
V  [jvm.dll+0x765839]
V  [jvm.dll+0x765ec3]
V  [jvm.dll+0x23da98]
V  [jvm.dll+0xb2a1c]
V  [jvm.dll+0xb2fdc]
V  [jvm.dll+0x341442]
V  [jvm.dll+0x30ec83]
V  [jvm.dll+0x30dfca]
V  [jvm.dll+0x1f84a5]
V  [jvm.dll+0x1f768d]
V  [jvm.dll+0x177c81]
V  [jvm.dll+0x207006]
V  [jvm.dll+0x20519b]
V  [jvm.dll+0x729fa0]
V  [jvm.dll+0x722b74]
V  [jvm.dll+0x629286]
C  [ucrtbase.dll+0x28c41]
C  [KERNEL32.DLL+0x3db1]
C  [ntdll.dll+0x14801]


---------------  P R O C E S S  ---------------

Threads class SMR info:
_java_thread_list=0x000001e2672ab240, length=43, elements={
0x000001e2404fa000, 0x000001e25e515800, 0x000001e25e517000, 0x000001e25eea2800,
0x000001e25eea3800, 0x000001e25e524800, 0x000001e25e527000, 0x000001e25e52c800,
0x000001e25eef3000, 0x000001e25effa000, 0x000001e260ff9800, 0x000001e260e1c000,
0x000001e260343800, 0x000001e260544800, 0x000001e260e5e800, 0x000001e260d0c000,
0x000001e260d0d000, 0x000001e260d09800, 0x000001e260d0d800, 0x000001e260d0e800,
0x000001e260d0f000, 0x000001e260d10000, 0x000001e263e38800, 0x000001e263e37800,
0x000001e263e35000, 0x000001e263e3b800, 0x000001e263e37000, 0x000001e263e40800,
0x000001e263e41800, 0x000001e263e43000, 0x000001e263e42000, 0x000001e2615d6000,
0x000001e2615d1800, 0x000001e264d2a000, 0x000001e263e3a000, 0x000001e264d22000,
0x000001e264d1e800, 0x000001e264d21000, 0x000001e264d22800, 0x000001e264d1d000,
0x000001e264d23800, 0x000001e264d24800, 0x000001e264d1e000
}

Java Threads: ( => current thread )
  0x000001e2404fa000 JavaThread "main" [_thread_blocked, id=20524, stack(0x0000004b5ec00000,0x0000004b5ed00000)]
  0x000001e25e515800 JavaThread "Reference Handler" daemon [_thread_blocked, id=2520, stack(0x0000004b5f300000,0x0000004b5f400000)]
  0x000001e25e517000 JavaThread "Finalizer" daemon [_thread_blocked, id=20864, stack(0x0000004b5f400000,0x0000004b5f500000)]
  0x000001e25eea2800 JavaThread "Signal Dispatcher" daemon [_thread_blocked, id=21088, stack(0x0000004b5f500000,0x0000004b5f600000)]
  0x000001e25eea3800 JavaThread "Attach Listener" daemon [_thread_blocked, id=3980, stack(0x0000004b5f600000,0x0000004b5f700000)]
  0x000001e25e524800 JavaThread "Service Thread" daemon [_thread_blocked, id=11328, stack(0x0000004b5f700000,0x0000004b5f800000)]
=>0x000001e25e527000 JavaThread "C2 CompilerThread0" daemon [_thread_in_native, id=12868, stack(0x0000004b5f800000,0x0000004b5f900000)]
  0x000001e25e52c800 JavaThread "C1 CompilerThread0" daemon [_thread_blocked, id=22420, stack(0x0000004b5f900000,0x0000004b5fa00000)]
  0x000001e25eef3000 JavaThread "Sweeper thread" daemon [_thread_blocked, id=19732, stack(0x0000004b5fa00000,0x0000004b5fb00000)]
  0x000001e25effa000 JavaThread "Common-Cleaner" daemon [_thread_blocked, id=16368, stack(0x0000004b5fb00000,0x0000004b5fc00000)]
  0x000001e260ff9800 JavaThread "Daemon health stats" [_thread_blocked, id=18036, stack(0x0000004b5ff00000,0x0000004b60000000)]
  0x000001e260e1c000 JavaThread "Incoming local TCP Connector on port 50452" [_thread_in_native, id=20512, stack(0x0000004b60000000,0x0000004b60100000)]
  0x000001e260343800 JavaThread "Daemon periodic checks" [_thread_blocked, id=12224, stack(0x0000004b60100000,0x0000004b60200000)]
  0x000001e260544800 JavaThread "Daemon" [_thread_blocked, id=12800, stack(0x0000004b60200000,0x0000004b60300000)]
  0x000001e260e5e800 JavaThread "Daemon worker" [_thread_in_vm, id=7448, stack(0x0000004b60500000,0x0000004b60600000)]
  0x000001e260d0c000 JavaThread "Cache worker for journal cache (C:\Users\anhph\.gradle\caches\journal-1)" [_thread_blocked, id=20756, stack(0x0000004b60e00000,0x0000004b60f00000)]
  0x000001e260d0d000 JavaThread "File lock request listener" [_thread_in_native, id=20520, stack(0x0000004b61000000,0x0000004b61100000)]
  0x000001e260d09800 JavaThread "Cache worker for file hash cache (C:\Users\anhph\.gradle\caches\8.0.1\fileHashes)" [_thread_blocked, id=1872, stack(0x0000004b61100000,0x0000004b61200000)]
  0x000001e260d0d800 JavaThread "File watcher server" daemon [_thread_in_native, id=9504, stack(0x0000004b61200000,0x0000004b61300000)]
  0x000001e260d0e800 JavaThread "File watcher consumer" daemon [_thread_blocked, id=20264, stack(0x0000004b61300000,0x0000004b61400000)]
  0x000001e260d0f000 JavaThread "jar transforms" [_thread_blocked, id=19532, stack(0x0000004b61400000,0x0000004b61500000)]
  0x000001e260d10000 JavaThread "jar transforms Thread 2" [_thread_blocked, id=12200, stack(0x0000004b61500000,0x0000004b61600000)]
  0x000001e263e38800 JavaThread "Cache worker for file content cache (C:\Users\anhph\.gradle\caches\8.0.1\fileContent)" [_thread_blocked, id=11692, stack(0x0000004b61800000,0x0000004b61900000)]
  0x000001e263e37800 JavaThread "Cache worker for execution history cache (C:\Users\anhph\.gradle\caches\8.0.1\executionHistory)" [_thread_blocked, id=6028, stack(0x0000004b61b00000,0x0000004b61c00000)]
  0x000001e263e35000 JavaThread "jar transforms Thread 3" [_thread_blocked, id=18772, stack(0x0000004b61c00000,0x0000004b61d00000)]
  0x000001e263e3b800 JavaThread "jar transforms Thread 4" [_thread_blocked, id=21388, stack(0x0000004b61d00000,0x0000004b61e00000)]
  0x000001e263e37000 JavaThread "jar transforms Thread 5" [_thread_blocked, id=4256, stack(0x0000004b61e00000,0x0000004b61f00000)]
  0x000001e263e40800 JavaThread "jar transforms Thread 6" [_thread_blocked, id=21528, stack(0x0000004b61f00000,0x0000004b62000000)]
  0x000001e263e41800 JavaThread "jar transforms Thread 7" [_thread_blocked, id=19496, stack(0x0000004b62000000,0x0000004b62100000)]
  0x000001e263e43000 JavaThread "jar transforms Thread 8" [_thread_blocked, id=20016, stack(0x0000004b62100000,0x0000004b62200000)]
  0x000001e263e42000 JavaThread "Cache worker for kotlin-dsl (C:\Users\anhph\.gradle\caches\8.0.1\kotlin-dsl)" [_thread_blocked, id=13728, stack(0x0000004b62200000,0x0000004b62300000)]
  0x000001e2615d6000 JavaThread "Memory manager" [_thread_blocked, id=21380, stack(0x0000004b64000000,0x0000004b64100000)]
  0x000001e2615d1800 JavaThread "included builds" [_thread_blocked, id=11400, stack(0x0000004b64100000,0x0000004b64200000)]
  0x000001e264d2a000 JavaThread "included builds" [_thread_blocked, id=10088, stack(0x0000004b64300000,0x0000004b64400000)]
  0x000001e263e3a000 JavaThread "included builds" [_thread_blocked, id=21828, stack(0x0000004b64400000,0x0000004b64500000)]
  0x000001e264d22000 JavaThread "Handler for socket connection from /127.0.0.1:50452 to /127.0.0.1:50482" [_thread_in_native, id=17216, stack(0x0000004b5e900000,0x0000004b5ea00000)]
  0x000001e264d1e800 JavaThread "Cancel handler" [_thread_blocked, id=9460, stack(0x0000004b5ea00000,0x0000004b5eb00000)]
  0x000001e264d21000 JavaThread "Asynchronous log dispatcher for DefaultDaemonConnection: socket connection from /127.0.0.1:50452 to /127.0.0.1:50482" [_thread_blocked, id=2408, stack(0x0000004b5eb00000,0x0000004b5ec00000)]
  0x000001e264d22800 JavaThread "Stdin handler" [_thread_blocked, id=9152, stack(0x0000004b60300000,0x0000004b60400000)]
  0x000001e264d1d000 JavaThread "Daemon client event forwarder" [_thread_blocked, id=21852, stack(0x0000004b60400000,0x0000004b60500000)]
  0x000001e264d23800 JavaThread "Cache worker for checksums cache (D:\Downloads(D)\React_native\Tanca\android\.gradle\8.0.1\checksums)" [_thread_blocked, id=12004, stack(0x0000004b60600000,0x0000004b60700000)]
  0x000001e264d24800 JavaThread "Cache worker for file hash cache (D:\Downloads(D)\React_native\Tanca\android\.gradle\8.0.1\fileHashes)" [_thread_blocked, id=20400, stack(0x0000004b60800000,0x0000004b60900000)]
  0x000001e264d1e000 JavaThread "DisconnectableInputStream source reader" daemon [_thread_new, id=14264, stack(0x0000000000000000,0x0000000000000000)]

Other Threads:
  0x000001e25e4fa000 VMThread "VM Thread" [stack: 0x0000004b5f200000,0x0000004b5f300000] [id=20880]
  0x000001e25f03b000 WatcherThread [stack: 0x0000004b5fc00000,0x0000004b5fd00000] [id=22068]
  0x000001e24050b000 GCTaskThread "GC Thread#0" [stack: 0x0000004b5ed00000,0x0000004b5ee00000] [id=2368]
  0x000001e26016e800 GCTaskThread "GC Thread#1" [stack: 0x0000004b5fd00000,0x0000004b5fe00000] [id=18888]
  0x000001e25f944000 GCTaskThread "GC Thread#2" [stack: 0x0000004b5fe00000,0x0000004b5ff00000] [id=15116]
  0x000001e25fb68000 GCTaskThread "GC Thread#3" [stack: 0x0000004b60900000,0x0000004b60a00000] [id=15148]
  0x000001e260f34800 GCTaskThread "GC Thread#4" [stack: 0x0000004b60a00000,0x0000004b60b00000] [id=13516]
  0x000001e260f35000 GCTaskThread "GC Thread#5" [stack: 0x0000004b60b00000,0x0000004b60c00000] [id=21840]
  0x000001e260e02800 GCTaskThread "GC Thread#6" [stack: 0x0000004b60c00000,0x0000004b60d00000] [id=21344]
  0x000001e260e05000 GCTaskThread "GC Thread#7" [stack: 0x0000004b60d00000,0x0000004b60e00000] [id=10220]
  0x000001e24053e800 ConcurrentGCThread "G1 Main Marker" [stack: 0x0000004b5ee00000,0x0000004b5ef00000] [id=2884]
  0x000001e240540800 ConcurrentGCThread "G1 Conc#0" [stack: 0x0000004b5ef00000,0x0000004b5f000000] [id=14588]
  0x000001e26109d000 ConcurrentGCThread "G1 Conc#1" [stack: 0x0000004b60f00000,0x0000004b61000000] [id=11788]
  0x000001e25e364800 ConcurrentGCThread "G1 Refine#0" [stack: 0x0000004b5f000000,0x0000004b5f100000] [id=22448]
  0x000001e25e367000 ConcurrentGCThread "G1 Young RemSet Sampling" [stack: 0x0000004b5f100000,0x0000004b5f200000] [id=19664]

Threads with active compile tasks:
C2 CompilerThread0    71349 14625       4       java.lang.Module::implIsExportedOrOpen (92 bytes)

VM state:not at safepoint (normal execution)

VM Mutex/Monitor currently owned by a thread: None

Heap address: 0x0000000080000000, size: 2048 MB, Compressed Oops mode: 32-bit
Narrow klass base: 0x0000000000000000, Narrow klass shift: 3
Compressed class space size: 528482304 Address: 0x0000000100000000

Heap:
 garbage-first heap   total 129024K, used 101484K [0x0000000080000000, 0x0000000100000000)
  region size 1024K, 4 young (4096K), 2 survivors (2048K)
 Metaspace       used 102234K, capacity 105796K, committed 105892K, reserved 608256K
  class space    used 13598K, capacity 14948K, committed 14976K, reserved 516096K
Heap Regions: E=young(eden), S=young(survivor), O=old, HS=humongous(starts), HC=humongous(continues), CS=collection set, F=free, A=archive, TAMS=top-at-mark-start (previous, next)
|   0|0x0000000080000000, 0x0000000080100000, 0x0000000080100000|100%|HS|  |TAMS 0x0000000080100000, 0x0000000080000000| Complete 
|   1|0x0000000080100000, 0x0000000080200000, 0x0000000080200000|100%|HC|  |TAMS 0x0000000080200000, 0x0000000080100000| Complete 
|   2|0x0000000080200000, 0x0000000080300000, 0x0000000080300000|100%|HC|  |TAMS 0x0000000080300000, 0x0000000080200000| Complete 
|   3|0x0000000080300000, 0x0000000080400000, 0x0000000080400000|100%|HC|  |TAMS 0x0000000080400000, 0x0000000080300000| Complete 
|   4|0x0000000080400000, 0x0000000080500000, 0x0000000080500000|100%| O|  |TAMS 0x0000000080500000, 0x0000000080400000| Untracked 
|   5|0x0000000080500000, 0x0000000080600000, 0x0000000080600000|100%| O|  |TAMS 0x0000000080600000, 0x0000000080500000| Untracked 
|   6|0x0000000080600000, 0x0000000080700000, 0x0000000080700000|100%| O|  |TAMS 0x0000000080700000, 0x0000000080600000| Untracked 
|   7|0x0000000080700000, 0x0000000080800000, 0x0000000080800000|100%| O|  |TAMS 0x0000000080800000, 0x0000000080700000| Untracked 
|   8|0x0000000080800000, 0x0000000080900000, 0x0000000080900000|100%| O|  |TAMS 0x0000000080900000, 0x0000000080800000| Untracked 
|   9|0x0000000080900000, 0x0000000080a00000, 0x0000000080a00000|100%| O|  |TAMS 0x0000000080a00000, 0x0000000080900000| Untracked 
|  10|0x0000000080a00000, 0x0000000080b00000, 0x0000000080b00000|100%| O|  |TAMS 0x0000000080b00000, 0x0000000080a00000| Untracked 
|  11|0x0000000080b00000, 0x0000000080c00000, 0x0000000080c00000|100%| O|  |TAMS 0x0000000080c00000, 0x0000000080b00000| Untracked 
|  12|0x0000000080c00000, 0x0000000080d00000, 0x0000000080d00000|100%| O|  |TAMS 0x0000000080d00000, 0x0000000080c00000| Untracked 
|  13|0x0000000080d00000, 0x0000000080e00000, 0x0000000080e00000|100%| O|  |TAMS 0x0000000080e00000, 0x0000000080d00000| Untracked 
|  14|0x0000000080e00000, 0x0000000080f00000, 0x0000000080f00000|100%| O|  |TAMS 0x0000000080f00000, 0x0000000080e00000| Untracked 
|  15|0x0000000080f00000, 0x0000000081000000, 0x0000000081000000|100%| O|  |TAMS 0x0000000081000000, 0x0000000080f00000| Untracked 
|  16|0x0000000081000000, 0x0000000081100000, 0x0000000081100000|100%| O|  |TAMS 0x0000000081100000, 0x0000000081000000| Untracked 
|  17|0x0000000081100000, 0x0000000081200000, 0x0000000081200000|100%| O|  |TAMS 0x0000000081200000, 0x0000000081100000| Untracked 
|  18|0x0000000081200000, 0x0000000081300000, 0x0000000081300000|100%| O|  |TAMS 0x0000000081300000, 0x0000000081200000| Untracked 
|  19|0x0000000081300000, 0x0000000081400000, 0x0000000081400000|100%| O|  |TAMS 0x0000000081400000, 0x0000000081300000| Untracked 
|  20|0x0000000081400000, 0x0000000081500000, 0x0000000081500000|100%| O|  |TAMS 0x0000000081500000, 0x0000000081400000| Untracked 
|  21|0x0000000081500000, 0x0000000081600000, 0x0000000081600000|100%| O|  |TAMS 0x0000000081600000, 0x0000000081500000| Untracked 
|  22|0x0000000081600000, 0x0000000081700000, 0x0000000081700000|100%| O|  |TAMS 0x0000000081700000, 0x0000000081600000| Untracked 
|  23|0x0000000081700000, 0x0000000081800000, 0x0000000081800000|100%| O|  |TAMS 0x0000000081800000, 0x0000000081700000| Untracked 
|  24|0x0000000081800000, 0x0000000081900000, 0x0000000081900000|100%| O|  |TAMS 0x0000000081900000, 0x0000000081800000| Untracked 
|  25|0x0000000081900000, 0x0000000081a00000, 0x0000000081a00000|100%| O|  |TAMS 0x0000000081a00000, 0x0000000081900000| Untracked 
|  26|0x0000000081a00000, 0x0000000081b00000, 0x0000000081b00000|100%| O|  |TAMS 0x0000000081b00000, 0x0000000081a00000| Untracked 
|  27|0x0000000081b00000, 0x0000000081c00000, 0x0000000081c00000|100%| O|  |TAMS 0x0000000081c00000, 0x0000000081b00000| Untracked 
|  28|0x0000000081c00000, 0x0000000081d00000, 0x0000000081d00000|100%| O|  |TAMS 0x0000000081d00000, 0x0000000081c00000| Untracked 
|  29|0x0000000081d00000, 0x0000000081e00000, 0x0000000081e00000|100%| O|  |TAMS 0x0000000081e00000, 0x0000000081d00000| Untracked 
|  30|0x0000000081e00000, 0x0000000081f00000, 0x0000000081f00000|100%| O|  |TAMS 0x0000000081f00000, 0x0000000081e00000| Untracked 
|  31|0x0000000081f00000, 0x0000000082000000, 0x0000000082000000|100%| O|  |TAMS 0x0000000082000000, 0x0000000081f00000| Untracked 
|  32|0x0000000082000000, 0x00000000820ffff8, 0x0000000082100000| 99%| O|  |TAMS 0x00000000820ffff8, 0x0000000082000000| Untracked 
|  33|0x0000000082100000, 0x0000000082200000, 0x0000000082200000|100%|HS|  |TAMS 0x0000000082200000, 0x0000000082100000| Complete 
|  34|0x0000000082200000, 0x0000000082300000, 0x0000000082300000|100%|HC|  |TAMS 0x0000000082300000, 0x0000000082200000| Complete 
|  35|0x0000000082300000, 0x0000000082400000, 0x0000000082400000|100%|HS|  |TAMS 0x0000000082400000, 0x0000000082300000| Complete 
|  36|0x0000000082400000, 0x0000000082500000, 0x0000000082500000|100%|HC|  |TAMS 0x0000000082500000, 0x0000000082400000| Complete 
|  37|0x0000000082500000, 0x0000000082600000, 0x0000000082600000|100%|HC|  |TAMS 0x0000000082600000, 0x0000000082500000| Complete 
|  38|0x0000000082600000, 0x0000000082700000, 0x0000000082700000|100%|HC|  |TAMS 0x0000000082700000, 0x0000000082600000| Complete 
|  39|0x0000000082700000, 0x0000000082800000, 0x0000000082800000|100%| O|  |TAMS 0x0000000082800000, 0x0000000082700000| Untracked 
|  40|0x0000000082800000, 0x0000000082900000, 0x0000000082900000|100%| O|  |TAMS 0x0000000082900000, 0x0000000082800000| Untracked 
|  41|0x0000000082900000, 0x0000000082a00000, 0x0000000082a00000|100%| O|  |TAMS 0x0000000082a00000, 0x0000000082900000| Untracked 
|  42|0x0000000082a00000, 0x0000000082b00000, 0x0000000082b00000|100%| O|  |TAMS 0x0000000082b00000, 0x0000000082a00000| Untracked 
|  43|0x0000000082b00000, 0x0000000082c00000, 0x0000000082c00000|100%| O|  |TAMS 0x0000000082c00000, 0x0000000082b00000| Untracked 
|  44|0x0000000082c00000, 0x0000000082d00000, 0x0000000082d00000|100%| O|  |TAMS 0x0000000082d00000, 0x0000000082c00000| Untracked 
|  45|0x0000000082d00000, 0x0000000082e00000, 0x0000000082e00000|100%| O|  |TAMS 0x0000000082e00000, 0x0000000082d00000| Untracked 
|  46|0x0000000082e00000, 0x0000000082f00000, 0x0000000082f00000|100%| O|  |TAMS 0x0000000082f00000, 0x0000000082e00000| Untracked 
|  47|0x0000000082f00000, 0x0000000083000000, 0x0000000083000000|100%| O|  |TAMS 0x0000000083000000, 0x0000000082f00000| Untracked 
|  48|0x0000000083000000, 0x0000000083100000, 0x0000000083100000|100%| O|  |TAMS 0x0000000083100000, 0x0000000083000000| Untracked 
|  49|0x0000000083100000, 0x0000000083200000, 0x0000000083200000|100%| O|  |TAMS 0x0000000083200000, 0x0000000083100000| Untracked 
|  50|0x0000000083200000, 0x0000000083300000, 0x0000000083300000|100%| O|  |TAMS 0x0000000083300000, 0x0000000083200000| Untracked 
|  51|0x0000000083300000, 0x0000000083400000, 0x0000000083400000|100%| O|  |TAMS 0x0000000083400000, 0x0000000083300000| Untracked 
|  52|0x0000000083400000, 0x0000000083500000, 0x0000000083500000|100%| O|  |TAMS 0x0000000083500000, 0x0000000083400000| Untracked 
|  53|0x0000000083500000, 0x0000000083600000, 0x0000000083600000|100%| O|  |TAMS 0x0000000083513000, 0x0000000083500000| Untracked 
|  54|0x0000000083600000, 0x0000000083700000, 0x0000000083700000|100%| O|  |TAMS 0x0000000083600000, 0x0000000083600000| Untracked 
|  55|0x0000000083700000, 0x0000000083800000, 0x0000000083800000|100%| O|  |TAMS 0x0000000083800000, 0x0000000083700000| Untracked 
|  56|0x0000000083800000, 0x0000000083900000, 0x0000000083900000|100%|HS|  |TAMS 0x0000000083900000, 0x0000000083800000| Complete 
|  57|0x0000000083900000, 0x0000000083a00000, 0x0000000083a00000|100%| O|  |TAMS 0x0000000083a00000, 0x0000000083900000| Untracked 
|  58|0x0000000083a00000, 0x0000000083b00000, 0x0000000083b00000|100%| O|  |TAMS 0x0000000083b00000, 0x0000000083a00000| Untracked 
|  59|0x0000000083b00000, 0x0000000083c00000, 0x0000000083c00000|100%| O|  |TAMS 0x0000000083c00000, 0x0000000083b00000| Untracked 
|  60|0x0000000083c00000, 0x0000000083d00000, 0x0000000083d00000|100%| O|  |TAMS 0x0000000083d00000, 0x0000000083c00000| Untracked 
|  61|0x0000000083d00000, 0x0000000083e00000, 0x0000000083e00000|100%|HS|  |TAMS 0x0000000083e00000, 0x0000000083d00000| Complete 
|  62|0x0000000083e00000, 0x0000000083f00000, 0x0000000083f00000|100%| O|  |TAMS 0x0000000083f00000, 0x0000000083e00000| Untracked 
|  63|0x0000000083f00000, 0x0000000084000000, 0x0000000084000000|100%| O|  |TAMS 0x0000000084000000, 0x0000000083f00000| Untracked 
|  64|0x0000000084000000, 0x0000000084100000, 0x0000000084100000|100%| O|  |TAMS 0x0000000084100000, 0x0000000084000000| Untracked 
|  65|0x0000000084100000, 0x0000000084200000, 0x0000000084200000|100%| O|  |TAMS 0x0000000084200000, 0x0000000084100000| Untracked 
|  66|0x0000000084200000, 0x0000000084300000, 0x0000000084300000|100%| O|  |TAMS 0x0000000084300000, 0x0000000084200000| Untracked 
|  67|0x0000000084300000, 0x0000000084400000, 0x0000000084400000|100%| O|  |TAMS 0x0000000084300000, 0x0000000084300000| Untracked 
|  68|0x0000000084400000, 0x0000000084500000, 0x0000000084500000|100%| O|  |TAMS 0x0000000084500000, 0x0000000084400000| Untracked 
|  69|0x0000000084500000, 0x0000000084600000, 0x0000000084600000|100%| O|  |TAMS 0x0000000084600000, 0x0000000084500000| Untracked 
|  70|0x0000000084600000, 0x0000000084700000, 0x0000000084700000|100%| O|  |TAMS 0x0000000084700000, 0x0000000084600000| Untracked 
|  71|0x0000000084700000, 0x0000000084800000, 0x0000000084800000|100%| O|  |TAMS 0x0000000084800000, 0x0000000084700000| Untracked 
|  72|0x0000000084800000, 0x0000000084900000, 0x0000000084900000|100%| O|  |TAMS 0x0000000084900000, 0x0000000084800000| Untracked 
|  73|0x0000000084900000, 0x0000000084a00000, 0x0000000084a00000|100%| O|  |TAMS 0x0000000084a00000, 0x0000000084900000| Untracked 
|  74|0x0000000084a00000, 0x0000000084b00000, 0x0000000084b00000|100%| O|  |TAMS 0x0000000084b00000, 0x0000000084a00000| Untracked 
|  75|0x0000000084b00000, 0x0000000084c00000, 0x0000000084c00000|100%| O|  |TAMS 0x0000000084c00000, 0x0000000084b00000| Untracked 
|  76|0x0000000084c00000, 0x0000000084d00000, 0x0000000084d00000|100%| O|  |TAMS 0x0000000084d00000, 0x0000000084c00000| Untracked 
|  77|0x0000000084d00000, 0x0000000084e00000, 0x0000000084e00000|100%| O|  |TAMS 0x0000000084e00000, 0x0000000084d00000| Untracked 
|  78|0x0000000084e00000, 0x0000000084f00000, 0x0000000084f00000|100%| O|  |TAMS 0x0000000084f00000, 0x0000000084e00000| Untracked 
|  79|0x0000000084f00000, 0x0000000085000000, 0x0000000085000000|100%| O|  |TAMS 0x0000000085000000, 0x0000000084f00000| Untracked 
|  80|0x0000000085000000, 0x0000000085100000, 0x0000000085100000|100%| O|  |TAMS 0x0000000085100000, 0x0000000085000000| Untracked 
|  81|0x0000000085100000, 0x0000000085200000, 0x0000000085200000|100%| O|  |TAMS 0x0000000085200000, 0x0000000085100000| Untracked 
|  82|0x0000000085200000, 0x0000000085300000, 0x0000000085300000|100%| O|  |TAMS 0x0000000085200000, 0x0000000085200000| Untracked 
|  83|0x0000000085300000, 0x0000000085400000, 0x0000000085400000|100%| O|  |TAMS 0x0000000085400000, 0x0000000085300000| Untracked 
|  84|0x0000000085400000, 0x0000000085500000, 0x0000000085500000|100%| O|  |TAMS 0x0000000085400000, 0x0000000085400000| Untracked 
|  85|0x0000000085500000, 0x0000000085600000, 0x0000000085600000|100%| O|  |TAMS 0x0000000085600000, 0x0000000085500000| Untracked 
|  86|0x0000000085600000, 0x0000000085700000, 0x0000000085700000|100%| O|  |TAMS 0x0000000085700000, 0x0000000085600000| Untracked 
|  87|0x0000000085700000, 0x0000000085800000, 0x0000000085800000|100%| O|  |TAMS 0x0000000085800000, 0x0000000085700000| Untracked 
|  88|0x0000000085800000, 0x0000000085900000, 0x0000000085900000|100%| O|  |TAMS 0x0000000085900000, 0x0000000085800000| Untracked 
|  89|0x0000000085900000, 0x0000000085a00000, 0x0000000085a00000|100%| O|  |TAMS 0x0000000085a00000, 0x0000000085900000| Untracked 
|  90|0x0000000085a00000, 0x0000000085b00000, 0x0000000085b00000|100%| O|  |TAMS 0x0000000085a00000, 0x0000000085a00000| Untracked 
|  91|0x0000000085b00000, 0x0000000085c00000, 0x0000000085c00000|100%| O|  |TAMS 0x0000000085b00000, 0x0000000085b00000| Untracked 
|  92|0x0000000085c00000, 0x0000000085d00000, 0x0000000085d00000|100%| O|  |TAMS 0x0000000085c00000, 0x0000000085c00000| Untracked 
|  93|0x0000000085d00000, 0x0000000085e00000, 0x0000000085e00000|100%| O|  |TAMS 0x0000000085d00000, 0x0000000085d00000| Untracked 
|  94|0x0000000085e00000, 0x0000000085e10a00, 0x0000000085f00000|  6%| O|  |TAMS 0x0000000085e00000, 0x0000000085e00000| Untracked 
|  95|0x0000000085f00000, 0x0000000086000000, 0x0000000086000000|100%| O|  |TAMS 0x0000000086000000, 0x0000000085f00000| Untracked 
|  96|0x0000000086000000, 0x0000000086000000, 0x0000000086100000|  0%| F|  |TAMS 0x0000000086000000, 0x0000000086000000| Untracked 
|  97|0x0000000086100000, 0x0000000086200000, 0x0000000086200000|100%| O|  |TAMS 0x0000000086200000, 0x0000000086100000| Untracked 
|  98|0x0000000086200000, 0x0000000086300000, 0x0000000086300000|100%| O|  |TAMS 0x0000000086300000, 0x0000000086200000| Untracked 
|  99|0x0000000086300000, 0x0000000086300000, 0x0000000086400000|  0%| F|  |TAMS 0x0000000086300000, 0x0000000086300000| Untracked 
| 100|0x0000000086400000, 0x0000000086400000, 0x0000000086500000|  0%| F|  |TAMS 0x0000000086400000, 0x0000000086400000| Untracked 
| 101|0x0000000086500000, 0x0000000086500000, 0x0000000086600000|  0%| F|  |TAMS 0x0000000086500000, 0x0000000086500000| Untracked 
| 102|0x0000000086600000, 0x0000000086600000, 0x0000000086700000|  0%| F|  |TAMS 0x0000000086600000, 0x0000000086600000| Untracked 
| 103|0x0000000086700000, 0x0000000086700000, 0x0000000086800000|  0%| F|  |TAMS 0x0000000086700000, 0x0000000086700000| Untracked 
| 104|0x0000000086800000, 0x0000000086800000, 0x0000000086900000|  0%| F|  |TAMS 0x0000000086800000, 0x0000000086800000| Untracked 
| 105|0x0000000086900000, 0x0000000086900000, 0x0000000086a00000|  0%| F|  |TAMS 0x0000000086900000, 0x0000000086900000| Untracked 
| 106|0x0000000086a00000, 0x0000000086a00000, 0x0000000086b00000|  0%| F|  |TAMS 0x0000000086a00000, 0x0000000086a00000| Untracked 
| 107|0x0000000086b00000, 0x0000000086b00000, 0x0000000086c00000|  0%| F|  |TAMS 0x0000000086b00000, 0x0000000086b00000| Untracked 
| 108|0x0000000086c00000, 0x0000000086c00000, 0x0000000086d00000|  0%| F|  |TAMS 0x0000000086c00000, 0x0000000086c00000| Untracked 
| 109|0x0000000086d00000, 0x0000000086d00000, 0x0000000086e00000|  0%| F|  |TAMS 0x0000000086d00000, 0x0000000086d00000| Untracked 
| 110|0x0000000086e00000, 0x0000000086e00000, 0x0000000086f00000|  0%| F|  |TAMS 0x0000000086e00000, 0x0000000086e00000| Untracked 
| 111|0x0000000086f00000, 0x0000000086f00000, 0x0000000087000000|  0%| F|  |TAMS 0x0000000086f00000, 0x0000000086f00000| Untracked 
| 112|0x0000000087000000, 0x0000000087000000, 0x0000000087100000|  0%| F|  |TAMS 0x0000000087000000, 0x0000000087000000| Untracked 
| 113|0x0000000087100000, 0x0000000087100000, 0x0000000087200000|  0%| F|  |TAMS 0x0000000087100000, 0x0000000087100000| Untracked 
| 114|0x0000000087200000, 0x000000008720a7d0, 0x0000000087300000|  4%| S|CS|TAMS 0x0000000087200000, 0x0000000087200000| Complete 
| 115|0x0000000087300000, 0x0000000087400000, 0x0000000087400000|100%| S|CS|TAMS 0x0000000087300000, 0x0000000087300000| Complete 
| 116|0x0000000087400000, 0x0000000087400000, 0x0000000087500000|  0%| F|  |TAMS 0x0000000087400000, 0x0000000087400000| Untracked 
| 117|0x0000000087500000, 0x0000000087500000, 0x0000000087600000|  0%| F|  |TAMS 0x0000000087500000, 0x0000000087500000| Untracked 
| 118|0x0000000087600000, 0x0000000087600000, 0x0000000087700000|  0%| F|  |TAMS 0x0000000087600000, 0x0000000087600000| Untracked 
| 119|0x0000000087700000, 0x0000000087700000, 0x0000000087800000|  0%| F|  |TAMS 0x0000000087700000, 0x0000000087700000| Untracked 
| 120|0x0000000087800000, 0x0000000087800000, 0x0000000087900000|  0%| F|  |TAMS 0x0000000087800000, 0x0000000087800000| Untracked 
| 121|0x0000000087900000, 0x0000000087900000, 0x0000000087a00000|  0%| F|  |TAMS 0x0000000087900000, 0x0000000087900000| Untracked 
| 122|0x0000000087a00000, 0x0000000087a00000, 0x0000000087b00000|  0%| F|  |TAMS 0x0000000087a00000, 0x0000000087a00000| Untracked 
| 123|0x0000000087b00000, 0x0000000087b00000, 0x0000000087c00000|  0%| F|  |TAMS 0x0000000087b00000, 0x0000000087b00000| Untracked 
| 124|0x0000000087c00000, 0x0000000087c22d10, 0x0000000087d00000| 13%| E|  |TAMS 0x0000000087c00000, 0x0000000087c00000| Complete 
| 125|0x0000000087d00000, 0x0000000087e00000, 0x0000000087e00000|100%| E|CS|TAMS 0x0000000087d00000, 0x0000000087d00000| Complete 

Card table byte_map: [0x000001e2572d0000,0x000001e2576d0000] _byte_map_base: 0x000001e256ed0000

Marking Bits (Prev, Next): (CMBitMap*) 0x000001e2405358e8, (CMBitMap*) 0x000001e240535920
 Prev Bits: [0x000001e257ad0000, 0x000001e259ad0000)
 Next Bits: [0x000001e259ad0000, 0x000001e25bad0000)

Polling page: 0x000001e23e4b0000

Metaspace:

Usage:
  Non-class:     88.72 MB capacity,    86.57 MB ( 98%) used,     1.80 MB (  2%) free+waste,   358.44 KB ( <1%) overhead. 
      Class:     14.63 MB capacity,    13.28 MB ( 91%) used,     1.18 MB (  8%) free+waste,   169.69 KB (  1%) overhead. 
       Both:    103.35 MB capacity,    99.85 MB ( 97%) used,     2.98 MB (  3%) free+waste,   528.13 KB ( <1%) overhead. 

Virtual space:
  Non-class space:       90.00 MB reserved,      88.79 MB ( 99%) committed 
      Class space:      504.00 MB reserved,      14.75 MB (  3%) committed 
             Both:      594.00 MB reserved,     103.54 MB ( 17%) committed 

Chunk freelists:
   Non-Class:  512 bytes
       Class:  3.50 KB
        Both:  4.00 KB

CodeHeap 'non-profiled nmethods': size=120000Kb used=7334Kb max_used=7334Kb free=112666Kb
 bounds [0x000001e24f670000, 0x000001e24fda0000, 0x000001e256ba0000]
CodeHeap 'profiled nmethods': size=120000Kb used=29760Kb max_used=29760Kb free=90239Kb
 bounds [0x000001e248140000, 0x000001e249e60000, 0x000001e24f670000]
CodeHeap 'non-nmethods': size=5760Kb used=2321Kb max_used=2391Kb free=3439Kb
 bounds [0x000001e247ba0000, 0x000001e247e10000, 0x000001e248140000]
 total_blobs=15186 nmethods=14249 adapters=848
 compilation: enabled
              stopped_count=0, restarted_count=0
 full_count=0

Compilation events (10 events):
Event: 70.140 Thread 0x000001e25e52c800 14639       3       org.gradle.api.internal.attributes.DefaultCompatibilityRuleChain::<init> (22 bytes)
Event: 70.140 Thread 0x000001e25e52c800 nmethod 14639 0x000001e249e21990 code [0x000001e249e21b60, 0x000001e249e22078]
Event: 70.140 Thread 0x000001e25e52c800 14640       3       org.gradle.api.internal.attributes.DefaultCompatibilityRuleChain_Decorated::$gradleInit (15 bytes)
Event: 70.141 Thread 0x000001e25e52c800 nmethod 14640 0x000001e249e22210 code [0x000001e249e22400, 0x000001e249e22a18]
Event: 70.142 Thread 0x000001e25e52c800 14641       3       org.gradle.api.internal.attributes.DefaultAttributeMatchingStrategy_Decorated::getDisambiguationRules (39 bytes)
Event: 70.143 Thread 0x000001e25e52c800 nmethod 14641 0x000001e249e22b90 code [0x000001e249e22da0, 0x000001e249e234c8]
Event: 70.144 Thread 0x000001e25e52c800 14643       3       java.lang.Character::isJavaIdentifierPart (5 bytes)
Event: 70.144 Thread 0x000001e25e52c800 nmethod 14643 0x000001e249e23710 code [0x000001e249e238c0, 0x000001e249e23af8]
Event: 70.798 Thread 0x000001e25e52c800 14646       3       java.util.concurrent.ThreadPoolExecutor::isShutdown (12 bytes)
Event: 70.798 Thread 0x000001e25e52c800 nmethod 14646 0x000001e249e23c10 code [0x000001e249e23dc0, 0x000001e249e23f98]

GC Heap History (10 events):
Event: 64.351 GC heap before
{Heap before GC invocations=58 (full 0):
 garbage-first heap   total 129024K, used 107288K [0x0000000080000000, 0x0000000100000000)
  region size 1024K, 15 young (15360K), 1 survivors (1024K)
 Metaspace       used 101713K, capacity 105168K, committed 105380K, reserved 608256K
  class space    used 13563K, capacity 14905K, committed 14976K, reserved 516096K
}
Event: 64.358 GC heap after
{Heap after GC invocations=59 (full 0):
 garbage-first heap   total 129024K, used 95307K [0x0000000080000000, 0x0000000100000000)
  region size 1024K, 2 young (2048K), 2 survivors (2048K)
 Metaspace       used 101713K, capacity 105168K, committed 105380K, reserved 608256K
  class space    used 13563K, capacity 14905K, committed 14976K, reserved 516096K
}
Event: 64.910 GC heap before
{Heap before GC invocations=60 (full 0):
 garbage-first heap   total 129024K, used 107595K [0x0000000080000000, 0x0000000100000000)
  region size 1024K, 15 young (15360K), 2 survivors (2048K)
 Metaspace       used 101736K, capacity 105174K, committed 105380K, reserved 608256K
  class space    used 13564K, capacity 14906K, committed 14976K, reserved 516096K
}
Event: 64.920 GC heap after
{Heap after GC invocations=61 (full 0):
 garbage-first heap   total 129024K, used 97109K [0x0000000080000000, 0x0000000100000000)
  region size 1024K, 2 young (2048K), 2 survivors (2048K)
 Metaspace       used 101736K, capacity 105174K, committed 105380K, reserved 608256K
  class space    used 13564K, capacity 14906K, committed 14976K, reserved 516096K
}
Event: 65.020 GC heap before
{Heap before GC invocations=61 (full 0):
 garbage-first heap   total 129024K, used 101205K [0x0000000080000000, 0x0000000100000000)
  region size 1024K, 6 young (6144K), 2 survivors (2048K)
 Metaspace       used 101744K, capacity 105174K, committed 105380K, reserved 608256K
  class space    used 13564K, capacity 14906K, committed 14976K, reserved 516096K
}
Event: 65.027 GC heap after
{Heap after GC invocations=62 (full 0):
 garbage-first heap   total 129024K, used 96478K [0x0000000080000000, 0x0000000100000000)
  region size 1024K, 1 young (1024K), 1 survivors (1024K)
 Metaspace       used 101744K, capacity 105174K, committed 105380K, reserved 608256K
  class space    used 13564K, capacity 14906K, committed 14976K, reserved 516096K
}
Event: 65.459 GC heap before
{Heap before GC invocations=62 (full 0):
 garbage-first heap   total 129024K, used 108766K [0x0000000080000000, 0x0000000100000000)
  region size 1024K, 13 young (13312K), 1 survivors (1024K)
 Metaspace       used 101883K, capacity 105359K, committed 105636K, reserved 608256K
  class space    used 13569K, capacity 14916K, committed 14976K, reserved 516096K
}
Event: 65.465 GC heap after
{Heap after GC invocations=63 (full 0):
 garbage-first heap   total 129024K, used 97645K [0x0000000080000000, 0x0000000100000000)
  region size 1024K, 2 young (2048K), 2 survivors (2048K)
 Metaspace       used 101883K, capacity 105359K, committed 105636K, reserved 608256K
  class space    used 13569K, capacity 14916K, committed 14976K, reserved 516096K
}
Event: 65.859 GC heap before
{Heap before GC invocations=63 (full 0):
 garbage-first heap   total 129024K, used 109933K [0x0000000080000000, 0x0000000100000000)
  region size 1024K, 14 young (14336K), 2 survivors (2048K)
 Metaspace       used 102028K, capacity 105523K, committed 105636K, reserved 608256K
  class space    used 13578K, capacity 14932K, committed 14976K, reserved 516096K
}
Event: 65.865 GC heap after
{Heap after GC invocations=64 (full 0):
 garbage-first heap   total 129024K, used 99465K [0x0000000080000000, 0x0000000100000000)
  region size 1024K, 2 young (2048K), 2 survivors (2048K)
 Metaspace       used 102028K, capacity 105523K, committed 105636K, reserved 608256K
  class space    used 13578K, capacity 14932K, committed 14976K, reserved 516096K
}

Deoptimization events (10 events):
Event: 65.339 Thread 0x000001e260e5e800 Uncommon trap: reason=array_check action=maybe_recompile pc=0x000001e24fd6a734 method=com.google.common.collect.RegularImmutableMap.fromEntryArrayCheckingBucketOverflow(I[Ljava/util/Map$Entry;Z)Lcom/google/common/collect/ImmutableMap; @ 216 c2
Event: 65.847 Thread 0x000001e260e5e800 Uncommon trap: reason=bimorphic_or_optimized_type_check action=maybe_recompile pc=0x000001e24fd0a108 method=com.google.common.cache.LocalCache$Segment.getEntry(Ljava/lang/Object;I)Lcom/google/common/cache/ReferenceEntry; @ 11 c2
Event: 65.847 Thread 0x000001e260e5e800 Uncommon trap: reason=class_check action=maybe_recompile pc=0x000001e24fcb85f4 method=java.io.ObjectOutputStream.writeNonProxyDesc(Ljava/io/ObjectStreamClass;Z)V @ 44 c2
Event: 65.849 Thread 0x000001e260e5e800 Uncommon trap: reason=class_check action=maybe_recompile pc=0x000001e24fcb85f4 method=java.io.ObjectOutputStream.writeNonProxyDesc(Ljava/io/ObjectStreamClass;Z)V @ 44 c2
Event: 65.849 Thread 0x000001e260e5e800 Uncommon trap: reason=class_check action=maybe_recompile pc=0x000001e24fcb85f4 method=java.io.ObjectOutputStream.writeNonProxyDesc(Ljava/io/ObjectStreamClass;Z)V @ 44 c2
Event: 65.849 Thread 0x000001e260e5e800 Uncommon trap: reason=class_check action=maybe_recompile pc=0x000001e24fcb85f4 method=java.io.ObjectOutputStream.writeNonProxyDesc(Ljava/io/ObjectStreamClass;Z)V @ 44 c2
Event: 65.850 Thread 0x000001e260e5e800 Uncommon trap: reason=bimorphic_or_optimized_type_check action=maybe_recompile pc=0x000001e24fd0a108 method=com.google.common.cache.LocalCache$Segment.getEntry(Ljava/lang/Object;I)Lcom/google/common/cache/ReferenceEntry; @ 11 c2
Event: 65.850 Thread 0x000001e260e5e800 Uncommon trap: reason=bimorphic_or_optimized_type_check action=maybe_recompile pc=0x000001e24fd0a108 method=com.google.common.cache.LocalCache$Segment.getEntry(Ljava/lang/Object;I)Lcom/google/common/cache/ReferenceEntry; @ 11 c2
Event: 65.866 Thread 0x000001e260e5e800 Uncommon trap: reason=class_check action=maybe_recompile pc=0x000001e24fd73fd4 method=java.io.ObjectOutputStream.writeObject0(Ljava/lang/Object;Z)V @ 482 c2
Event: 66.075 Thread 0x000001e264d1f800 Uncommon trap: reason=unstable_if action=reinterpret pc=0x000001e24fb533ac method=com.esotericsoftware.kryo.io.Input.require(I)I @ 180 c2

Classes redefined (0 events):
No events

Internal exceptions (10 events):
Event: 53.126 Thread 0x000001e260e5e800 Exception <a 'java/lang/ClassNotFoundException'{0x0000000086fe2b20}: java/util/AbstractSetBeanInfo> (0x0000000086fe2b20) thrown at [./open/src/hotspot/share/classfile/systemDictionary.cpp, line 226]
Event: 53.126 Thread 0x000001e260e5e800 Exception <a 'java/lang/ClassNotFoundException'{0x0000000086febf70}: java/util/AbstractSetCustomizer> (0x0000000086febf70) thrown at [./open/src/hotspot/share/classfile/systemDictionary.cpp, line 226]
Event: 53.127 Thread 0x000001e260e5e800 Exception <a 'java/lang/ClassNotFoundException'{0x0000000086ff9460}: java/util/TreeSetCustomizer> (0x0000000086ff9460) thrown at [./open/src/hotspot/share/classfile/systemDictionary.cpp, line 226]
Event: 59.593 Thread 0x000001e260e5e800 Implicit null exception at 0x000001e24f9c0a6c to 0x000001e24f9c123b
Event: 59.771 Thread 0x000001e263e3b000 Exception <a 'sun/nio/fs/WindowsException'{0x000000008753e2c0}> (0x000000008753e2c0) thrown at [./open/src/hotspot/share/prims/jni.cpp, line 611]
Event: 59.771 Thread 0x000001e263e3b000 Exception <a 'sun/nio/fs/WindowsException'{0x0000000087540398}> (0x0000000087540398) thrown at [./open/src/hotspot/share/prims/jni.cpp, line 611]
Event: 59.771 Thread 0x000001e263e3b000 Exception <a 'sun/nio/fs/WindowsException'{0x0000000087542710}> (0x0000000087542710) thrown at [./open/src/hotspot/share/prims/jni.cpp, line 611]
Event: 59.771 Thread 0x000001e263e3b000 Exception <a 'sun/nio/fs/WindowsException'{0x0000000087544640}> (0x0000000087544640) thrown at [./open/src/hotspot/share/prims/jni.cpp, line 611]
Event: 59.939 Thread 0x000001e260e5e800 Exception <a 'sun/nio/fs/WindowsException'{0x0000000087a072e8}> (0x0000000087a072e8) thrown at [./open/src/hotspot/share/prims/jni.cpp, line 611]
Event: 64.292 Thread 0x000001e260e5e800 Exception <a 'java/lang/NoClassDefFoundError'{0x0000000087182830}: org/jetbrains/kotlin/gradle/plugin/KotlinBasePluginWrapper> (0x0000000087182830) thrown at [./open/src/hotspot/share/oops/constantPool.cpp, line 770]

Events (10 events):
Event: 66.077 Thread 0x000001e264d1f800 Thread exited: 0x000001e264d1f800
Event: 70.083 Thread 0x000001e264d22000 Thread added: 0x000001e264d22000
Event: 70.088 Thread 0x000001e264d1e800 Thread added: 0x000001e264d1e800
Event: 70.099 Thread 0x000001e264d21000 Thread added: 0x000001e264d21000
Event: 70.100 Thread 0x000001e264d22800 Thread added: 0x000001e264d22800
Event: 70.100 Thread 0x000001e264d1d000 Thread added: 0x000001e264d1d000
Event: 70.120 Thread 0x000001e264d23800 Thread added: 0x000001e264d23800
Event: 70.124 Thread 0x000001e264d1e000 Thread added: 0x000001e264d1e000
Event: 70.127 Thread 0x000001e264d24800 Thread added: 0x000001e264d24800
Event: 70.132 Thread 0x000001e264d25000 Thread added: 0x000001e264d25000


Dynamic libraries:
0x00007ff715a40000 - 0x00007ff715a4f000 	C:\Program Files\Java\jdk-11.0.16\bin\java.exe
0x00007fff063e0000 - 0x00007fff06608000 	C:\WINDOWS\SYSTEM32\ntdll.dll
0x00007fff054c0000 - 0x00007fff05582000 	C:\WINDOWS\System32\KERNEL32.DLL
0x00007fff03d40000 - 0x00007fff0408f000 	C:\WINDOWS\System32\KERNELBASE.dll
0x00007fff03c30000 - 0x00007fff03d40000 	C:\WINDOWS\System32\ucrtbase.dll
0x00007ffef0c00000 - 0x00007ffef0c15000 	C:\Program Files\Java\jdk-11.0.16\bin\VCRUNTIME140.dll
0x00007ffef14c0000 - 0x00007ffef14d8000 	C:\Program Files\Java\jdk-11.0.16\bin\jli.dll
0x00007fff05070000 - 0x00007fff0511f000 	C:\WINDOWS\System32\ADVAPI32.dll
0x00007fff05720000 - 0x00007fff057c6000 	C:\WINDOWS\System32\msvcrt.dll
0x00007fff05360000 - 0x00007fff05403000 	C:\WINDOWS\System32\sechost.dll
0x00007fff04f40000 - 0x00007fff05067000 	C:\WINDOWS\System32\RPCRT4.dll
0x00007fff051b0000 - 0x00007fff05360000 	C:\WINDOWS\System32\USER32.dll
0x00007fff038e0000 - 0x00007fff03906000 	C:\WINDOWS\System32\win32u.dll
0x00007ffeeb0b0000 - 0x00007ffeeb33e000 	C:\WINDOWS\WinSxS\amd64_microsoft.windows.common-controls_6595b64144ccf1df_6.0.25393.1_none_16cac9dff076f9e7\COMCTL32.dll
0x00007fff05180000 - 0x00007fff051a9000 	C:\WINDOWS\System32\GDI32.dll
0x00007fff03b10000 - 0x00007fff03c2e000 	C:\WINDOWS\System32\gdi32full.dll
0x00007fff039d0000 - 0x00007fff03a74000 	C:\WINDOWS\System32\msvcp_win.dll
0x00007ffef3a50000 - 0x00007ffef3a5a000 	C:\WINDOWS\SYSTEM32\VERSION.dll
0x00007fff04430000 - 0x00007fff04460000 	C:\WINDOWS\System32\IMM32.DLL
0x00007ffec7ed0000 - 0x00007ffec7f6b000 	C:\Program Files\Java\jdk-11.0.16\bin\msvcp140.dll
0x00007ffe72490000 - 0x00007ffe72fa8000 	C:\Program Files\Java\jdk-11.0.16\bin\server\jvm.dll
0x00007fff05710000 - 0x00007fff05718000 	C:\WINDOWS\System32\PSAPI.DLL
0x00007ffeccda0000 - 0x00007ffeccda9000 	C:\WINDOWS\SYSTEM32\WSOCK32.dll
0x00007ffefbf20000 - 0x00007ffefbf55000 	C:\WINDOWS\SYSTEM32\WINMM.dll
0x00007fff058f0000 - 0x00007fff05963000 	C:\WINDOWS\System32\WS2_32.dll
0x00007fff028d0000 - 0x00007fff028e8000 	C:\WINDOWS\SYSTEM32\kernel.appcore.dll
0x00007ffeff900000 - 0x00007ffeff910000 	C:\Program Files\Java\jdk-11.0.16\bin\verify.dll
0x00007ffef52d0000 - 0x00007ffef5504000 	C:\WINDOWS\SYSTEM32\DBGHELP.DLL
0x00007fff06010000 - 0x00007fff06391000 	C:\WINDOWS\System32\combase.dll
0x00007fff04460000 - 0x00007fff04533000 	C:\WINDOWS\System32\OLEAUT32.dll
0x00007ffee9ed0000 - 0x00007ffee9f00000 	C:\WINDOWS\SYSTEM32\dbgcore.DLL
0x00007fff03a80000 - 0x00007fff03b03000 	C:\WINDOWS\System32\bcryptPrimitives.dll
0x00007ffec8010000 - 0x00007ffec8038000 	C:\Program Files\Java\jdk-11.0.16\bin\java.dll
0x00007ffefd6a0000 - 0x00007ffefd6aa000 	C:\Program Files\Java\jdk-11.0.16\bin\jimage.dll
0x00007ffeef2c0000 - 0x00007ffeef2d6000 	C:\Program Files\Java\jdk-11.0.16\bin\zip.dll
0x00007fff04720000 - 0x00007fff04eba000 	C:\WINDOWS\System32\SHELL32.dll
0x00007fff018e0000 - 0x00007fff020fb000 	C:\WINDOWS\SYSTEM32\windows.storage.dll
0x00007fff045a0000 - 0x00007fff04677000 	C:\WINDOWS\System32\SHCORE.dll
0x00007fff04540000 - 0x00007fff0459c000 	C:\WINDOWS\System32\shlwapi.dll
0x00007fff03810000 - 0x00007fff03831000 	C:\WINDOWS\SYSTEM32\profapi.dll
0x00007ffee9f60000 - 0x00007ffee9f79000 	C:\Program Files\Java\jdk-11.0.16\bin\net.dll
0x00007ffefcbb0000 - 0x00007ffefccd7000 	C:\WINDOWS\SYSTEM32\WINHTTP.dll
0x00007fff02cf0000 - 0x00007fff02d58000 	C:\WINDOWS\system32\mswsock.dll
0x00007ffed6800000 - 0x00007ffed6812000 	C:\Program Files\Java\jdk-11.0.16\bin\nio.dll
0x00007ffecf780000 - 0x00007ffecf7a7000 	C:\Users\anhph\.gradle\native\68d5fa5c4cc2d200863cafc0d521ce42e7d3e7ee720ec0a83991735586a16f82\windows-amd64\native-platform.dll
0x00007ffe86890000 - 0x00007ffe869d4000 	C:\Users\anhph\.gradle\native\e376f236ea51e6404a007f0833ffe2c6e607c4080706a723a18a27aeea778392\windows-amd64\native-platform-file-events.dll
0x00007ffefd680000 - 0x00007ffefd689000 	C:\Program Files\Java\jdk-11.0.16\bin\management.dll
0x00007ffefd5f0000 - 0x00007ffefd5fb000 	C:\Program Files\Java\jdk-11.0.16\bin\management_ext.dll
0x00007fff03050000 - 0x00007fff0306b000 	C:\WINDOWS\SYSTEM32\CRYPTSP.dll
0x00007fff02830000 - 0x00007fff02866000 	C:\WINDOWS\system32\rsaenh.dll
0x00007fff02db0000 - 0x00007fff02dd8000 	C:\WINDOWS\SYSTEM32\USERENV.dll
0x00007fff031b0000 - 0x00007fff031d7000 	C:\WINDOWS\SYSTEM32\bcrypt.dll
0x00007fff02f20000 - 0x00007fff02f2c000 	C:\WINDOWS\SYSTEM32\CRYPTBASE.dll
0x00007fff02350000 - 0x00007fff0237f000 	C:\WINDOWS\SYSTEM32\IPHLPAPI.DLL
0x00007fff04710000 - 0x00007fff04719000 	C:\WINDOWS\System32\NSI.dll
0x00007ffefc9a0000 - 0x00007ffefc9b9000 	C:\WINDOWS\SYSTEM32\dhcpcsvc6.DLL
0x00007ffefc930000 - 0x00007ffefc94e000 	C:\WINDOWS\SYSTEM32\dhcpcsvc.DLL
0x00007fff023c0000 - 0x00007fff024cc000 	C:\WINDOWS\SYSTEM32\DNSAPI.dll

dbghelp: loaded successfully - version: 4.0.5 - missing functions: none
symbol engine: initialized successfully - sym options: 0x614 - pdb path: .;C:\Program Files\Java\jdk-11.0.16\bin;C:\WINDOWS\SYSTEM32;C:\WINDOWS\WinSxS\amd64_microsoft.windows.common-controls_6595b64144ccf1df_6.0.25393.1_none_16cac9dff076f9e7;C:\Program Files\Java\jdk-11.0.16\bin\server;C:\Users\anhph\.gradle\native\68d5fa5c4cc2d200863cafc0d521ce42e7d3e7ee720ec0a83991735586a16f82\windows-amd64;C:\Users\anhph\.gradle\native\e376f236ea51e6404a007f0833ffe2c6e607c4080706a723a18a27aeea778392\windows-amd64

VM Arguments:
jvm_args: -XX:MaxMetaspaceSize=512m --add-opens=java.base/java.util=ALL-UNNAMED --add-opens=java.base/java.lang=ALL-UNNAMED --add-opens=java.base/java.lang.invoke=ALL-UNNAMED --add-opens=java.prefs/java.util.prefs=ALL-UNNAMED --add-opens=java.base/java.nio.charset=ALL-UNNAMED --add-opens=java.base/java.net=ALL-UNNAMED --add-opens=java.base/java.util.concurrent.atomic=ALL-UNNAMED -Xmx2048m -Dfile.encoding=utf8 -Duser.country=US -Duser.language=en -Duser.variant 
java_command: org.gradle.launcher.daemon.bootstrap.GradleDaemon 8.0.1
java_class_path (initial): C:\Users\anhph\.gradle\wrapper\dists\gradle-8.0.1-all\aro4hu1c3oeioove7l0i4i14o\gradle-8.0.1\lib\gradle-launcher-8.0.1.jar
Launcher Type: SUN_STANDARD

[Global flags]
     intx CICompilerCount                          = 4                                         {product} {ergonomic}
   size_t CompressedClassSpaceSize                 = 528482304                                 {product} {ergonomic}
     uint ConcGCThreads                            = 2                                         {product} {ergonomic}
     uint G1ConcRefinementThreads                  = 8                                         {product} {ergonomic}
   size_t G1HeapRegionSize                         = 1048576                                   {product} {ergonomic}
    uintx GCDrainStackTargetSize                   = 64                                        {product} {ergonomic}
   size_t InitialHeapSize                          = 132120576                                 {product} {ergonomic}
   size_t MarkStackSize                            = 4194304                                   {product} {ergonomic}
   size_t MaxHeapSize                              = 2147483648                                {product} {command line}
   size_t MaxMetaspaceSize                         = 536870912                                 {product} {command line}
   size_t MaxNewSize                               = 1287651328                                {product} {ergonomic}
   size_t MinHeapDeltaBytes                        = 1048576                                   {product} {ergonomic}
    uintx NonNMethodCodeHeapSize                   = 5836300                                {pd product} {ergonomic}
    uintx NonProfiledCodeHeapSize                  = 122910970                              {pd product} {ergonomic}
    uintx ProfiledCodeHeapSize                     = 122910970                              {pd product} {ergonomic}
    uintx ReservedCodeCacheSize                    = 251658240                              {pd product} {ergonomic}
     bool SegmentedCodeCache                       = true                                      {product} {ergonomic}
     bool UseCompressedClassPointers               = true                                 {lp64_product} {ergonomic}
     bool UseCompressedOops                        = true                                 {lp64_product} {ergonomic}
     bool UseG1GC                                  = true                                      {product} {ergonomic}
     bool UseLargePagesIndividualAllocation        = false                                  {pd product} {ergonomic}

Logging:
Log output configuration:
 #0: stdout all=warning uptime,level,tags
 #1: stderr all=off uptime,level,tags

Environment Variables:
PATH=C:\Program Files\Common Files\Oracle\Java\javapath;C:\Program Files (x86)\Common Files\Oracle\Java\javapath;C:\Program Files (x86)\VMware\VMware Workstation\bin\;C:\WINDOWS\system32;C:\WINDOWS;C:\WINDOWS\System32\Wbem;C:\WINDOWS\System32\WindowsPowerShell\v1.0\;C:\WINDOWS\System32\OpenSSH\;C:\Program Files\Git\cmd;C:\Program Files\nodejs\;C:\xampp\php;D:\Downloads(D)\INSTALL\Composer;C:\composer;C:\xampp\Composer;C:\Program Files\Azure Data Studio\bin;C:\Program Files\Microsoft SQL Server\Client SDK\ODBC\170\Tools\Binn\;C:\Program Files (x86)\Microsoft SQL Server\150\Tools\Binn\;C:\Program Files\Microsoft SQL Server\150\Tools\Binn\;C:\Program Files\Microsoft SQL Server\150\DTS\Binn\;C:\Program Files (x86)\Microsoft SQL Server\150\DTS\Binn\;C:\Users\anhph\AppData\Local\Microsoft\WindowsApps;D:\Visuo studio code\Microsoft VS Code\bin;C:\Users\anhph\AppData\Roaming\npm;C:\Users\anhph\AppData\Roaming\Composer\vendor\bin;C:\Program Files\Azure Data Studio\bin;C:\Users\anhph\AppData\Local\Android\Sdk\platform-tools;
USERNAME=anhph
OS=Windows_NT
PROCESSOR_IDENTIFIER=Intel64 Family 6 Model 142 Stepping 12, GenuineIntel



---------------  S Y S T E M  ---------------

OS: Windows 11 , 64 bit Build 25393 (10.0.25393.1)
Hyper-V role detected

CPU:total 8 (initial active 8) (4 cores per cpu, 2 threads per core) family 6 model 142 stepping 12 microcode 0xea, cmov, cx8, fxsr, mmx, sse, sse2, sse3, ssse3, sse4.1, sse4.2, popcnt, avx, avx2, aes, clmul, erms, 3dnowpref, lzcnt, ht, tsc, tscinvbit, bmi1, bmi2, adx, fma

Memory: 4k page, system-wide physical 8013M (246M free)
TotalPageFile size 17229M (AvailPageFile size 20M)
current process WorkingSet (physical memory assigned to process): 372M, peak: 411M
current process commit charge ("private bytes"): 416M, peak: 456M

vm_info: Java HotSpot(TM) 64-Bit Server VM (11.0.16+11-LTS-199) for windows-amd64 JRE (11.0.16+11-LTS-199), built on Jun 28 2022 08:23:17 by "mach5one" with MS VC++ 15.9 (VS2017)

END.
