#
# There is insufficient memory for the Java Runtime Environment to continue.
# Native memory allocation (malloc) failed to allocate 1130176 bytes for Chunk::new
# Possible reasons:
#   The system is out of physical RAM or swap space
#   The process is running with CompressedOops enabled, and the Java Heap may be blocking the growth of the native heap
# Possible solutions:
#   Reduce memory load on the system
#   Increase physical memory or swap space
#   Check if swap backing store is full
#   Decrease Java heap size (-Xmx/-Xms)
#   Decrease number of Java threads
#   Decrease Java thread stack sizes (-Xss)
#   Set larger code cache with -XX:ReservedCodeCacheSize=
#   JVM is running with Unscaled Compressed Oops mode in which the Java heap is
#     placed in the first 4GB address space. The Java Heap base address is the
#     maximum limit for the native heap growth. Please use -XX:HeapBaseMinAddress
#     to set the Java Heap base and to place the Java Heap above 4GB virtual address.
# This output file may be truncated or incomplete.
#
#  Out of Memory Error (./open/src/hotspot/share/memory/arena.cpp:197), pid=16832, tid=17264
#
# JRE version: Java(TM) SE Runtime Environment 18.9 (11.0.16+11) (build 11.0.16+11-LTS-199)
# Java VM: Java HotSpot(TM) 64-Bit Server VM 18.9 (11.0.16+11-LTS-199, mixed mode, tiered, compressed oops, g1 gc, windows-amd64)
# No core dump will be written. Minidumps are not enabled by default on client versions of Windows
#

---------------  S U M M A R Y ------------

Command Line: -XX:MaxMetaspaceSize=512m --add-opens=java.base/java.util=ALL-UNNAMED --add-opens=java.base/java.lang=ALL-UNNAMED --add-opens=java.base/java.lang.invoke=ALL-UNNAMED --add-opens=java.prefs/java.util.prefs=ALL-UNNAMED --add-opens=java.base/java.nio.charset=ALL-UNNAMED --add-opens=java.base/java.net=ALL-UNNAMED --add-opens=java.base/java.util.concurrent.atomic=ALL-UNNAMED -Xmx2048m -Dfile.encoding=utf8 -Duser.country=US -Duser.language=en -Duser.variant -javaagent:C:\Users\anhph\.gradle\wrapper\dists\gradle-8.1.1-all\bs1rrjki8hh9bujwbsqnxtuzr\gradle-8.1.1\lib\agents\gradle-instrumentation-agent-8.1.1.jar org.gradle.launcher.daemon.bootstrap.GradleDaemon 8.1.1

Host: Intel(R) Core(TM) i5-10210U CPU @ 1.60GHz, 8 cores, 7G,  Windows 11 , 64 bit Build 25393 (10.0.25393.1)
Time: Mon Jun 26 11:24:31 2023 SE Asia Standard Time elapsed time: 146.377536 seconds (0d 0h 2m 26s)

---------------  T H R E A D  ---------------

Current thread (0x000001fbecb24000):  JavaThread "C2 CompilerThread0" daemon [_thread_in_native, id=17264, stack(0x0000001622e00000,0x0000001622f00000)]


Current CompileTask:
C2: 146377 15881   !   4       java.net.URLClassLoader::defineClass (224 bytes)

Stack: [0x0000001622e00000,0x0000001622f00000]
Native frames: (J=compiled Java code, j=interpreted, Vv=VM code, C=native code)
V  [jvm.dll+0x62a3ea]
V  [jvm.dll+0x76418f]
V  [jvm.dll+0x765839]
V  [jvm.dll+0x765ec3]
V  [jvm.dll+0x23da98]
V  [jvm.dll+0xb2a1c]
V  [jvm.dll+0xb2fdc]
V  [jvm.dll+0x2ae814]
V  [jvm.dll+0x53d97b]
V  [jvm.dll+0x200877]
V  [jvm.dll+0x1fa5ba]
V  [jvm.dll+0x1f756d]
V  [jvm.dll+0x177c81]
V  [jvm.dll+0x207006]
V  [jvm.dll+0x20519b]
V  [jvm.dll+0x729fa0]
V  [jvm.dll+0x722b74]
V  [jvm.dll+0x629286]
C  [ucrtbase.dll+0x28c41]
C  [KERNEL32.DLL+0x3db1]
C  [ntdll.dll+0x14801]


---------------  P R O C E S S  ---------------

Threads class SMR info:
_java_thread_list=0x000001fbf1845010, length=56, elements={
0x000001fbccb49000, 0x000001fbecb03000, 0x000001fbecb04800, 0x000001fbed4f3000,
0x000001fbecb22000, 0x000001fbecb23000, 0x000001fbecb24000, 0x000001fbecb3d800,
0x000001fbecb41000, 0x000001fbed652800, 0x000001fbef38b800, 0x000001fbef05f000,
0x000001fbeeb13800, 0x000001fbeea98000, 0x000001fbee3e3800, 0x000001fbedb28800,
0x000001fbedb2a000, 0x000001fbedb2f000, 0x000001fbedb29800, 0x000001fbedb2d800,
0x000001fbedb2b000, 0x000001fbedb2c000, 0x000001fbefcaa800, 0x000001fbefcac800,
0x000001fbefcae000, 0x000001fbefca9000, 0x000001fbefcb5800, 0x000001fbefcb7000,
0x000001fbefcb8000, 0x000001fbefcb2000, 0x000001fbefcb3800, 0x000001fbf3c57800,
0x000001fbf3c58800, 0x000001fbf1b2a800, 0x000001fbf1b2d800, 0x000001fbf1b2e800,
0x000001fbf1b29800, 0x000001fbf1b2b000, 0x000001fbf38f3000, 0x000001fbf38ef800,
0x000001fbf38f2000, 0x000001fbf38f1000, 0x000001fbf38ee800, 0x000001fbf38f5000,
0x000001fbf38f3800, 0x000001fbf38f6000, 0x000001fbf38f0800, 0x000001fbf38fa000,
0x000001fbf38f7800, 0x000001fbf38f7000, 0x000001fbf38fc000, 0x000001fbf38fc800,
0x000001fbf38fd800, 0x000001fbf38f8800, 0x000001fbf38f9800, 0x000001fbf38fb000
}

Java Threads: ( => current thread )
  0x000001fbccb49000 JavaThread "main" [_thread_blocked, id=12776, stack(0x0000001622200000,0x0000001622300000)]
  0x000001fbecb03000 JavaThread "Reference Handler" daemon [_thread_blocked, id=2060, stack(0x0000001622900000,0x0000001622a00000)]
  0x000001fbecb04800 JavaThread "Finalizer" daemon [_thread_blocked, id=18460, stack(0x0000001622a00000,0x0000001622b00000)]
  0x000001fbed4f3000 JavaThread "Signal Dispatcher" daemon [_thread_blocked, id=1324, stack(0x0000001622b00000,0x0000001622c00000)]
  0x000001fbecb22000 JavaThread "Attach Listener" daemon [_thread_blocked, id=10848, stack(0x0000001622c00000,0x0000001622d00000)]
  0x000001fbecb23000 JavaThread "Service Thread" daemon [_thread_blocked, id=3804, stack(0x0000001622d00000,0x0000001622e00000)]
=>0x000001fbecb24000 JavaThread "C2 CompilerThread0" daemon [_thread_in_native, id=17264, stack(0x0000001622e00000,0x0000001622f00000)]
  0x000001fbecb3d800 JavaThread "C1 CompilerThread0" daemon [_thread_blocked, id=4632, stack(0x0000001622f00000,0x0000001623000000)]
  0x000001fbecb41000 JavaThread "Sweeper thread" daemon [_thread_blocked, id=1608, stack(0x0000001623000000,0x0000001623100000)]
  0x000001fbed652800 JavaThread "Common-Cleaner" daemon [_thread_blocked, id=12944, stack(0x0000001623100000,0x0000001623200000)]
  0x000001fbef38b800 JavaThread "Daemon health stats" [_thread_blocked, id=11564, stack(0x0000001623500000,0x0000001623600000)]
  0x000001fbef05f000 JavaThread "Incoming local TCP Connector on port 51889" [_thread_in_native, id=3120, stack(0x0000001623600000,0x0000001623700000)]
  0x000001fbeeb13800 JavaThread "Daemon periodic checks" [_thread_blocked, id=2340, stack(0x0000001623700000,0x0000001623800000)]
  0x000001fbeea98000 JavaThread "Daemon" [_thread_blocked, id=18060, stack(0x0000001623800000,0x0000001623900000)]
  0x000001fbee3e3800 JavaThread "Daemon worker" [_thread_in_vm, id=18132, stack(0x0000001623b00000,0x0000001623c00000)]
  0x000001fbedb28800 JavaThread "Cache worker for journal cache (C:\Users\anhph\.gradle\caches\journal-1)" [_thread_blocked, id=8276, stack(0x0000001624500000,0x0000001624600000)]
  0x000001fbedb2a000 JavaThread "File lock request listener" [_thread_in_native, id=1800, stack(0x0000001624600000,0x0000001624700000)]
  0x000001fbedb2f000 JavaThread "Cache worker for file hash cache (C:\Users\anhph\.gradle\caches\8.1.1\fileHashes)" [_thread_blocked, id=15788, stack(0x0000001624700000,0x0000001624800000)]
  0x000001fbedb29800 JavaThread "File watcher server" daemon [_thread_in_native, id=19392, stack(0x0000001624800000,0x0000001624900000)]
  0x000001fbedb2d800 JavaThread "File watcher consumer" daemon [_thread_blocked, id=15512, stack(0x0000001624900000,0x0000001624a00000)]
  0x000001fbedb2b000 JavaThread "jar transforms" [_thread_blocked, id=13088, stack(0x0000001624a00000,0x0000001624b00000)]
  0x000001fbedb2c000 JavaThread "jar transforms Thread 2" [_thread_blocked, id=18980, stack(0x0000001624b00000,0x0000001624c00000)]
  0x000001fbefcaa800 JavaThread "Cache worker for file content cache (C:\Users\anhph\.gradle\caches\8.1.1\fileContent)" [_thread_blocked, id=17612, stack(0x0000001624e00000,0x0000001624f00000)]
  0x000001fbefcac800 JavaThread "Cache worker for execution history cache (C:\Users\anhph\.gradle\caches\8.1.1\executionHistory)" [_thread_blocked, id=12392, stack(0x0000001625100000,0x0000001625200000)]
  0x000001fbefcae000 JavaThread "jar transforms Thread 3" [_thread_blocked, id=14660, stack(0x0000001625200000,0x0000001625300000)]
  0x000001fbefca9000 JavaThread "jar transforms Thread 4" [_thread_blocked, id=12868, stack(0x0000001625300000,0x0000001625400000)]
  0x000001fbefcb5800 JavaThread "jar transforms Thread 5" [_thread_blocked, id=9372, stack(0x0000001625400000,0x0000001625500000)]
  0x000001fbefcb7000 JavaThread "jar transforms Thread 6" [_thread_blocked, id=9388, stack(0x0000001625500000,0x0000001625600000)]
  0x000001fbefcb8000 JavaThread "jar transforms Thread 7" [_thread_blocked, id=4652, stack(0x0000001625600000,0x0000001625700000)]
  0x000001fbefcb2000 JavaThread "jar transforms Thread 8" [_thread_blocked, id=12380, stack(0x0000001625700000,0x0000001625800000)]
  0x000001fbefcb3800 JavaThread "Cache worker for kotlin-dsl (C:\Users\anhph\.gradle\caches\8.1.1\kotlin-dsl)" [_thread_blocked, id=17944, stack(0x0000001625a00000,0x0000001625b00000)]
  0x000001fbf3c57800 JavaThread "Memory manager" [_thread_blocked, id=2452, stack(0x0000001626500000,0x0000001626600000)]
  0x000001fbf3c58800 JavaThread "included builds" [_thread_blocked, id=7548, stack(0x0000001622000000,0x0000001622100000)]
  0x000001fbf1b2a800 JavaThread "RMI Scheduler(0)" daemon [_thread_blocked, id=12616, stack(0x0000001627a00000,0x0000001627b00000)]
  0x000001fbf1b2d800 JavaThread "RMI GC Daemon" daemon [_thread_blocked, id=15752, stack(0x0000001627c00000,0x0000001627d00000)]
  0x000001fbf1b2e800 JavaThread "RMI TCP Accept-0" daemon [_thread_in_native, id=10736, stack(0x0000001627d00000,0x0000001627e00000)]
  0x000001fbf1b29800 JavaThread "RMI Reaper" [_thread_blocked, id=15808, stack(0x0000001627e00000,0x0000001627f00000)]
  0x000001fbf1b2b000 JavaThread "RMI TCP Connection(idle)" daemon [_thread_blocked, id=18952, stack(0x0000001627f00000,0x0000001628000000)]
  0x000001fbf38f3000 JavaThread "Handler for socket connection from /127.0.0.1:51889 to /127.0.0.1:51976" [_thread_in_native, id=3460, stack(0x0000001622100000,0x0000001622200000)]
  0x000001fbf38ef800 JavaThread "Cancel handler" [_thread_blocked, id=17068, stack(0x0000001623900000,0x0000001623a00000)]
  0x000001fbf38f2000 JavaThread "Asynchronous log dispatcher for DefaultDaemonConnection: socket connection from /127.0.0.1:51889 to /127.0.0.1:51976" [_thread_blocked, id=15936, stack(0x0000001623a00000,0x0000001623b00000)]
  0x000001fbf38f1000 JavaThread "Stdin handler" [_thread_blocked, id=13020, stack(0x0000001623c00000,0x0000001623d00000)]
  0x000001fbf38ee800 JavaThread "Daemon client event forwarder" [_thread_blocked, id=1904, stack(0x0000001623d00000,0x0000001623e00000)]
  0x000001fbf38f5000 JavaThread "Cache worker for checksums cache (D:\Downloads(D)\!React_native\Tanca\android\.gradle\8.1.1\checksums)" [_thread_blocked, id=1924, stack(0x0000001623e00000,0x0000001623f00000)]
  0x000001fbf38f3800 JavaThread "Cache worker for cache directory md-rule (C:\Users\anhph\.gradle\caches\8.1.1\md-rule)" [_thread_blocked, id=11108, stack(0x0000001624c00000,0x0000001624d00000)]
  0x000001fbf38f6000 JavaThread "Cache worker for file hash cache (D:\Downloads(D)\!React_native\Tanca\android\.gradle\8.1.1\fileHashes)" [_thread_blocked, id=4364, stack(0x0000001624d00000,0x0000001624e00000)]
  0x000001fbf38f0800 JavaThread "Cache worker for cache directory md-supplier (C:\Users\anhph\.gradle\caches\8.1.1\md-supplier)" [_thread_blocked, id=13604, stack(0x0000001624f00000,0x0000001625000000)]
  0x000001fbf38fa000 JavaThread "Cache worker for dependencies-accessors (D:\Downloads(D)\!React_native\Tanca\android\.gradle\8.1.1\dependencies-accessors)" [_thread_blocked, id=8120, stack(0x0000001625800000,0x0000001625900000)]
  0x000001fbf38f7800 JavaThread "Cache worker for Build Output Cleanup Cache (D:\Downloads(D)\!React_native\Tanca\node_modules\@react-native\gradle-plugin\.gradle\buildOutputCleanup)" [_thread_blocked, id=18228, stack(0x0000001625b00000,0x0000001625c00000)]
  0x000001fbf38f7000 JavaThread "Unconstrained build operations" [_thread_blocked, id=3896, stack(0x0000001625c00000,0x0000001625d00000)]
  0x000001fbf38fc000 JavaThread "Unconstrained build operations Thread 2" [_thread_blocked, id=12668, stack(0x0000001625d00000,0x0000001625e00000)]
  0x000001fbf38fc800 JavaThread "Unconstrained build operations Thread 3" [_thread_blocked, id=16220, stack(0x0000001625e00000,0x0000001625f00000)]
  0x000001fbf38fd800 JavaThread "Unconstrained build operations Thread 4" [_thread_blocked, id=8248, stack(0x0000001625f00000,0x0000001626000000)]
  0x000001fbf38f8800 JavaThread "Unconstrained build operations Thread 5" [_thread_blocked, id=18772, stack(0x0000001626000000,0x0000001626100000)]
  0x000001fbf38f9800 JavaThread "Unconstrained build operations Thread 6" [_thread_blocked, id=1880, stack(0x0000001626100000,0x0000001626200000)]
  0x000001fbf38fb000 JavaThread "Unconstrained build operations Thread 7" [_thread_blocked, id=14688, stack(0x0000001626200000,0x0000001626300000)]

Other Threads:
  0x000001fbecafc800 VMThread "VM Thread" [stack: 0x0000001622800000,0x0000001622900000] [id=1284]
  0x000001fbed814000 WatcherThread [stack: 0x0000001623200000,0x0000001623300000] [id=18692]
  0x000001fbccb5e800 GCTaskThread "GC Thread#0" [stack: 0x0000001622300000,0x0000001622400000] [id=12924]
  0x000001fbee50b000 GCTaskThread "GC Thread#1" [stack: 0x0000001623300000,0x0000001623400000] [id=14976]
  0x000001fbee7fb000 GCTaskThread "GC Thread#2" [stack: 0x0000001623400000,0x0000001623500000] [id=13608]
  0x000001fbed600000 GCTaskThread "GC Thread#3" [stack: 0x0000001623f00000,0x0000001624000000] [id=16232]
  0x000001fbed600800 GCTaskThread "GC Thread#4" [stack: 0x0000001624000000,0x0000001624100000] [id=11796]
  0x000001fbef07d800 GCTaskThread "GC Thread#5" [stack: 0x0000001624100000,0x0000001624200000] [id=19276]
  0x000001fbef07e800 GCTaskThread "GC Thread#6" [stack: 0x0000001624200000,0x0000001624300000] [id=1600]
  0x000001fbedb14800 GCTaskThread "GC Thread#7" [stack: 0x0000001624300000,0x0000001624400000] [id=4504]
  0x000001fbccb8f000 ConcurrentGCThread "G1 Main Marker" [stack: 0x0000001622400000,0x0000001622500000] [id=12916]
  0x000001fbccb91000 ConcurrentGCThread "G1 Conc#0" [stack: 0x0000001622500000,0x0000001622600000] [id=7016]
  0x000001fbedcb3800 ConcurrentGCThread "G1 Conc#1" [stack: 0x0000001624400000,0x0000001624500000] [id=16036]
  0x000001fbccbbd000 ConcurrentGCThread "G1 Refine#0" [stack: 0x0000001622600000,0x0000001622700000] [id=18336]
  0x000001fbf3882000 ConcurrentGCThread "G1 Refine#1" [stack: 0x0000001626300000,0x0000001626400000] [id=4312]
  0x000001fbf20eb000 ConcurrentGCThread "G1 Refine#2" [stack: 0x0000001626400000,0x0000001626500000] [id=10180]
  0x000001fbccc1c000 ConcurrentGCThread "G1 Young RemSet Sampling" [stack: 0x0000001622700000,0x0000001622800000] [id=3148]

Threads with active compile tasks:
C2 CompilerThread0   146432 15881   !   4       java.net.URLClassLoader::defineClass (224 bytes)

VM state:not at safepoint (normal execution)

VM Mutex/Monitor currently owned by a thread: None

Heap address: 0x0000000080000000, size: 2048 MB, Compressed Oops mode: 32-bit
Narrow klass base: 0x0000000000000000, Narrow klass shift: 3
Compressed class space size: 528482304 Address: 0x0000000100000000

Heap:
 garbage-first heap   total 270336K, used 222962K [0x0000000080000000, 0x0000000100000000)
  region size 1024K, 27 young (27648K), 1 survivors (1024K)
 Metaspace       used 140729K, capacity 146007K, committed 146256K, reserved 643072K
  class space    used 18922K, capacity 20997K, committed 21120K, reserved 516096K
Heap Regions: E=young(eden), S=young(survivor), O=old, HS=humongous(starts), HC=humongous(continues), CS=collection set, F=free, A=archive, TAMS=top-at-mark-start (previous, next)
|   0|0x0000000080000000, 0x0000000080100000, 0x0000000080100000|100%|HS|  |TAMS 0x0000000080100000, 0x0000000080000000| Complete 
|   1|0x0000000080100000, 0x0000000080200000, 0x0000000080200000|100%|HC|  |TAMS 0x0000000080200000, 0x0000000080100000| Complete 
|   2|0x0000000080200000, 0x0000000080300000, 0x0000000080300000|100%|HC|  |TAMS 0x0000000080300000, 0x0000000080200000| Complete 
|   3|0x0000000080300000, 0x0000000080400000, 0x0000000080400000|100%|HC|  |TAMS 0x0000000080400000, 0x0000000080300000| Complete 
|   4|0x0000000080400000, 0x0000000080500000, 0x0000000080500000|100%| O|  |TAMS 0x0000000080500000, 0x0000000080400000| Untracked 
|   5|0x0000000080500000, 0x0000000080600000, 0x0000000080600000|100%| O|  |TAMS 0x0000000080600000, 0x0000000080500000| Untracked 
|   6|0x0000000080600000, 0x0000000080700000, 0x0000000080700000|100%| O|  |TAMS 0x0000000080700000, 0x0000000080600000| Untracked 
|   7|0x0000000080700000, 0x0000000080800000, 0x0000000080800000|100%| O|  |TAMS 0x0000000080800000, 0x0000000080700000| Untracked 
|   8|0x0000000080800000, 0x0000000080900000, 0x0000000080900000|100%| O|  |TAMS 0x0000000080900000, 0x0000000080800000| Untracked 
|   9|0x0000000080900000, 0x0000000080a00000, 0x0000000080a00000|100%| O|  |TAMS 0x0000000080a00000, 0x0000000080900000| Untracked 
|  10|0x0000000080a00000, 0x0000000080b00000, 0x0000000080b00000|100%| O|  |TAMS 0x0000000080b00000, 0x0000000080a00000| Untracked 
|  11|0x0000000080b00000, 0x0000000080c00000, 0x0000000080c00000|100%| O|  |TAMS 0x0000000080c00000, 0x0000000080b00000| Untracked 
|  12|0x0000000080c00000, 0x0000000080d00000, 0x0000000080d00000|100%| O|  |TAMS 0x0000000080d00000, 0x0000000080c00000| Untracked 
|  13|0x0000000080d00000, 0x0000000080e00000, 0x0000000080e00000|100%| O|  |TAMS 0x0000000080e00000, 0x0000000080d00000| Untracked 
|  14|0x0000000080e00000, 0x0000000080f00000, 0x0000000080f00000|100%| O|  |TAMS 0x0000000080f00000, 0x0000000080e00000| Untracked 
|  15|0x0000000080f00000, 0x0000000081000000, 0x0000000081000000|100%| O|  |TAMS 0x0000000081000000, 0x0000000080f00000| Untracked 
|  16|0x0000000081000000, 0x0000000081100000, 0x0000000081100000|100%| O|  |TAMS 0x0000000081100000, 0x0000000081000000| Untracked 
|  17|0x0000000081100000, 0x0000000081200000, 0x0000000081200000|100%| O|  |TAMS 0x0000000081200000, 0x0000000081100000| Untracked 
|  18|0x0000000081200000, 0x0000000081300000, 0x0000000081300000|100%| O|  |TAMS 0x0000000081300000, 0x0000000081200000| Untracked 
|  19|0x0000000081300000, 0x0000000081400000, 0x0000000081400000|100%| O|  |TAMS 0x0000000081400000, 0x0000000081300000| Untracked 
|  20|0x0000000081400000, 0x0000000081500000, 0x0000000081500000|100%| O|  |TAMS 0x0000000081500000, 0x0000000081400000| Untracked 
|  21|0x0000000081500000, 0x0000000081600000, 0x0000000081600000|100%| O|  |TAMS 0x0000000081600000, 0x0000000081500000| Untracked 
|  22|0x0000000081600000, 0x0000000081700000, 0x0000000081700000|100%| O|  |TAMS 0x0000000081700000, 0x0000000081600000| Untracked 
|  23|0x0000000081700000, 0x0000000081800000, 0x0000000081800000|100%| O|  |TAMS 0x0000000081800000, 0x0000000081700000| Untracked 
|  24|0x0000000081800000, 0x0000000081900000, 0x0000000081900000|100%| O|  |TAMS 0x0000000081900000, 0x0000000081800000| Untracked 
|  25|0x0000000081900000, 0x0000000081a00000, 0x0000000081a00000|100%| O|  |TAMS 0x0000000081a00000, 0x0000000081900000| Untracked 
|  26|0x0000000081a00000, 0x0000000081b00000, 0x0000000081b00000|100%| O|  |TAMS 0x0000000081b00000, 0x0000000081a00000| Untracked 
|  27|0x0000000081b00000, 0x0000000081c00000, 0x0000000081c00000|100%| O|  |TAMS 0x0000000081c00000, 0x0000000081b00000| Untracked 
|  28|0x0000000081c00000, 0x0000000081d00000, 0x0000000081d00000|100%| O|  |TAMS 0x0000000081d00000, 0x0000000081c00000| Untracked 
|  29|0x0000000081d00000, 0x0000000081e00000, 0x0000000081e00000|100%| O|  |TAMS 0x0000000081e00000, 0x0000000081d00000| Untracked 
|  30|0x0000000081e00000, 0x0000000081f00000, 0x0000000081f00000|100%|HS|  |TAMS 0x0000000081f00000, 0x0000000081e00000| Complete 
|  31|0x0000000081f00000, 0x0000000082000000, 0x0000000082000000|100%|HC|  |TAMS 0x0000000082000000, 0x0000000081f00000| Complete 
|  32|0x0000000082000000, 0x0000000082100000, 0x0000000082100000|100%| O|  |TAMS 0x0000000082100000, 0x0000000082000000| Untracked 
|  33|0x0000000082100000, 0x0000000082200000, 0x0000000082200000|100%| O|  |TAMS 0x0000000082200000, 0x0000000082100000| Untracked 
|  34|0x0000000082200000, 0x0000000082300000, 0x0000000082300000|100%| O|  |TAMS 0x0000000082300000, 0x0000000082200000| Untracked 
|  35|0x0000000082300000, 0x0000000082400000, 0x0000000082400000|100%| O|  |TAMS 0x0000000082400000, 0x0000000082300000| Untracked 
|  36|0x0000000082400000, 0x0000000082500000, 0x0000000082500000|100%| O|  |TAMS 0x0000000082500000, 0x0000000082400000| Untracked 
|  37|0x0000000082500000, 0x0000000082600000, 0x0000000082600000|100%|HS|  |TAMS 0x0000000082600000, 0x0000000082500000| Complete 
|  38|0x0000000082600000, 0x0000000082700000, 0x0000000082700000|100%|HS|  |TAMS 0x0000000082700000, 0x0000000082600000| Complete 
|  39|0x0000000082700000, 0x0000000082800000, 0x0000000082800000|100%|HC|  |TAMS 0x0000000082800000, 0x0000000082700000| Complete 
|  40|0x0000000082800000, 0x0000000082900000, 0x0000000082900000|100%|HC|  |TAMS 0x0000000082900000, 0x0000000082800000| Complete 
|  41|0x0000000082900000, 0x0000000082a00000, 0x0000000082a00000|100%|HC|  |TAMS 0x0000000082a00000, 0x0000000082900000| Complete 
|  42|0x0000000082a00000, 0x0000000082b00000, 0x0000000082b00000|100%| O|  |TAMS 0x0000000082b00000, 0x0000000082a00000| Untracked 
|  43|0x0000000082b00000, 0x0000000082c00000, 0x0000000082c00000|100%| O|  |TAMS 0x0000000082c00000, 0x0000000082b00000| Untracked 
|  44|0x0000000082c00000, 0x0000000082d00000, 0x0000000082d00000|100%| O|  |TAMS 0x0000000082d00000, 0x0000000082c00000| Untracked 
|  45|0x0000000082d00000, 0x0000000082e00000, 0x0000000082e00000|100%|HS|  |TAMS 0x0000000082e00000, 0x0000000082d00000| Complete 
|  46|0x0000000082e00000, 0x0000000082f00000, 0x0000000082f00000|100%|HC|  |TAMS 0x0000000082f00000, 0x0000000082e00000| Complete 
|  47|0x0000000082f00000, 0x0000000083000000, 0x0000000083000000|100%|HC|  |TAMS 0x0000000083000000, 0x0000000082f00000| Complete 
|  48|0x0000000083000000, 0x0000000083100000, 0x0000000083100000|100%|HC|  |TAMS 0x0000000083100000, 0x0000000083000000| Complete 
|  49|0x0000000083100000, 0x0000000083200000, 0x0000000083200000|100%| O|  |TAMS 0x0000000083200000, 0x0000000083100000| Untracked 
|  50|0x0000000083200000, 0x0000000083300000, 0x0000000083300000|100%| O|  |TAMS 0x0000000083300000, 0x0000000083200000| Untracked 
|  51|0x0000000083300000, 0x0000000083400000, 0x0000000083400000|100%| O|  |TAMS 0x0000000083400000, 0x0000000083300000| Untracked 
|  52|0x0000000083400000, 0x0000000083500000, 0x0000000083500000|100%| O|  |TAMS 0x0000000083500000, 0x0000000083400000| Untracked 
|  53|0x0000000083500000, 0x0000000083600000, 0x0000000083600000|100%| O|  |TAMS 0x0000000083600000, 0x0000000083500000| Untracked 
|  54|0x0000000083600000, 0x0000000083700000, 0x0000000083700000|100%| O|  |TAMS 0x0000000083700000, 0x0000000083600000| Untracked 
|  55|0x0000000083700000, 0x0000000083800000, 0x0000000083800000|100%| O|  |TAMS 0x0000000083800000, 0x0000000083700000| Untracked 
|  56|0x0000000083800000, 0x0000000083900000, 0x0000000083900000|100%| O|  |TAMS 0x0000000083900000, 0x0000000083800000| Untracked 
|  57|0x0000000083900000, 0x0000000083a00000, 0x0000000083a00000|100%| O|  |TAMS 0x0000000083a00000, 0x0000000083900000| Untracked 
|  58|0x0000000083a00000, 0x0000000083b00000, 0x0000000083b00000|100%| O|  |TAMS 0x0000000083b00000, 0x0000000083a00000| Untracked 
|  59|0x0000000083b00000, 0x0000000083c00000, 0x0000000083c00000|100%| O|  |TAMS 0x0000000083c00000, 0x0000000083b00000| Untracked 
|  60|0x0000000083c00000, 0x0000000083d00000, 0x0000000083d00000|100%| O|  |TAMS 0x0000000083d00000, 0x0000000083c00000| Untracked 
|  61|0x0000000083d00000, 0x0000000083e00000, 0x0000000083e00000|100%| O|  |TAMS 0x0000000083e00000, 0x0000000083d00000| Untracked 
|  62|0x0000000083e00000, 0x0000000083f00000, 0x0000000083f00000|100%| O|  |TAMS 0x0000000083f00000, 0x0000000083e00000| Untracked 
|  63|0x0000000083f00000, 0x0000000084000000, 0x0000000084000000|100%| O|  |TAMS 0x0000000084000000, 0x0000000083f00000| Untracked 
|  64|0x0000000084000000, 0x0000000084100000, 0x0000000084100000|100%| O|  |TAMS 0x0000000084100000, 0x0000000084000000| Untracked 
|  65|0x0000000084100000, 0x0000000084200000, 0x0000000084200000|100%| O|  |TAMS 0x0000000084200000, 0x0000000084100000| Untracked 
|  66|0x0000000084200000, 0x0000000084300000, 0x0000000084300000|100%| O|  |TAMS 0x0000000084300000, 0x0000000084200000| Untracked 
|  67|0x0000000084300000, 0x0000000084400000, 0x0000000084400000|100%| O|  |TAMS 0x0000000084400000, 0x0000000084300000| Untracked 
|  68|0x0000000084400000, 0x0000000084500000, 0x0000000084500000|100%|HS|  |TAMS 0x0000000084500000, 0x0000000084400000| Complete 
|  69|0x0000000084500000, 0x0000000084600000, 0x0000000084600000|100%|HS|  |TAMS 0x0000000084600000, 0x0000000084500000| Complete 
|  70|0x0000000084600000, 0x0000000084700000, 0x0000000084700000|100%|HS|  |TAMS 0x0000000084700000, 0x0000000084600000| Complete 
|  71|0x0000000084700000, 0x0000000084800000, 0x0000000084800000|100%| O|  |TAMS 0x0000000084800000, 0x0000000084700000| Untracked 
|  72|0x0000000084800000, 0x0000000084900000, 0x0000000084900000|100%| O|  |TAMS 0x0000000084900000, 0x0000000084800000| Untracked 
|  73|0x0000000084900000, 0x0000000084a00000, 0x0000000084a00000|100%| O|  |TAMS 0x0000000084a00000, 0x0000000084900000| Untracked 
|  74|0x0000000084a00000, 0x0000000084b00000, 0x0000000084b00000|100%| O|  |TAMS 0x0000000084b00000, 0x0000000084a00000| Untracked 
|  75|0x0000000084b00000, 0x0000000084c00000, 0x0000000084c00000|100%| O|  |TAMS 0x0000000084c00000, 0x0000000084b00000| Untracked 
|  76|0x0000000084c00000, 0x0000000084d00000, 0x0000000084d00000|100%| O|  |TAMS 0x0000000084d00000, 0x0000000084c00000| Untracked 
|  77|0x0000000084d00000, 0x0000000084e00000, 0x0000000084e00000|100%| O|  |TAMS 0x0000000084e00000, 0x0000000084d00000| Untracked 
|  78|0x0000000084e00000, 0x0000000084f00000, 0x0000000084f00000|100%| O|  |TAMS 0x0000000084f00000, 0x0000000084e00000| Untracked 
|  79|0x0000000084f00000, 0x0000000085000000, 0x0000000085000000|100%| O|  |TAMS 0x0000000085000000, 0x0000000084f00000| Untracked 
|  80|0x0000000085000000, 0x0000000085100000, 0x0000000085100000|100%| O|  |TAMS 0x0000000085100000, 0x0000000085000000| Untracked 
|  81|0x0000000085100000, 0x0000000085200000, 0x0000000085200000|100%| O|  |TAMS 0x0000000085200000, 0x0000000085100000| Untracked 
|  82|0x0000000085200000, 0x0000000085300000, 0x0000000085300000|100%| O|  |TAMS 0x0000000085300000, 0x0000000085200000| Untracked 
|  83|0x0000000085300000, 0x0000000085400000, 0x0000000085400000|100%| O|  |TAMS 0x0000000085400000, 0x0000000085300000| Untracked 
|  84|0x0000000085400000, 0x0000000085500000, 0x0000000085500000|100%| O|  |TAMS 0x0000000085500000, 0x0000000085400000| Untracked 
|  85|0x0000000085500000, 0x0000000085600000, 0x0000000085600000|100%| O|  |TAMS 0x0000000085600000, 0x0000000085500000| Untracked 
|  86|0x0000000085600000, 0x0000000085700000, 0x0000000085700000|100%| O|  |TAMS 0x0000000085700000, 0x0000000085600000| Untracked 
|  87|0x0000000085700000, 0x0000000085800000, 0x0000000085800000|100%| O|  |TAMS 0x0000000085800000, 0x0000000085700000| Untracked 
|  88|0x0000000085800000, 0x0000000085900000, 0x0000000085900000|100%| O|  |TAMS 0x0000000085900000, 0x0000000085800000| Untracked 
|  89|0x0000000085900000, 0x0000000085a00000, 0x0000000085a00000|100%| O|  |TAMS 0x0000000085a00000, 0x0000000085900000| Untracked 
|  90|0x0000000085a00000, 0x0000000085b00000, 0x0000000085b00000|100%| O|  |TAMS 0x0000000085b00000, 0x0000000085a00000| Untracked 
|  91|0x0000000085b00000, 0x0000000085c00000, 0x0000000085c00000|100%| O|  |TAMS 0x0000000085c00000, 0x0000000085b00000| Untracked 
|  92|0x0000000085c00000, 0x0000000085d00000, 0x0000000085d00000|100%| O|  |TAMS 0x0000000085d00000, 0x0000000085c00000| Untracked 
|  93|0x0000000085d00000, 0x0000000085e00000, 0x0000000085e00000|100%|HS|  |TAMS 0x0000000085e00000, 0x0000000085d00000| Complete 
|  94|0x0000000085e00000, 0x0000000085f00000, 0x0000000085f00000|100%|HC|  |TAMS 0x0000000085f00000, 0x0000000085e00000| Complete 
|  95|0x0000000085f00000, 0x0000000086000000, 0x0000000086000000|100%|HS|  |TAMS 0x0000000086000000, 0x0000000085f00000| Complete 
|  96|0x0000000086000000, 0x0000000086100000, 0x0000000086100000|100%|HC|  |TAMS 0x0000000086100000, 0x0000000086000000| Complete 
|  97|0x0000000086100000, 0x0000000086200000, 0x0000000086200000|100%| O|  |TAMS 0x0000000086200000, 0x0000000086100000| Untracked 
|  98|0x0000000086200000, 0x0000000086300000, 0x0000000086300000|100%| O|  |TAMS 0x0000000086300000, 0x0000000086200000| Untracked 
|  99|0x0000000086300000, 0x0000000086400000, 0x0000000086400000|100%| O|  |TAMS 0x0000000086400000, 0x0000000086300000| Untracked 
| 100|0x0000000086400000, 0x0000000086500000, 0x0000000086500000|100%| O|  |TAMS 0x0000000086500000, 0x0000000086400000| Untracked 
| 101|0x0000000086500000, 0x0000000086600000, 0x0000000086600000|100%| O|  |TAMS 0x0000000086600000, 0x0000000086500000| Untracked 
| 102|0x0000000086600000, 0x0000000086700000, 0x0000000086700000|100%| O|  |TAMS 0x0000000086700000, 0x0000000086600000| Untracked 
| 103|0x0000000086700000, 0x0000000086800000, 0x0000000086800000|100%| O|  |TAMS 0x0000000086800000, 0x0000000086700000| Untracked 
| 104|0x0000000086800000, 0x0000000086900000, 0x0000000086900000|100%| O|  |TAMS 0x0000000086900000, 0x0000000086800000| Untracked 
| 105|0x0000000086900000, 0x0000000086a00000, 0x0000000086a00000|100%| O|  |TAMS 0x0000000086a00000, 0x0000000086900000| Untracked 
| 106|0x0000000086a00000, 0x0000000086b00000, 0x0000000086b00000|100%| O|  |TAMS 0x0000000086b00000, 0x0000000086a00000| Untracked 
| 107|0x0000000086b00000, 0x0000000086c00000, 0x0000000086c00000|100%| O|  |TAMS 0x0000000086c00000, 0x0000000086b00000| Untracked 
| 108|0x0000000086c00000, 0x0000000086d00000, 0x0000000086d00000|100%| O|  |TAMS 0x0000000086d00000, 0x0000000086c00000| Untracked 
| 109|0x0000000086d00000, 0x0000000086e00000, 0x0000000086e00000|100%| O|  |TAMS 0x0000000086e00000, 0x0000000086d00000| Untracked 
| 110|0x0000000086e00000, 0x0000000086f00000, 0x0000000086f00000|100%|HS|  |TAMS 0x0000000086f00000, 0x0000000086e00000| Complete 
| 111|0x0000000086f00000, 0x0000000087000000, 0x0000000087000000|100%|HS|  |TAMS 0x0000000087000000, 0x0000000086f00000| Complete 
| 112|0x0000000087000000, 0x0000000087100000, 0x0000000087100000|100%|HS|  |TAMS 0x0000000087100000, 0x0000000087000000| Complete 
| 113|0x0000000087100000, 0x0000000087200000, 0x0000000087200000|100%|HS|  |TAMS 0x0000000087200000, 0x0000000087100000| Complete 
| 114|0x0000000087200000, 0x0000000087300000, 0x0000000087300000|100%|HC|  |TAMS 0x0000000087300000, 0x0000000087200000| Complete 
| 115|0x0000000087300000, 0x0000000087400000, 0x0000000087400000|100%|HC|  |TAMS 0x0000000087400000, 0x0000000087300000| Complete 
| 116|0x0000000087400000, 0x0000000087500000, 0x0000000087500000|100%| O|  |TAMS 0x0000000087400000, 0x0000000087400000| Untracked 
| 117|0x0000000087500000, 0x0000000087600000, 0x0000000087600000|100%| O|  |TAMS 0x0000000087600000, 0x0000000087500000| Untracked 
| 118|0x0000000087600000, 0x0000000087700000, 0x0000000087700000|100%| O|  |TAMS 0x0000000087700000, 0x0000000087600000| Untracked 
| 119|0x0000000087700000, 0x0000000087800000, 0x0000000087800000|100%|HS|  |TAMS 0x0000000087800000, 0x0000000087700000| Complete 
| 120|0x0000000087800000, 0x0000000087900000, 0x0000000087900000|100%|HC|  |TAMS 0x0000000087900000, 0x0000000087800000| Complete 
| 121|0x0000000087900000, 0x0000000087a00000, 0x0000000087a00000|100%|HS|  |TAMS 0x0000000087a00000, 0x0000000087900000| Complete 
| 122|0x0000000087a00000, 0x0000000087b00000, 0x0000000087b00000|100%| O|  |TAMS 0x0000000087b00000, 0x0000000087a00000| Untracked 
| 123|0x0000000087b00000, 0x0000000087c00000, 0x0000000087c00000|100%| O|  |TAMS 0x0000000087c00000, 0x0000000087b00000| Untracked 
| 124|0x0000000087c00000, 0x0000000087d00000, 0x0000000087d00000|100%| O|  |TAMS 0x0000000087d00000, 0x0000000087c00000| Untracked 
| 125|0x0000000087d00000, 0x0000000087e00000, 0x0000000087e00000|100%|HS|  |TAMS 0x0000000087e00000, 0x0000000087d00000| Complete 
| 126|0x0000000087e00000, 0x0000000087f00000, 0x0000000087f00000|100%|HC|  |TAMS 0x0000000087f00000, 0x0000000087e00000| Complete 
| 127|0x0000000087f00000, 0x0000000088000000, 0x0000000088000000|100%|HC|  |TAMS 0x0000000088000000, 0x0000000087f00000| Complete 
| 128|0x0000000088000000, 0x0000000088100000, 0x0000000088100000|100%| O|  |TAMS 0x0000000088100000, 0x0000000088000000| Untracked 
| 129|0x0000000088100000, 0x0000000088200000, 0x0000000088200000|100%| O|  |TAMS 0x0000000088200000, 0x0000000088100000| Untracked 
| 130|0x0000000088200000, 0x0000000088200000, 0x0000000088300000|  0%| F|  |TAMS 0x0000000088200000, 0x0000000088200000| Untracked 
| 131|0x0000000088300000, 0x0000000088400000, 0x0000000088400000|100%| O|  |TAMS 0x0000000088400000, 0x0000000088300000| Untracked 
| 132|0x0000000088400000, 0x0000000088500000, 0x0000000088500000|100%| O|  |TAMS 0x0000000088500000, 0x0000000088400000| Untracked 
| 133|0x0000000088500000, 0x0000000088600000, 0x0000000088600000|100%| O|  |TAMS 0x0000000088600000, 0x0000000088500000| Untracked 
| 134|0x0000000088600000, 0x0000000088700000, 0x0000000088700000|100%| O|  |TAMS 0x0000000088700000, 0x0000000088600000| Untracked 
| 135|0x0000000088700000, 0x0000000088800000, 0x0000000088800000|100%|HS|  |TAMS 0x0000000088800000, 0x0000000088700000| Complete 
| 136|0x0000000088800000, 0x0000000088900000, 0x0000000088900000|100%|HS|  |TAMS 0x0000000088900000, 0x0000000088800000| Complete 
| 137|0x0000000088900000, 0x0000000088a00000, 0x0000000088a00000|100%|HS|  |TAMS 0x0000000088a00000, 0x0000000088900000| Complete 
| 138|0x0000000088a00000, 0x0000000088b00000, 0x0000000088b00000|100%|HS|  |TAMS 0x0000000088b00000, 0x0000000088a00000| Complete 
| 139|0x0000000088b00000, 0x0000000088c00000, 0x0000000088c00000|100%|HC|  |TAMS 0x0000000088c00000, 0x0000000088b00000| Complete 
| 140|0x0000000088c00000, 0x0000000088d00000, 0x0000000088d00000|100%|HC|  |TAMS 0x0000000088d00000, 0x0000000088c00000| Complete 
| 141|0x0000000088d00000, 0x0000000088e00000, 0x0000000088e00000|100%|HS|  |TAMS 0x0000000088e00000, 0x0000000088d00000| Complete 
| 142|0x0000000088e00000, 0x0000000088f00000, 0x0000000088f00000|100%| O|  |TAMS 0x0000000088f00000, 0x0000000088e00000| Untracked 
| 143|0x0000000088f00000, 0x0000000089000000, 0x0000000089000000|100%| O|  |TAMS 0x0000000089000000, 0x0000000088f00000| Untracked 
| 144|0x0000000089000000, 0x0000000089100000, 0x0000000089100000|100%|HS|  |TAMS 0x0000000089100000, 0x0000000089000000| Complete 
| 145|0x0000000089100000, 0x0000000089200000, 0x0000000089200000|100%|HC|  |TAMS 0x0000000089200000, 0x0000000089100000| Complete 
| 146|0x0000000089200000, 0x0000000089300000, 0x0000000089300000|100%|HC|  |TAMS 0x0000000089300000, 0x0000000089200000| Complete 
| 147|0x0000000089300000, 0x0000000089400000, 0x0000000089400000|100%| O|  |TAMS 0x0000000089400000, 0x0000000089300000| Untracked 
| 148|0x0000000089400000, 0x0000000089500000, 0x0000000089500000|100%| O|  |TAMS 0x0000000089500000, 0x0000000089400000| Untracked 
| 149|0x0000000089500000, 0x0000000089600000, 0x0000000089600000|100%|HS|  |TAMS 0x0000000089600000, 0x0000000089500000| Complete 
| 150|0x0000000089600000, 0x0000000089700000, 0x0000000089700000|100%| O|  |TAMS 0x0000000089700000, 0x0000000089600000| Untracked 
| 151|0x0000000089700000, 0x0000000089800000, 0x0000000089800000|100%| O|  |TAMS 0x0000000089800000, 0x0000000089700000| Untracked 
| 152|0x0000000089800000, 0x0000000089900000, 0x0000000089900000|100%| O|  |TAMS 0x0000000089900000, 0x0000000089800000| Untracked 
| 153|0x0000000089900000, 0x0000000089a00000, 0x0000000089a00000|100%| O|  |TAMS 0x0000000089a00000, 0x0000000089900000| Untracked 
| 154|0x0000000089a00000, 0x0000000089b00000, 0x0000000089b00000|100%| O|  |TAMS 0x0000000089b00000, 0x0000000089a00000| Untracked 
| 155|0x0000000089b00000, 0x0000000089c00000, 0x0000000089c00000|100%| O|  |TAMS 0x0000000089c00000, 0x0000000089b00000| Untracked 
| 156|0x0000000089c00000, 0x0000000089d00000, 0x0000000089d00000|100%| O|  |TAMS 0x0000000089d00000, 0x0000000089c00000| Untracked 
| 157|0x0000000089d00000, 0x0000000089e00000, 0x0000000089e00000|100%| O|  |TAMS 0x0000000089e00000, 0x0000000089d00000| Untracked 
| 158|0x0000000089e00000, 0x0000000089f00000, 0x0000000089f00000|100%| O|  |TAMS 0x0000000089f00000, 0x0000000089e00000| Untracked 
| 159|0x0000000089f00000, 0x000000008a000000, 0x000000008a000000|100%| O|  |TAMS 0x000000008a000000, 0x0000000089f00000| Untracked 
| 160|0x000000008a000000, 0x000000008a100000, 0x000000008a100000|100%| O|  |TAMS 0x000000008a100000, 0x000000008a000000| Untracked 
| 161|0x000000008a100000, 0x000000008a200000, 0x000000008a200000|100%| O|  |TAMS 0x000000008a200000, 0x000000008a100000| Untracked 
| 162|0x000000008a200000, 0x000000008a300000, 0x000000008a300000|100%| O|  |TAMS 0x000000008a300000, 0x000000008a200000| Untracked 
| 163|0x000000008a300000, 0x000000008a400000, 0x000000008a400000|100%|HS|  |TAMS 0x000000008a400000, 0x000000008a300000| Complete 
| 164|0x000000008a400000, 0x000000008a500000, 0x000000008a500000|100%| O|  |TAMS 0x000000008a500000, 0x000000008a400000| Untracked 
| 165|0x000000008a500000, 0x000000008a600000, 0x000000008a600000|100%| O|  |TAMS 0x000000008a600000, 0x000000008a500000| Untracked 
| 166|0x000000008a600000, 0x000000008a700000, 0x000000008a700000|100%| O|  |TAMS 0x000000008a600000, 0x000000008a600000| Untracked 
| 167|0x000000008a700000, 0x000000008a800000, 0x000000008a800000|100%| O|  |TAMS 0x000000008a800000, 0x000000008a700000| Untracked 
| 168|0x000000008a800000, 0x000000008a900000, 0x000000008a900000|100%| O|  |TAMS 0x000000008a900000, 0x000000008a800000| Untracked 
| 169|0x000000008a900000, 0x000000008aa00000, 0x000000008aa00000|100%|HS|  |TAMS 0x000000008aa00000, 0x000000008a900000| Complete 
| 170|0x000000008aa00000, 0x000000008ab00000, 0x000000008ab00000|100%|HC|  |TAMS 0x000000008ab00000, 0x000000008aa00000| Complete 
| 171|0x000000008ab00000, 0x000000008ac00000, 0x000000008ac00000|100%|HC|  |TAMS 0x000000008ac00000, 0x000000008ab00000| Complete 
| 172|0x000000008ac00000, 0x000000008ad00000, 0x000000008ad00000|100%|HC|  |TAMS 0x000000008ad00000, 0x000000008ac00000| Complete 
| 173|0x000000008ad00000, 0x000000008ae00000, 0x000000008ae00000|100%|HC|  |TAMS 0x000000008ae00000, 0x000000008ad00000| Complete 
| 174|0x000000008ae00000, 0x000000008af00000, 0x000000008af00000|100%|HC|  |TAMS 0x000000008af00000, 0x000000008ae00000| Complete 
| 175|0x000000008af00000, 0x000000008b000000, 0x000000008b000000|100%| O|  |TAMS 0x000000008b000000, 0x000000008af00000| Untracked 
| 176|0x000000008b000000, 0x000000008b100000, 0x000000008b100000|100%| O|  |TAMS 0x000000008b100000, 0x000000008b000000| Untracked 
| 177|0x000000008b100000, 0x000000008b200000, 0x000000008b200000|100%| O|  |TAMS 0x000000008b200000, 0x000000008b100000| Untracked 
| 178|0x000000008b200000, 0x000000008b300000, 0x000000008b300000|100%| O|  |TAMS 0x000000008b300000, 0x000000008b200000| Untracked 
| 179|0x000000008b300000, 0x000000008b400000, 0x000000008b400000|100%| O|  |TAMS 0x000000008b400000, 0x000000008b300000| Untracked 
| 180|0x000000008b400000, 0x000000008b500000, 0x000000008b500000|100%| O|  |TAMS 0x000000008b4d8400, 0x000000008b400000| Untracked 
| 181|0x000000008b500000, 0x000000008b600000, 0x000000008b600000|100%| O|  |TAMS 0x000000008b500000, 0x000000008b500000| Untracked 
| 182|0x000000008b600000, 0x000000008b63a200, 0x000000008b700000| 22%| O|  |TAMS 0x000000008b600000, 0x000000008b600000| Untracked 
| 183|0x000000008b700000, 0x000000008b700000, 0x000000008b800000|  0%| F|  |TAMS 0x000000008b700000, 0x000000008b700000| Untracked 
| 184|0x000000008b800000, 0x000000008b900000, 0x000000008b900000|100%|HS|  |TAMS 0x000000008b900000, 0x000000008b800000| Complete 
| 185|0x000000008b900000, 0x000000008ba00000, 0x000000008ba00000|100%|HC|  |TAMS 0x000000008ba00000, 0x000000008b900000| Complete 
| 186|0x000000008ba00000, 0x000000008bb00000, 0x000000008bb00000|100%|HC|  |TAMS 0x000000008bb00000, 0x000000008ba00000| Complete 
| 187|0x000000008bb00000, 0x000000008bc00000, 0x000000008bc00000|100%|HC|  |TAMS 0x000000008bc00000, 0x000000008bb00000| Complete 
| 188|0x000000008bc00000, 0x000000008bd00000, 0x000000008bd00000|100%| O|  |TAMS 0x000000008bd00000, 0x000000008bc00000| Untracked 
| 189|0x000000008bd00000, 0x000000008be00000, 0x000000008be00000|100%| O|  |TAMS 0x000000008be00000, 0x000000008bd00000| Untracked 
| 190|0x000000008be00000, 0x000000008bf00000, 0x000000008bf00000|100%| O|  |TAMS 0x000000008bf00000, 0x000000008be00000| Untracked 
| 191|0x000000008bf00000, 0x000000008c000000, 0x000000008c000000|100%| O|  |TAMS 0x000000008c000000, 0x000000008bf00000| Untracked 
| 192|0x000000008c000000, 0x000000008c100000, 0x000000008c100000|100%| O|  |TAMS 0x000000008c100000, 0x000000008c000000| Untracked 
| 193|0x000000008c100000, 0x000000008c200000, 0x000000008c200000|100%| O|  |TAMS 0x000000008c200000, 0x000000008c100000| Untracked 
| 194|0x000000008c200000, 0x000000008c300000, 0x000000008c300000|100%| O|  |TAMS 0x000000008c300000, 0x000000008c200000| Untracked 
| 195|0x000000008c300000, 0x000000008c300000, 0x000000008c400000|  0%| F|  |TAMS 0x000000008c300000, 0x000000008c300000| Untracked 
| 196|0x000000008c400000, 0x000000008c400000, 0x000000008c500000|  0%| F|  |TAMS 0x000000008c400000, 0x000000008c400000| Untracked 
| 197|0x000000008c500000, 0x000000008c500000, 0x000000008c600000|  0%| F|  |TAMS 0x000000008c500000, 0x000000008c500000| Untracked 
| 198|0x000000008c600000, 0x000000008c600000, 0x000000008c700000|  0%| F|  |TAMS 0x000000008c600000, 0x000000008c600000| Untracked 
| 199|0x000000008c700000, 0x000000008c700000, 0x000000008c800000|  0%| F|  |TAMS 0x000000008c700000, 0x000000008c700000| Untracked 
| 200|0x000000008c800000, 0x000000008c800000, 0x000000008c900000|  0%| F|  |TAMS 0x000000008c800000, 0x000000008c800000| Untracked 
| 201|0x000000008c900000, 0x000000008c900000, 0x000000008ca00000|  0%| F|  |TAMS 0x000000008c900000, 0x000000008c900000| Untracked 
| 202|0x000000008ca00000, 0x000000008ca00000, 0x000000008cb00000|  0%| F|  |TAMS 0x000000008ca00000, 0x000000008ca00000| Untracked 
| 203|0x000000008cb00000, 0x000000008cb00000, 0x000000008cc00000|  0%| F|  |TAMS 0x000000008cb00000, 0x000000008cb00000| Untracked 
| 204|0x000000008cc00000, 0x000000008cc00000, 0x000000008cd00000|  0%| F|  |TAMS 0x000000008cc00000, 0x000000008cc00000| Untracked 
| 205|0x000000008cd00000, 0x000000008cd00000, 0x000000008ce00000|  0%| F|  |TAMS 0x000000008cd00000, 0x000000008cd00000| Untracked 
| 206|0x000000008ce00000, 0x000000008ce00000, 0x000000008cf00000|  0%| F|  |TAMS 0x000000008ce00000, 0x000000008ce00000| Untracked 
| 207|0x000000008cf00000, 0x000000008cf00000, 0x000000008d000000|  0%| F|  |TAMS 0x000000008cf00000, 0x000000008cf00000| Untracked 
| 208|0x000000008d000000, 0x000000008d000000, 0x000000008d100000|  0%| F|  |TAMS 0x000000008d000000, 0x000000008d000000| Untracked 
| 209|0x000000008d100000, 0x000000008d100000, 0x000000008d200000|  0%| F|  |TAMS 0x000000008d100000, 0x000000008d100000| Untracked 
| 210|0x000000008d200000, 0x000000008d200000, 0x000000008d300000|  0%| F|  |TAMS 0x000000008d200000, 0x000000008d200000| Untracked 
| 211|0x000000008d300000, 0x000000008d300000, 0x000000008d400000|  0%| F|  |TAMS 0x000000008d300000, 0x000000008d300000| Untracked 
| 212|0x000000008d400000, 0x000000008d400000, 0x000000008d500000|  0%| F|  |TAMS 0x000000008d400000, 0x000000008d400000| Untracked 
| 213|0x000000008d500000, 0x000000008d500000, 0x000000008d600000|  0%| F|  |TAMS 0x000000008d500000, 0x000000008d500000| Untracked 
| 214|0x000000008d600000, 0x000000008d600000, 0x000000008d700000|  0%| F|  |TAMS 0x000000008d600000, 0x000000008d600000| Untracked 
| 215|0x000000008d700000, 0x000000008d700000, 0x000000008d800000|  0%| F|  |TAMS 0x000000008d700000, 0x000000008d700000| Untracked 
| 216|0x000000008d800000, 0x000000008d800000, 0x000000008d900000|  0%| F|  |TAMS 0x000000008d800000, 0x000000008d800000| Untracked 
| 217|0x000000008d900000, 0x000000008d900000, 0x000000008da00000|  0%| F|  |TAMS 0x000000008d900000, 0x000000008d900000| Untracked 
| 218|0x000000008da00000, 0x000000008da00000, 0x000000008db00000|  0%| F|  |TAMS 0x000000008da00000, 0x000000008da00000| Untracked 
| 219|0x000000008db00000, 0x000000008db00000, 0x000000008dc00000|  0%| F|  |TAMS 0x000000008db00000, 0x000000008db00000| Untracked 
| 220|0x000000008dc00000, 0x000000008dc00000, 0x000000008dd00000|  0%| F|  |TAMS 0x000000008dc00000, 0x000000008dc00000| Untracked 
| 221|0x000000008dd00000, 0x000000008dd00000, 0x000000008de00000|  0%| F|  |TAMS 0x000000008dd00000, 0x000000008dd00000| Untracked 
| 222|0x000000008de00000, 0x000000008de00000, 0x000000008df00000|  0%| F|  |TAMS 0x000000008de00000, 0x000000008de00000| Untracked 
| 223|0x000000008df00000, 0x000000008df00000, 0x000000008e000000|  0%| F|  |TAMS 0x000000008df00000, 0x000000008df00000| Untracked 
| 224|0x000000008e000000, 0x000000008e000000, 0x000000008e100000|  0%| F|  |TAMS 0x000000008e000000, 0x000000008e000000| Untracked 
| 225|0x000000008e100000, 0x000000008e100000, 0x000000008e200000|  0%| F|  |TAMS 0x000000008e100000, 0x000000008e100000| Untracked 
| 226|0x000000008e200000, 0x000000008e200000, 0x000000008e300000|  0%| F|  |TAMS 0x000000008e200000, 0x000000008e200000| Untracked 
| 227|0x000000008e300000, 0x000000008e300000, 0x000000008e400000|  0%| F|  |TAMS 0x000000008e300000, 0x000000008e300000| Untracked 
| 228|0x000000008e400000, 0x000000008e400000, 0x000000008e500000|  0%| F|  |TAMS 0x000000008e400000, 0x000000008e400000| Untracked 
| 229|0x000000008e500000, 0x000000008e500000, 0x000000008e600000|  0%| F|  |TAMS 0x000000008e500000, 0x000000008e500000| Untracked 
| 230|0x000000008e600000, 0x000000008e600000, 0x000000008e700000|  0%| F|  |TAMS 0x000000008e600000, 0x000000008e600000| Untracked 
| 231|0x000000008e700000, 0x000000008e700000, 0x000000008e800000|  0%| F|  |TAMS 0x000000008e700000, 0x000000008e700000| Untracked 
| 232|0x000000008e800000, 0x000000008e800000, 0x000000008e900000|  0%| F|  |TAMS 0x000000008e800000, 0x000000008e800000| Untracked 
| 233|0x000000008e900000, 0x000000008e900000, 0x000000008ea00000|  0%| F|  |TAMS 0x000000008e900000, 0x000000008e900000| Untracked 
| 234|0x000000008ea00000, 0x000000008ea00000, 0x000000008eb00000|  0%| F|  |TAMS 0x000000008ea00000, 0x000000008ea00000| Untracked 
| 235|0x000000008eb00000, 0x000000008eb00000, 0x000000008ec00000|  0%| F|  |TAMS 0x000000008eb00000, 0x000000008eb00000| Untracked 
| 236|0x000000008ec00000, 0x000000008ec00000, 0x000000008ed00000|  0%| F|  |TAMS 0x000000008ec00000, 0x000000008ec00000| Untracked 
| 237|0x000000008ed00000, 0x000000008ee00000, 0x000000008ee00000|100%| E|  |TAMS 0x000000008ed00000, 0x000000008ed00000| Complete 
| 238|0x000000008ee00000, 0x000000008ef00000, 0x000000008ef00000|100%| E|CS|TAMS 0x000000008ee00000, 0x000000008ee00000| Complete 
| 239|0x000000008ef00000, 0x000000008f000000, 0x000000008f000000|100%| E|CS|TAMS 0x000000008ef00000, 0x000000008ef00000| Complete 
| 240|0x000000008f000000, 0x000000008f100000, 0x000000008f100000|100%| E|CS|TAMS 0x000000008f000000, 0x000000008f000000| Complete 
| 241|0x000000008f100000, 0x000000008f200000, 0x000000008f200000|100%| E|CS|TAMS 0x000000008f100000, 0x000000008f100000| Complete 
| 242|0x000000008f200000, 0x000000008f300000, 0x000000008f300000|100%| E|CS|TAMS 0x000000008f200000, 0x000000008f200000| Complete 
| 243|0x000000008f300000, 0x000000008f400000, 0x000000008f400000|100%| E|CS|TAMS 0x000000008f300000, 0x000000008f300000| Complete 
| 244|0x000000008f400000, 0x000000008f500000, 0x000000008f500000|100%| E|CS|TAMS 0x000000008f400000, 0x000000008f400000| Complete 
| 245|0x000000008f500000, 0x000000008f600000, 0x000000008f600000|100%| E|CS|TAMS 0x000000008f500000, 0x000000008f500000| Complete 
| 246|0x000000008f600000, 0x000000008f700000, 0x000000008f700000|100%| E|CS|TAMS 0x000000008f600000, 0x000000008f600000| Complete 
| 247|0x000000008f700000, 0x000000008f800000, 0x000000008f800000|100%| E|CS|TAMS 0x000000008f700000, 0x000000008f700000| Complete 
| 248|0x000000008f800000, 0x000000008f900000, 0x000000008f900000|100%| E|CS|TAMS 0x000000008f800000, 0x000000008f800000| Complete 
| 249|0x000000008f900000, 0x000000008fa00000, 0x000000008fa00000|100%| E|CS|TAMS 0x000000008f900000, 0x000000008f900000| Complete 
| 250|0x000000008fa00000, 0x000000008fb00000, 0x000000008fb00000|100%| E|CS|TAMS 0x000000008fa00000, 0x000000008fa00000| Complete 
| 251|0x000000008fb00000, 0x000000008fc00000, 0x000000008fc00000|100%| E|CS|TAMS 0x000000008fb00000, 0x000000008fb00000| Complete 
| 252|0x000000008fc00000, 0x000000008fd00000, 0x000000008fd00000|100%| E|CS|TAMS 0x000000008fc00000, 0x000000008fc00000| Complete 
| 253|0x000000008fd00000, 0x000000008fe00000, 0x000000008fe00000|100%| E|CS|TAMS 0x000000008fd00000, 0x000000008fd00000| Complete 
| 254|0x000000008fe00000, 0x000000008fe82680, 0x000000008ff00000| 50%| S|CS|TAMS 0x000000008fe00000, 0x000000008fe00000| Complete 
| 255|0x000000008ff00000, 0x0000000090000000, 0x0000000090000000|100%| E|CS|TAMS 0x000000008ff00000, 0x000000008ff00000| Complete 
| 256|0x0000000090000000, 0x0000000090100000, 0x0000000090100000|100%| E|CS|TAMS 0x0000000090000000, 0x0000000090000000| Complete 
| 257|0x0000000090100000, 0x0000000090200000, 0x0000000090200000|100%| E|CS|TAMS 0x0000000090100000, 0x0000000090100000| Complete 
| 258|0x0000000090200000, 0x0000000090300000, 0x0000000090300000|100%| E|CS|TAMS 0x0000000090200000, 0x0000000090200000| Complete 
| 259|0x0000000090300000, 0x0000000090400000, 0x0000000090400000|100%| E|CS|TAMS 0x0000000090300000, 0x0000000090300000| Complete 
| 260|0x0000000090400000, 0x0000000090500000, 0x0000000090500000|100%| E|CS|TAMS 0x0000000090400000, 0x0000000090400000| Complete 
| 261|0x0000000090500000, 0x0000000090600000, 0x0000000090600000|100%| E|CS|TAMS 0x0000000090500000, 0x0000000090500000| Complete 
| 262|0x0000000090600000, 0x0000000090700000, 0x0000000090700000|100%| E|CS|TAMS 0x0000000090600000, 0x0000000090600000| Complete 
| 263|0x0000000090700000, 0x0000000090800000, 0x0000000090800000|100%| E|CS|TAMS 0x0000000090700000, 0x0000000090700000| Complete 

Card table byte_map: [0x000001fbe5830000,0x000001fbe5c30000] _byte_map_base: 0x000001fbe5430000

Marking Bits (Prev, Next): (CMBitMap*) 0x000001fbccb85f58, (CMBitMap*) 0x000001fbccb85f90
 Prev Bits: [0x000001fbe6030000, 0x000001fbe8030000)
 Next Bits: [0x000001fbe8030000, 0x000001fbea030000)

Polling page: 0x000001fbd59a0000

Metaspace:

Usage:
  Non-class:    122.14 MB capacity,   118.98 MB ( 97%) used,     2.67 MB (  2%) free+waste,   513.63 KB ( <1%) overhead. 
      Class:     20.50 MB capacity,    18.48 MB ( 90%) used,     1.78 MB (  9%) free+waste,   245.88 KB (  1%) overhead. 
       Both:    142.65 MB capacity,   137.46 MB ( 96%) used,     4.45 MB (  3%) free+waste,   759.50 KB ( <1%) overhead. 

Virtual space:
  Non-class space:      124.00 MB reserved,     122.20 MB ( 99%) committed 
      Class space:      504.00 MB reserved,      20.63 MB (  4%) committed 
             Both:      628.00 MB reserved,     142.83 MB ( 23%) committed 

Chunk freelists:
   Non-Class:  7.75 KB
       Class:  3.38 KB
        Both:  11.13 KB

CodeHeap 'non-profiled nmethods': size=120000Kb used=8654Kb max_used=8654Kb free=111345Kb
 bounds [0x000001fbdd490000, 0x000001fbddd10000, 0x000001fbe49c0000]
CodeHeap 'profiled nmethods': size=120000Kb used=32534Kb max_used=32534Kb free=87465Kb
 bounds [0x000001fbd5f60000, 0x000001fbd7f30000, 0x000001fbdd490000]
CodeHeap 'non-nmethods': size=5760Kb used=2368Kb max_used=2409Kb free=3391Kb
 bounds [0x000001fbd59c0000, 0x000001fbd5c30000, 0x000001fbd5f60000]
 total_blobs=16295 nmethods=15277 adapters=929
 compilation: enabled
              stopped_count=0, restarted_count=0
 full_count=0

Compilation events (10 events):
Event: 145.347 Thread 0x000001fbfa314000 15899       4       org.jetbrains.kotlin.it.unimi.dsi.fastutil.HashCommon::mix (12 bytes)
Event: 145.347 Thread 0x000001fbfa314000 nmethod 15899 0x000001fbddd02910 code [0x000001fbddd02a80, 0x000001fbddd02ad8]
Event: 145.748 Thread 0x000001fbfa314000 15908       4       jdk.internal.misc.Unsafe::allocateUninitializedArray (52 bytes)
Event: 145.748 Thread 0x000001fbecb3d800 15910   !   3       java.util.concurrent.LinkedBlockingDeque::offerLast (53 bytes)
Event: 145.750 Thread 0x000001fbecb3d800 nmethod 15910 0x000001fbd7f20310 code [0x000001fbd7f20580, 0x000001fbd7f20ff8]
Event: 145.750 Thread 0x000001fbecb3d800 15911       3       java.util.concurrent.LinkedBlockingDeque$Node::<init> (10 bytes)
Event: 145.751 Thread 0x000001fbecb3d800 nmethod 15911 0x000001fbd7f21410 code [0x000001fbd7f215a0, 0x000001fbd7f21758]
Event: 145.752 Thread 0x000001fbfa314000 nmethod 15908 0x000001fbddd02b90 code [0x000001fbddd02d20, 0x000001fbddd02ed8]
Event: 145.753 Thread 0x000001fbfa314000 15909       4       jdk.internal.misc.Unsafe::allocateUninitializedArray0 (90 bytes)
Event: 145.756 Thread 0x000001fbfa314000 nmethod 15909 0x000001fbddd03010 code [0x000001fbddd031a0, 0x000001fbddd032f8]

GC Heap History (10 events):
Event: 143.670 GC heap before
{Heap before GC invocations=114 (full 0):
 garbage-first heap   total 270336K, used 232070K [0x0000000080000000, 0x0000000100000000)
  region size 1024K, 41 young (41984K), 2 survivors (2048K)
 Metaspace       used 132016K, capacity 137270K, committed 137552K, reserved 634880K
  class space    used 18032K, capacity 20071K, committed 20096K, reserved 516096K
}
Event: 143.675 GC heap after
{Heap after GC invocations=115 (full 0):
 garbage-first heap   total 270336K, used 195454K [0x0000000080000000, 0x0000000100000000)
  region size 1024K, 5 young (5120K), 5 survivors (5120K)
 Metaspace       used 132016K, capacity 137270K, committed 137552K, reserved 634880K
  class space    used 18032K, capacity 20071K, committed 20096K, reserved 516096K
}
Event: 143.837 GC heap before
{Heap before GC invocations=115 (full 0):
 garbage-first heap   total 270336K, used 203646K [0x0000000080000000, 0x0000000100000000)
  region size 1024K, 13 young (13312K), 5 survivors (5120K)
 Metaspace       used 132558K, capacity 137849K, committed 138192K, reserved 634880K
  class space    used 18094K, capacity 20136K, committed 20224K, reserved 516096K
}
Event: 143.842 GC heap after
{Heap after GC invocations=116 (full 0):
 garbage-first heap   total 270336K, used 195177K [0x0000000080000000, 0x0000000100000000)
  region size 1024K, 1 young (1024K), 1 survivors (1024K)
 Metaspace       used 132558K, capacity 137849K, committed 138192K, reserved 634880K
  class space    used 18094K, capacity 20136K, committed 20224K, reserved 516096K
}
Event: 144.305 GC heap before
{Heap before GC invocations=116 (full 0):
 garbage-first heap   total 270336K, used 228969K [0x0000000080000000, 0x0000000100000000)
  region size 1024K, 34 young (34816K), 1 survivors (1024K)
 Metaspace       used 135173K, capacity 140454K, committed 140752K, reserved 636928K
  class space    used 18326K, capacity 20362K, committed 20480K, reserved 516096K
}
Event: 144.309 GC heap after
{Heap after GC invocations=117 (full 0):
 garbage-first heap   total 270336K, used 196132K [0x0000000080000000, 0x0000000100000000)
  region size 1024K, 2 young (2048K), 2 survivors (2048K)
 Metaspace       used 135173K, capacity 140454K, committed 140752K, reserved 636928K
  class space    used 18326K, capacity 20362K, committed 20480K, reserved 516096K
}
Event: 144.886 GC heap before
{Heap before GC invocations=118 (full 0):
 garbage-first heap   total 270336K, used 230948K [0x0000000080000000, 0x0000000100000000)
  region size 1024K, 36 young (36864K), 2 survivors (2048K)
 Metaspace       used 137959K, capacity 143214K, committed 143568K, reserved 638976K
  class space    used 18587K, capacity 20621K, committed 20736K, reserved 516096K
}
Event: 144.890 GC heap after
{Heap after GC invocations=119 (full 0):
 garbage-first heap   total 270336K, used 197510K [0x0000000080000000, 0x0000000100000000)
  region size 1024K, 4 young (4096K), 4 survivors (4096K)
 Metaspace       used 137959K, capacity 143214K, committed 143568K, reserved 638976K
  class space    used 18587K, capacity 20621K, committed 20736K, reserved 516096K
}
Event: 145.034 GC heap before
{Heap before GC invocations=119 (full 0):
 garbage-first heap   total 270336K, used 205702K [0x0000000080000000, 0x0000000100000000)
  region size 1024K, 13 young (13312K), 4 survivors (4096K)
 Metaspace       used 138797K, capacity 144041K, committed 144080K, reserved 641024K
  class space    used 18681K, capacity 20725K, committed 20736K, reserved 516096K
}
Event: 145.038 GC heap after
{Heap after GC invocations=120 (full 0):
 garbage-first heap   total 270336K, used 197362K [0x0000000080000000, 0x0000000100000000)
  region size 1024K, 1 young (1024K), 1 survivors (1024K)
 Metaspace       used 138797K, capacity 144041K, committed 144080K, reserved 641024K
  class space    used 18681K, capacity 20725K, committed 20736K, reserved 516096K
}

Deoptimization events (10 events):
Event: 143.314 Thread 0x000001fbee3e3800 Uncommon trap: reason=class_check action=maybe_recompile pc=0x000001fbddc96074 method=org.jetbrains.kotlin.protobuf.CodedInputStream.tryRefillBuffer(I)Z @ 177 c2
Event: 143.858 Thread 0x000001fbee3e3800 Uncommon trap: reason=unstable_if action=reinterpret pc=0x000001fbddc55580 method=org.jetbrains.kotlin.com.intellij.util.SmartList.get(I)Ljava/lang/Object; @ 13 c2
Event: 144.727 Thread 0x000001fbee3e3800 Uncommon trap: reason=unstable_if action=reinterpret pc=0x000001fbddce0744 method=java.lang.reflect.AccessibleObject.verifyAccess(Ljava/lang/Class;Ljava/lang/Class;Ljava/lang/Class;I)Z @ 2 c2
Event: 144.727 Thread 0x000001fbee3e3800 Uncommon trap: reason=unstable_if action=reinterpret pc=0x000001fbddce00f4 method=java.lang.reflect.AccessibleObject.verifyAccess(Ljava/lang/Class;Ljava/lang/Class;Ljava/lang/Class;I)Z @ 2 c2
Event: 145.185 Thread 0x000001fbee3e3800 Uncommon trap: reason=unstable_if action=reinterpret pc=0x000001fbddc70238 method=org.jetbrains.org.objectweb.asm.ClassReader.readUtf(II[C)Ljava/lang/String; @ 41 c2
Event: 145.198 Thread 0x000001fbee3e3800 Uncommon trap: reason=bimorphic_or_optimized_type_check action=maybe_recompile pc=0x000001fbddca64ec method=org.jetbrains.kotlin.protobuf.CodedInputStream.tryRefillBuffer(I)Z @ 177 c2
Event: 145.202 Thread 0x000001fbee3e3800 Uncommon trap: reason=bimorphic_or_optimized_type_check action=maybe_recompile pc=0x000001fbddca64ec method=org.jetbrains.kotlin.protobuf.CodedInputStream.tryRefillBuffer(I)Z @ 177 c2
Event: 145.202 Thread 0x000001fbee3e3800 Uncommon trap: reason=bimorphic_or_optimized_type_check action=maybe_recompile pc=0x000001fbddca64ec method=org.jetbrains.kotlin.protobuf.CodedInputStream.tryRefillBuffer(I)Z @ 177 c2
Event: 145.205 Thread 0x000001fbee3e3800 Uncommon trap: reason=bimorphic_or_optimized_type_check action=maybe_recompile pc=0x000001fbddca64ec method=org.jetbrains.kotlin.protobuf.CodedInputStream.tryRefillBuffer(I)Z @ 177 c2
Event: 145.229 Thread 0x000001fbee3e3800 Uncommon trap: reason=bimorphic_or_optimized_type_check action=maybe_recompile pc=0x000001fbddca3ac0 method=org.jetbrains.kotlin.protobuf.CodedInputStream.tryRefillBuffer(I)Z @ 177 c2

Classes redefined (0 events):
No events

Internal exceptions (10 events):
Event: 139.310 Thread 0x000001fbee3e3800 Exception <a 'java/lang/NoSuchMethodError'{0x000000008f065b78}: java.lang.invoke.DirectMethodHandle$Holder.invokeSpecial(Ljava/lang/Object;Ljava/lang/Object;Ljava/lang/Object;Ljava/lang/Object;J)Ljava/lang/Object;> (0x000000008f065b78) thrown at [./open/s
Event: 139.310 Thread 0x000001fbee3e3800 Exception <a 'java/lang/NoSuchMethodError'{0x000000008f06a610}: java.lang.invoke.DelegatingMethodHandle$Holder.reinvoke_L(Ljava/lang/Object;Ljava/lang/Object;Ljava/lang/Object;J)Ljava/lang/Object;> (0x000000008f06a610) thrown at [./open/src/hotspot/share/
Event: 139.315 Thread 0x000001fbee3e3800 Exception <a 'java/lang/NoSuchMethodError'{0x000000008f0ac2a0}: java.lang.invoke.Invokers$Holder.invoke_MT(Ljava/lang/Object;Ljava/lang/Object;Ljava/lang/Object;Ljava/lang/Object;)J> (0x000000008f0ac2a0) thrown at [./open/src/hotspot/share/interpreter/lin
Event: 139.316 Thread 0x000001fbee3e3800 Exception <a 'java/lang/NoSuchMethodError'{0x000000008f0b0b20}: java.lang.invoke.DelegatingMethodHandle$Holder.reinvoke_L(Ljava/lang/Object;Ljava/lang/Object;Ljava/lang/Object;)J> (0x000000008f0b0b20) thrown at [./open/src/hotspot/share/interpreter/linkRe
Event: 139.317 Thread 0x000001fbee3e3800 Exception <a 'java/lang/NoSuchMethodError'{0x000000008f0c40c8}: java.lang.invoke.DelegatingMethodHandle$Holder.reinvoke_L(Ljava/lang/Object;Ljava/lang/Object;Ljava/lang/Object;JI)I> (0x000000008f0c40c8) thrown at [./open/src/hotspot/share/interpreter/link
Event: 139.319 Thread 0x000001fbee3e3800 Exception <a 'java/lang/NoSuchMethodError'{0x000000008f0def28}: java.lang.invoke.Invokers$Holder.invokeExact_MT(Ljava/lang/Object;Ljava/lang/Object;JLjava/lang/Object;)Ljava/lang/Object;> (0x000000008f0def28) thrown at [./open/src/hotspot/share/interprete
Event: 139.558 Thread 0x000001fbee3e3800 Exception <a 'java/lang/NoSuchMethodError'{0x000000009062eac0}: java.lang.invoke.DirectMethodHandle$Holder.invokeStaticInit(Ljava/lang/Object;I)Ljava/lang/Object;> (0x000000009062eac0) thrown at [./open/src/hotspot/share/interpreter/linkResolver.cpp, line
Event: 139.667 Thread 0x000001fbee3e3800 Exception <a 'java/lang/NoSuchMethodError'{0x00000000901746c8}: java.lang.invoke.DirectMethodHandle$Holder.invokeStatic(Ljava/lang/Object;)J> (0x00000000901746c8) thrown at [./open/src/hotspot/share/interpreter/linkResolver.cpp, line 772]
Event: 139.668 Thread 0x000001fbee3e3800 Exception <a 'java/lang/NoSuchMethodError'{0x0000000090178d00}: java.lang.invoke.DirectMethodHandle$Holder.invokeStaticInit(Ljava/lang/Object;)J> (0x0000000090178d00) thrown at [./open/src/hotspot/share/interpreter/linkResolver.cpp, line 772]
Event: 141.933 Thread 0x000001fbee3e3800 Implicit null exception at 0x000001fbddc51de4 to 0x000001fbddc54100

Events (10 events):
Event: 145.363 loading class org/jetbrains/kotlin/load/java/lazy/descriptors/LazyJavaClassDescriptor$scopeHolder$1
Event: 145.363 loading class org/jetbrains/kotlin/load/java/lazy/descriptors/LazyJavaClassDescriptor$scopeHolder$1 done
Event: 145.363 loading class org/jetbrains/kotlin/resolve/scopes/InnerClassesScopeWrapper
Event: 145.363 loading class org/jetbrains/kotlin/resolve/scopes/InnerClassesScopeWrapper done
Event: 145.365 loading class org/jetbrains/kotlin/load/java/lazy/descriptors/LazyJavaStaticClassScope
Event: 145.365 loading class org/jetbrains/kotlin/load/java/lazy/descriptors/LazyJavaStaticClassScope done
Event: 145.366 loading class org/jetbrains/kotlin/load/java/lazy/descriptors/LazyJavaClassDescriptor$declaredParameters$1
Event: 145.366 loading class org/jetbrains/kotlin/load/java/lazy/descriptors/LazyJavaClassDescriptor$declaredParameters$1 done
Event: 145.367 loading class org/jetbrains/kotlin/types/TypeConstructorSubstitution
Event: 145.367 loading class org/jetbrains/kotlin/types/TypeConstructorSubstitution done


Dynamic libraries:
0x00007ff66bb10000 - 0x00007ff66bb1f000 	C:\Program Files\Java\jdk-11.0.16\bin\java.exe
0x00007ffa0e400000 - 0x00007ffa0e628000 	C:\WINDOWS\SYSTEM32\ntdll.dll
0x00007ffa0d4f0000 - 0x00007ffa0d5b2000 	C:\WINDOWS\System32\KERNEL32.DLL
0x00007ffa0bba0000 - 0x00007ffa0beef000 	C:\WINDOWS\System32\KERNELBASE.dll
0x00007ffa0bf60000 - 0x00007ffa0c070000 	C:\WINDOWS\System32\ucrtbase.dll
0x00007ff97c5e0000 - 0x00007ff97c5f8000 	C:\Program Files\Java\jdk-11.0.16\bin\jli.dll
0x00007ffa0d5c0000 - 0x00007ffa0d66f000 	C:\WINDOWS\System32\ADVAPI32.dll
0x00007ffa0d1e0000 - 0x00007ffa0d286000 	C:\WINDOWS\System32\msvcrt.dll
0x00007ffa0c2b0000 - 0x00007ffa0c353000 	C:\WINDOWS\System32\sechost.dll
0x00007ffa0daa0000 - 0x00007ffa0dbc7000 	C:\WINDOWS\System32\RPCRT4.dll
0x00007ffa0d290000 - 0x00007ffa0d440000 	C:\WINDOWS\System32\USER32.dll
0x00007ffa0bab0000 - 0x00007ffa0bad6000 	C:\WINDOWS\System32\win32u.dll
0x00007ffa0dcf0000 - 0x00007ffa0dd19000 	C:\WINDOWS\System32\GDI32.dll
0x00007ffa0b990000 - 0x00007ffa0baae000 	C:\WINDOWS\System32\gdi32full.dll
0x00007ffa0c070000 - 0x00007ffa0c114000 	C:\WINDOWS\System32\msvcp_win.dll
0x00007ff98ef10000 - 0x00007ff98ef25000 	C:\Program Files\Java\jdk-11.0.16\bin\VCRUNTIME140.dll
0x00007ff9ec900000 - 0x00007ff9ecb8e000 	C:\WINDOWS\WinSxS\amd64_microsoft.windows.common-controls_6595b64144ccf1df_6.0.25393.1_none_16cac9dff076f9e7\COMCTL32.dll
0x00007ff9fb8b0000 - 0x00007ff9fb8ba000 	C:\WINDOWS\SYSTEM32\VERSION.dll
0x00007ffa0c3b0000 - 0x00007ffa0c3e0000 	C:\WINDOWS\System32\IMM32.DLL
0x00007ff97c540000 - 0x00007ff97c5db000 	C:\Program Files\Java\jdk-11.0.16\bin\msvcp140.dll
0x00007ff97ba20000 - 0x00007ff97c538000 	C:\Program Files\Java\jdk-11.0.16\bin\server\jvm.dll
0x00007ffa0e350000 - 0x00007ffa0e358000 	C:\WINDOWS\System32\PSAPI.DLL
0x00007ffa06420000 - 0x00007ffa06429000 	C:\WINDOWS\SYSTEM32\WSOCK32.dll
0x00007ffa0d150000 - 0x00007ffa0d1c3000 	C:\WINDOWS\System32\WS2_32.dll
0x00007ffa05930000 - 0x00007ffa05965000 	C:\WINDOWS\SYSTEM32\WINMM.dll
0x00007ffa0a8f0000 - 0x00007ffa0a908000 	C:\WINDOWS\SYSTEM32\kernel.appcore.dll
0x00007ff9a87d0000 - 0x00007ff9a87e0000 	C:\Program Files\Java\jdk-11.0.16\bin\verify.dll
0x00007ff9fc970000 - 0x00007ff9fcba4000 	C:\WINDOWS\SYSTEM32\DBGHELP.DLL
0x00007ffa0dd20000 - 0x00007ffa0e0a1000 	C:\WINDOWS\System32\combase.dll
0x00007ffa0e0b0000 - 0x00007ffa0e183000 	C:\WINDOWS\System32\OLEAUT32.dll
0x00007ff9f2690000 - 0x00007ff9f26c0000 	C:\WINDOWS\SYSTEM32\dbgcore.DLL
0x00007ffa0b900000 - 0x00007ffa0b983000 	C:\WINDOWS\System32\bcryptPrimitives.dll
0x00007ff97b9f0000 - 0x00007ff97ba18000 	C:\Program Files\Java\jdk-11.0.16\bin\java.dll
0x00007ff989eb0000 - 0x00007ff989eba000 	C:\Program Files\Java\jdk-11.0.16\bin\jimage.dll
0x00007ffa06c80000 - 0x00007ffa06c8e000 	C:\Program Files\Java\jdk-11.0.16\bin\instrument.dll
0x00007ff97b9d0000 - 0x00007ff97b9e6000 	C:\Program Files\Java\jdk-11.0.16\bin\zip.dll
0x00007ffa0c9b0000 - 0x00007ffa0d14a000 	C:\WINDOWS\System32\SHELL32.dll
0x00007ffa09900000 - 0x00007ffa0a11b000 	C:\WINDOWS\SYSTEM32\windows.storage.dll
0x00007ffa0d8d0000 - 0x00007ffa0d9a7000 	C:\WINDOWS\System32\SHCORE.dll
0x00007ffa0e360000 - 0x00007ffa0e3bc000 	C:\WINDOWS\System32\shlwapi.dll
0x00007ffa0b830000 - 0x00007ffa0b851000 	C:\WINDOWS\SYSTEM32\profapi.dll
0x00007ff97b9b0000 - 0x00007ff97b9c9000 	C:\Program Files\Java\jdk-11.0.16\bin\net.dll
0x00007ffa05660000 - 0x00007ffa05787000 	C:\WINDOWS\SYSTEM32\WINHTTP.dll
0x00007ffa0ad10000 - 0x00007ffa0ad78000 	C:\WINDOWS\system32\mswsock.dll
0x00007ff97b990000 - 0x00007ff97b9a2000 	C:\Program Files\Java\jdk-11.0.16\bin\nio.dll
0x00007ffa06ad0000 - 0x00007ffa06af7000 	C:\Users\anhph\.gradle\native\68d5fa5c4cc2d200863cafc0d521ce42e7d3e7ee720ec0a83991735586a16f82\windows-amd64\native-platform.dll
0x00007ff97b7b0000 - 0x00007ff97b8f4000 	C:\Users\anhph\.gradle\native\e376f236ea51e6404a007f0833ffe2c6e607c4080706a723a18a27aeea778392\windows-amd64\native-platform-file-events.dll
0x00007ff97b7a0000 - 0x00007ff97b7a9000 	C:\Program Files\Java\jdk-11.0.16\bin\management.dll
0x00007ff97b790000 - 0x00007ff97b79b000 	C:\Program Files\Java\jdk-11.0.16\bin\management_ext.dll
0x00007ffa0b070000 - 0x00007ffa0b08b000 	C:\WINDOWS\SYSTEM32\CRYPTSP.dll
0x00007ffa0a850000 - 0x00007ffa0a886000 	C:\WINDOWS\system32\rsaenh.dll
0x00007ffa0add0000 - 0x00007ffa0adf8000 	C:\WINDOWS\SYSTEM32\USERENV.dll
0x00007ffa0b2c0000 - 0x00007ffa0b2e7000 	C:\WINDOWS\SYSTEM32\bcrypt.dll
0x00007ffa0af40000 - 0x00007ffa0af4c000 	C:\WINDOWS\SYSTEM32\CRYPTBASE.dll
0x00007ffa0a370000 - 0x00007ffa0a39f000 	C:\WINDOWS\SYSTEM32\IPHLPAPI.DLL
0x00007ffa0d1d0000 - 0x00007ffa0d1d9000 	C:\WINDOWS\System32\NSI.dll
0x00007ffa05640000 - 0x00007ffa05659000 	C:\WINDOWS\SYSTEM32\dhcpcsvc6.DLL
0x00007ffa05620000 - 0x00007ffa0563e000 	C:\WINDOWS\SYSTEM32\dhcpcsvc.DLL
0x00007ffa0a3e0000 - 0x00007ffa0a4ec000 	C:\WINDOWS\SYSTEM32\DNSAPI.dll
0x00007ff9bd9f0000 - 0x00007ff9bd9f7000 	C:\Program Files\Java\jdk-11.0.16\bin\rmi.dll
0x00007ffa094d0000 - 0x00007ffa09504000 	C:\WINDOWS\SYSTEM32\ntmarta.dll

dbghelp: loaded successfully - version: 4.0.5 - missing functions: none
symbol engine: initialized successfully - sym options: 0x614 - pdb path: .;C:\Program Files\Java\jdk-11.0.16\bin;C:\WINDOWS\SYSTEM32;C:\WINDOWS\WinSxS\amd64_microsoft.windows.common-controls_6595b64144ccf1df_6.0.25393.1_none_16cac9dff076f9e7;C:\Program Files\Java\jdk-11.0.16\bin\server;C:\Users\anhph\.gradle\native\68d5fa5c4cc2d200863cafc0d521ce42e7d3e7ee720ec0a83991735586a16f82\windows-amd64;C:\Users\anhph\.gradle\native\e376f236ea51e6404a007f0833ffe2c6e607c4080706a723a18a27aeea778392\windows-amd64

VM Arguments:
jvm_args: -XX:MaxMetaspaceSize=512m --add-opens=java.base/java.util=ALL-UNNAMED --add-opens=java.base/java.lang=ALL-UNNAMED --add-opens=java.base/java.lang.invoke=ALL-UNNAMED --add-opens=java.prefs/java.util.prefs=ALL-UNNAMED --add-opens=java.base/java.nio.charset=ALL-UNNAMED --add-opens=java.base/java.net=ALL-UNNAMED --add-opens=java.base/java.util.concurrent.atomic=ALL-UNNAMED -Xmx2048m -Dfile.encoding=utf8 -Duser.country=US -Duser.language=en -Duser.variant -javaagent:C:\Users\anhph\.gradle\wrapper\dists\gradle-8.1.1-all\bs1rrjki8hh9bujwbsqnxtuzr\gradle-8.1.1\lib\agents\gradle-instrumentation-agent-8.1.1.jar 
java_command: org.gradle.launcher.daemon.bootstrap.GradleDaemon 8.1.1
java_class_path (initial): C:\Users\anhph\.gradle\wrapper\dists\gradle-8.1.1-all\bs1rrjki8hh9bujwbsqnxtuzr\gradle-8.1.1\lib\gradle-launcher-8.1.1.jar
Launcher Type: SUN_STANDARD

[Global flags]
     intx CICompilerCount                          = 4                                         {product} {ergonomic}
   size_t CompressedClassSpaceSize                 = 528482304                                 {product} {ergonomic}
     uint ConcGCThreads                            = 2                                         {product} {ergonomic}
     uint G1ConcRefinementThreads                  = 8                                         {product} {ergonomic}
   size_t G1HeapRegionSize                         = 1048576                                   {product} {ergonomic}
    uintx GCDrainStackTargetSize                   = 64                                        {product} {ergonomic}
   size_t InitialHeapSize                          = 132120576                                 {product} {ergonomic}
   size_t MarkStackSize                            = 4194304                                   {product} {ergonomic}
   size_t MaxHeapSize                              = 2147483648                                {product} {command line}
   size_t MaxMetaspaceSize                         = 536870912                                 {product} {command line}
   size_t MaxNewSize                               = 1287651328                                {product} {ergonomic}
   size_t MinHeapDeltaBytes                        = 1048576                                   {product} {ergonomic}
    uintx NonNMethodCodeHeapSize                   = 5836300                                {pd product} {ergonomic}
    uintx NonProfiledCodeHeapSize                  = 122910970                              {pd product} {ergonomic}
    uintx ProfiledCodeHeapSize                     = 122910970                              {pd product} {ergonomic}
    uintx ReservedCodeCacheSize                    = 251658240                              {pd product} {ergonomic}
     bool SegmentedCodeCache                       = true                                      {product} {ergonomic}
     bool UseCompressedClassPointers               = true                                 {lp64_product} {ergonomic}
     bool UseCompressedOops                        = true                                 {lp64_product} {ergonomic}
     bool UseG1GC                                  = true                                      {product} {ergonomic}
     bool UseLargePagesIndividualAllocation        = false                                  {pd product} {ergonomic}

Logging:
Log output configuration:
 #0: stdout all=warning uptime,level,tags
 #1: stderr all=off uptime,level,tags

Environment Variables:
PATH=C:\Program Files\Common Files\Oracle\Java\javapath;C:\Program Files (x86)\Common Files\Oracle\Java\javapath;C:\Program Files (x86)\VMware\VMware Workstation\bin\;C:\WINDOWS\system32;C:\WINDOWS;C:\WINDOWS\System32\Wbem;C:\WINDOWS\System32\WindowsPowerShell\v1.0\;C:\WINDOWS\System32\OpenSSH\;C:\Program Files\Git\cmd;C:\Program Files\nodejs\;C:\xampp\php;D:\Downloads(D)\INSTALL\Composer;C:\composer;C:\xampp\Composer;C:\Program Files\Azure Data Studio\bin;C:\Program Files\Microsoft SQL Server\Client SDK\ODBC\170\Tools\Binn\;C:\Program Files (x86)\Microsoft SQL Server\150\Tools\Binn\;C:\Program Files\Microsoft SQL Server\150\Tools\Binn\;C:\Program Files\Microsoft SQL Server\150\DTS\Binn\;C:\Program Files (x86)\Microsoft SQL Server\150\DTS\Binn\;C:\Users\anhph\AppData\Local\Microsoft\WindowsApps;D:\Visuo studio code\Microsoft VS Code\bin;C:\Users\anhph\AppData\Roaming\npm;C:\Users\anhph\AppData\Roaming\Composer\vendor\bin;C:\Program Files\Azure Data Studio\bin;C:\Users\anhph\AppData\Local\Android\Sdk\platform-tools;
USERNAME=anhph
OS=Windows_NT
PROCESSOR_IDENTIFIER=Intel64 Family 6 Model 142 Stepping 12, GenuineIntel



---------------  S Y S T E M  ---------------

OS: Windows 11 , 64 bit Build 25393 (10.0.25393.1)
Hyper-V role detected

CPU:total 8 (initial active 8) (4 cores per cpu, 2 threads per core) family 6 model 142 stepping 12 microcode 0xea, cmov, cx8, fxsr, mmx, sse, sse2, sse3, ssse3, sse4.1, sse4.2, popcnt, avx, avx2, aes, clmul, erms, 3dnowpref, lzcnt, ht, tsc, tscinvbit, bmi1, bmi2, adx, fma

Memory: 4k page, system-wide physical 8013M (551M free)
TotalPageFile size 17229M (AvailPageFile size 5M)
current process WorkingSet (physical memory assigned to process): 561M, peak: 561M
current process commit charge ("private bytes"): 651M, peak: 652M

vm_info: Java HotSpot(TM) 64-Bit Server VM (11.0.16+11-LTS-199) for windows-amd64 JRE (11.0.16+11-LTS-199), built on Jun 28 2022 08:23:17 by "mach5one" with MS VC++ 15.9 (VS2017)

END.
