#
# There is insufficient memory for the Java Runtime Environment to continue.
# Native memory allocation (malloc) failed to allocate 1843696 bytes for Chunk::new
# Possible reasons:
#   The system is out of physical RAM or swap space
#   The process is running with CompressedOops enabled, and the Java Heap may be blocking the growth of the native heap
# Possible solutions:
#   Reduce memory load on the system
#   Increase physical memory or swap space
#   Check if swap backing store is full
#   Decrease Java heap size (-Xmx/-Xms)
#   Decrease number of Java threads
#   Decrease Java thread stack sizes (-Xss)
#   Set larger code cache with -XX:ReservedCodeCacheSize=
#   JVM is running with Unscaled Compressed Oops mode in which the Java heap is
#     placed in the first 4GB address space. The Java Heap base address is the
#     maximum limit for the native heap growth. Please use -XX:HeapBaseMinAddress
#     to set the Java Heap base and to place the Java Heap above 4GB virtual address.
# This output file may be truncated or incomplete.
#
#  Out of Memory Error (./open/src/hotspot/share/memory/arena.cpp:197), pid=19608, tid=21096
#
# JRE version: Java(TM) SE Runtime Environment 18.9 (11.0.16+11) (build 11.0.16+11-LTS-199)
# Java VM: Java HotSpot(TM) 64-Bit Server VM 18.9 (11.0.16+11-LTS-199, mixed mode, tiered, compressed oops, g1 gc, windows-amd64)
# No core dump will be written. Minidumps are not enabled by default on client versions of Windows
#

---------------  S U M M A R Y ------------

Command Line: -XX:MaxMetaspaceSize=512m --add-opens=java.base/java.util=ALL-UNNAMED --add-opens=java.base/java.lang=ALL-UNNAMED --add-opens=java.base/java.lang.invoke=ALL-UNNAMED --add-opens=java.prefs/java.util.prefs=ALL-UNNAMED --add-opens=java.base/java.nio.charset=ALL-UNNAMED --add-opens=java.base/java.net=ALL-UNNAMED --add-opens=java.base/java.util.concurrent.atomic=ALL-UNNAMED -Xmx2048m -Dfile.encoding=utf8 -Duser.country=US -Duser.language=en -Duser.variant org.gradle.launcher.daemon.bootstrap.GradleDaemon 8.0.1

Host: Intel(R) Core(TM) i5-10210U CPU @ 1.60GHz, 8 cores, 7G,  Windows 11 , 64 bit Build 25393 (10.0.25393.1)
Time: Thu Jun 22 17:01:25 2023 SE Asia Standard Time elapsed time: 22.278605 seconds (0d 0h 0m 22s)

---------------  T H R E A D  ---------------

Current thread (0x000002bd9df55000):  JavaThread "C2 CompilerThread0" daemon [_thread_in_native, id=21096, stack(0x000000f705e00000,0x000000f705f00000)]


Current CompileTask:
C2:  22278 4172       4       java.lang.invoke.MethodType::makeImpl (108 bytes)

Stack: [0x000000f705e00000,0x000000f705f00000]
Native frames: (J=compiled Java code, j=interpreted, Vv=VM code, C=native code)
V  [jvm.dll+0x62a3ea]
V  [jvm.dll+0x76418f]
V  [jvm.dll+0x765839]
V  [jvm.dll+0x765ec3]
V  [jvm.dll+0x23da98]
V  [jvm.dll+0xb2a1c]
V  [jvm.dll+0xb2fdc]
V  [jvm.dll+0x341442]
V  [jvm.dll+0x30ec83]
V  [jvm.dll+0x30dfca]
V  [jvm.dll+0x1f84a5]
V  [jvm.dll+0x1f768d]
V  [jvm.dll+0x177c81]
V  [jvm.dll+0x207006]
V  [jvm.dll+0x20519b]
V  [jvm.dll+0x729fa0]
V  [jvm.dll+0x722b74]
V  [jvm.dll+0x629286]
C  [ucrtbase.dll+0x28c41]
C  [KERNEL32.DLL+0x3db1]
C  [ntdll.dll+0x14801]


---------------  P R O C E S S  ---------------

Threads class SMR info:
_java_thread_list=0x000002bda0794d10, length=40, elements={
0x000002bdffed8000, 0x000002bd9df32800, 0x000002bd9df3c000, 0x000002bd9e8d3000,
0x000002bd9df52800, 0x000002bd9df53800, 0x000002bd9df55000, 0x000002bd9df59000,
0x000002bd9df72000, 0x000002bd9ea2f800, 0x000002bd9ea2d800, 0x000002bd9ea30000,
0x000002bd9ea31000, 0x000002bd9ea2b000, 0x000002bd9ea2e800, 0x000002bd9ea31800,
0x000002bd9ea2c000, 0x000002bd9ea2d000, 0x000002bd9f659000, 0x000002bd9f65b000,
0x000002bd9f658800, 0x000002bd9f65b800, 0x000002bd9f65f000, 0x000002bd9f65c800,
0x000002bd9f65d000, 0x000002bd9f65e000, 0x000002bd9f65f800, 0x000002bd9f65a000,
0x000002bd9f666000, 0x000002bd9f664800, 0x000002bd9f661800, 0x000002bd9f663000,
0x000002bd9f662000, 0x000002bda0fc6000, 0x000002bda0fca000, 0x000002bda0fc6800,
0x000002bda0fc9000, 0x000002bda0fc7800, 0x000002bda0fcb000, 0x000002bda0fc5000
}

Java Threads: ( => current thread )
  0x000002bdffed8000 JavaThread "main" [_thread_blocked, id=14664, stack(0x000000f705200000,0x000000f705300000)]
  0x000002bd9df32800 JavaThread "Reference Handler" daemon [_thread_blocked, id=14308, stack(0x000000f705900000,0x000000f705a00000)]
  0x000002bd9df3c000 JavaThread "Finalizer" daemon [_thread_blocked, id=21452, stack(0x000000f705a00000,0x000000f705b00000)]
  0x000002bd9e8d3000 JavaThread "Signal Dispatcher" daemon [_thread_blocked, id=6788, stack(0x000000f705b00000,0x000000f705c00000)]
  0x000002bd9df52800 JavaThread "Attach Listener" daemon [_thread_blocked, id=14192, stack(0x000000f705c00000,0x000000f705d00000)]
  0x000002bd9df53800 JavaThread "Service Thread" daemon [_thread_blocked, id=18868, stack(0x000000f705d00000,0x000000f705e00000)]
=>0x000002bd9df55000 JavaThread "C2 CompilerThread0" daemon [_thread_in_native, id=21096, stack(0x000000f705e00000,0x000000f705f00000)]
  0x000002bd9df59000 JavaThread "C1 CompilerThread0" daemon [_thread_blocked, id=21296, stack(0x000000f705f00000,0x000000f706000000)]
  0x000002bd9df72000 JavaThread "Sweeper thread" daemon [_thread_blocked, id=21436, stack(0x000000f706000000,0x000000f706100000)]
  0x000002bd9ea2f800 JavaThread "Common-Cleaner" daemon [_thread_blocked, id=3640, stack(0x000000f706100000,0x000000f706200000)]
  0x000002bd9ea2d800 JavaThread "Daemon health stats" [_thread_blocked, id=19416, stack(0x000000f706500000,0x000000f706600000)]
  0x000002bd9ea30000 JavaThread "Incoming local TCP Connector on port 55925" [_thread_in_native, id=22084, stack(0x000000f706600000,0x000000f706700000)]
  0x000002bd9ea31000 JavaThread "Daemon periodic checks" [_thread_blocked, id=22472, stack(0x000000f706700000,0x000000f706800000)]
  0x000002bd9ea2b000 JavaThread "Daemon" [_thread_blocked, id=5632, stack(0x000000f706800000,0x000000f706900000)]
  0x000002bd9ea2e800 JavaThread "Handler for socket connection from /127.0.0.1:55925 to /127.0.0.1:55926" [_thread_in_native, id=18016, stack(0x000000f706900000,0x000000f706a00000)]
  0x000002bd9ea31800 JavaThread "Cancel handler" [_thread_blocked, id=12736, stack(0x000000f706a00000,0x000000f706b00000)]
  0x000002bd9ea2c000 JavaThread "Daemon worker" [_thread_in_vm, id=488, stack(0x000000f706b00000,0x000000f706c00000)]
  0x000002bd9ea2d000 JavaThread "Asynchronous log dispatcher for DefaultDaemonConnection: socket connection from /127.0.0.1:55925 to /127.0.0.1:55926" [_thread_blocked, id=14292, stack(0x000000f706c00000,0x000000f706d00000)]
  0x000002bd9f659000 JavaThread "Stdin handler" [_thread_blocked, id=3524, stack(0x000000f706d00000,0x000000f706e00000)]
  0x000002bd9f65b000 JavaThread "Daemon client event forwarder" [_thread_blocked, id=19480, stack(0x000000f706e00000,0x000000f706f00000)]
  0x000002bd9f658800 JavaThread "Cache worker for journal cache (C:\Users\anhph\.gradle\caches\journal-1)" [_thread_blocked, id=17772, stack(0x000000f707400000,0x000000f707500000)]
  0x000002bd9f65b800 JavaThread "File lock request listener" [_thread_in_native, id=18436, stack(0x000000f707500000,0x000000f707600000)]
  0x000002bd9f65f000 JavaThread "Cache worker for file hash cache (C:\Users\anhph\.gradle\caches\8.0.1\fileHashes)" [_thread_blocked, id=19244, stack(0x000000f707700000,0x000000f707800000)]
  0x000002bd9f65c800 JavaThread "File watcher server" daemon [_thread_in_native, id=4124, stack(0x000000f707800000,0x000000f707900000)]
  0x000002bd9f65d000 JavaThread "File watcher consumer" daemon [_thread_blocked, id=12860, stack(0x000000f707900000,0x000000f707a00000)]
  0x000002bd9f65e000 JavaThread "Cache worker for checksums cache (D:\Downloads(D)\React_native\Tanca\android\.gradle\8.0.1\checksums)" [_thread_blocked, id=11940, stack(0x000000f707a00000,0x000000f707b00000)]
  0x000002bd9f65f800 JavaThread "Cache worker for cache directory md-rule (C:\Users\anhph\.gradle\caches\8.0.1\md-rule)" [_thread_blocked, id=2856, stack(0x000000f707b00000,0x000000f707c00000)]
  0x000002bd9f65a000 JavaThread "Cache worker for file content cache (C:\Users\anhph\.gradle\caches\8.0.1\fileContent)" [_thread_blocked, id=15248, stack(0x000000f707c00000,0x000000f707d00000)]
  0x000002bd9f666000 JavaThread "Cache worker for file hash cache (D:\Downloads(D)\React_native\Tanca\android\.gradle\8.0.1\fileHashes)" [_thread_blocked, id=21356, stack(0x000000f707d00000,0x000000f707e00000)]
  0x000002bd9f664800 JavaThread "Cache worker for cache directory md-supplier (C:\Users\anhph\.gradle\caches\8.0.1\md-supplier)" [_thread_blocked, id=7396, stack(0x000000f707e00000,0x000000f707f00000)]
  0x000002bd9f661800 JavaThread "Cache worker for execution history cache (C:\Users\anhph\.gradle\caches\8.0.1\executionHistory)" [_thread_blocked, id=15688, stack(0x000000f707f00000,0x000000f708000000)]
  0x000002bd9f663000 JavaThread "jar transforms" [_thread_blocked, id=15092, stack(0x000000f708000000,0x000000f708100000)]
  0x000002bd9f662000 JavaThread "jar transforms Thread 2" [_thread_blocked, id=2844, stack(0x000000f708100000,0x000000f708200000)]
  0x000002bda0fc6000 JavaThread "jar transforms Thread 3" [_thread_blocked, id=18444, stack(0x000000f708200000,0x000000f708300000)]
  0x000002bda0fca000 JavaThread "jar transforms Thread 4" [_thread_blocked, id=7176, stack(0x000000f708300000,0x000000f708400000)]
  0x000002bda0fc6800 JavaThread "jar transforms Thread 5" [_thread_blocked, id=21120, stack(0x000000f708400000,0x000000f708500000)]
  0x000002bda0fc9000 JavaThread "jar transforms Thread 6" [_thread_blocked, id=5424, stack(0x000000f708500000,0x000000f708600000)]
  0x000002bda0fc7800 JavaThread "Cache worker for kotlin-dsl (C:\Users\anhph\.gradle\caches\8.0.1\kotlin-dsl)" [_thread_blocked, id=7464, stack(0x000000f708600000,0x000000f708700000)]
  0x000002bda0fcb000 JavaThread "File lock release action executor" [_thread_blocked, id=11120, stack(0x000000f708700000,0x000000f708800000)]
  0x000002bda0fc5000 JavaThread "jar transforms Thread 7" [_thread_blocked, id=16032, stack(0x000000f708800000,0x000000f708900000)]

Other Threads:
  0x000002bd9df30000 VMThread "VM Thread" [stack: 0x000000f705800000,0x000000f705900000] [id=12104]
  0x000002bd9eaa7000 WatcherThread [stack: 0x000000f706200000,0x000000f706300000] [id=21324]
  0x000002bdffeed000 GCTaskThread "GC Thread#0" [stack: 0x000000f705300000,0x000000f705400000] [id=17432]
  0x000002bd9f5a8000 GCTaskThread "GC Thread#1" [stack: 0x000000f706300000,0x000000f706400000] [id=12400]
  0x000002bd9faa8000 GCTaskThread "GC Thread#2" [stack: 0x000000f706400000,0x000000f706500000] [id=21588]
  0x000002bd9f657800 GCTaskThread "GC Thread#3" [stack: 0x000000f706f00000,0x000000f707000000] [id=20832]
  0x000002bd9ecc7000 GCTaskThread "GC Thread#4" [stack: 0x000000f707000000,0x000000f707100000] [id=16568]
  0x000002bd9ecaf800 GCTaskThread "GC Thread#5" [stack: 0x000000f707100000,0x000000f707200000] [id=15004]
  0x000002bd9f64f800 GCTaskThread "GC Thread#6" [stack: 0x000000f707200000,0x000000f707300000] [id=7612]
  0x000002bda08ce000 GCTaskThread "GC Thread#7" [stack: 0x000000f707300000,0x000000f707400000] [id=22300]
  0x000002bdfff20000 ConcurrentGCThread "G1 Main Marker" [stack: 0x000000f705400000,0x000000f705500000] [id=18224]
  0x000002bdfff23800 ConcurrentGCThread "G1 Conc#0" [stack: 0x000000f705500000,0x000000f705600000] [id=13744]
  0x000002bd9f751800 ConcurrentGCThread "G1 Conc#1" [stack: 0x000000f707600000,0x000000f707700000] [id=19512]
  0x000002bdfff49800 ConcurrentGCThread "G1 Refine#0" [stack: 0x000000f705600000,0x000000f705700000] [id=17672]
  0x000002bdfffab800 ConcurrentGCThread "G1 Young RemSet Sampling" [stack: 0x000000f705700000,0x000000f705800000] [id=9760]

Threads with active compile tasks:
C2 CompilerThread0    22318 4172       4       java.lang.invoke.MethodType::makeImpl (108 bytes)

VM state:not at safepoint (normal execution)

VM Mutex/Monitor currently owned by a thread: None

Heap address: 0x0000000080000000, size: 2048 MB, Compressed Oops mode: 32-bit
Narrow klass base: 0x0000000000000000, Narrow klass shift: 3
Compressed class space size: 528482304 Address: 0x0000000100000000

Heap:
 garbage-first heap   total 129024K, used 36311K [0x0000000080000000, 0x0000000100000000)
  region size 1024K, 8 young (8192K), 4 survivors (4096K)
 Metaspace       used 45576K, capacity 46823K, committed 47056K, reserved 557056K
  class space    used 5888K, capacity 6384K, committed 6400K, reserved 516096K
Heap Regions: E=young(eden), S=young(survivor), O=old, HS=humongous(starts), HC=humongous(continues), CS=collection set, F=free, A=archive, TAMS=top-at-mark-start (previous, next)
|   0|0x0000000080000000, 0x0000000080100000, 0x0000000080100000|100%|HS|  |TAMS 0x0000000080100000, 0x0000000080000000| Complete 
|   1|0x0000000080100000, 0x0000000080200000, 0x0000000080200000|100%|HC|  |TAMS 0x0000000080200000, 0x0000000080100000| Complete 
|   2|0x0000000080200000, 0x0000000080300000, 0x0000000080300000|100%|HC|  |TAMS 0x0000000080300000, 0x0000000080200000| Complete 
|   3|0x0000000080300000, 0x0000000080400000, 0x0000000080400000|100%|HC|  |TAMS 0x0000000080400000, 0x0000000080300000| Complete 
|   4|0x0000000080400000, 0x0000000080500000, 0x0000000080500000|100%| O|  |TAMS 0x0000000080500000, 0x0000000080400000| Untracked 
|   5|0x0000000080500000, 0x0000000080600000, 0x0000000080600000|100%| O|  |TAMS 0x0000000080600000, 0x0000000080500000| Untracked 
|   6|0x0000000080600000, 0x0000000080700000, 0x0000000080700000|100%| O|  |TAMS 0x0000000080700000, 0x0000000080600000| Untracked 
|   7|0x0000000080700000, 0x0000000080800000, 0x0000000080800000|100%| O|  |TAMS 0x0000000080800000, 0x0000000080700000| Untracked 
|   8|0x0000000080800000, 0x0000000080900000, 0x0000000080900000|100%| O|  |TAMS 0x0000000080900000, 0x0000000080800000| Untracked 
|   9|0x0000000080900000, 0x0000000080a00000, 0x0000000080a00000|100%| O|  |TAMS 0x0000000080a00000, 0x0000000080900000| Untracked 
|  10|0x0000000080a00000, 0x0000000080b00000, 0x0000000080b00000|100%| O|  |TAMS 0x0000000080b00000, 0x0000000080a00000| Untracked 
|  11|0x0000000080b00000, 0x0000000080c00000, 0x0000000080c00000|100%| O|  |TAMS 0x0000000080c00000, 0x0000000080b00000| Untracked 
|  12|0x0000000080c00000, 0x0000000080d00000, 0x0000000080d00000|100%| O|  |TAMS 0x0000000080d00000, 0x0000000080c00000| Untracked 
|  13|0x0000000080d00000, 0x0000000080e00000, 0x0000000080e00000|100%| O|  |TAMS 0x0000000080e00000, 0x0000000080d00000| Untracked 
|  14|0x0000000080e00000, 0x0000000080f00000, 0x0000000080f00000|100%| O|  |TAMS 0x0000000080f00000, 0x0000000080e00000| Untracked 
|  15|0x0000000080f00000, 0x0000000081000000, 0x0000000081000000|100%| O|  |TAMS 0x0000000081000000, 0x0000000080f00000| Untracked 
|  16|0x0000000081000000, 0x0000000081100000, 0x0000000081100000|100%| O|  |TAMS 0x00000000810fa400, 0x0000000081000000| Untracked 
|  17|0x0000000081100000, 0x0000000081100000, 0x0000000081200000|  0%| F|  |TAMS 0x0000000081100000, 0x0000000081100000| Untracked 
|  18|0x0000000081200000, 0x0000000081300000, 0x0000000081300000|100%| O|  |TAMS 0x0000000081200000, 0x0000000081200000| Untracked 
|  19|0x0000000081300000, 0x0000000081400000, 0x0000000081400000|100%| O|  |TAMS 0x0000000081300000, 0x0000000081300000| Untracked 
|  20|0x0000000081400000, 0x0000000081500000, 0x0000000081500000|100%| O|  |TAMS 0x0000000081400000, 0x0000000081400000| Untracked 
|  21|0x0000000081500000, 0x0000000081600000, 0x0000000081600000|100%| O|  |TAMS 0x0000000081500000, 0x0000000081500000| Untracked 
|  22|0x0000000081600000, 0x0000000081700000, 0x0000000081700000|100%| O|  |TAMS 0x0000000081600000, 0x0000000081600000| Untracked 
|  23|0x0000000081700000, 0x0000000081800000, 0x0000000081800000|100%| O|  |TAMS 0x0000000081700000, 0x0000000081700000| Untracked 
|  24|0x0000000081800000, 0x0000000081900000, 0x0000000081900000|100%| O|  |TAMS 0x0000000081800000, 0x0000000081800000| Untracked 
|  25|0x0000000081900000, 0x0000000081a00000, 0x0000000081a00000|100%| O|  |TAMS 0x0000000081900000, 0x0000000081900000| Untracked 
|  26|0x0000000081a00000, 0x0000000081b00000, 0x0000000081b00000|100%| O|  |TAMS 0x0000000081a00000, 0x0000000081a00000| Untracked 
|  27|0x0000000081b00000, 0x0000000081c00000, 0x0000000081c00000|100%| O|  |TAMS 0x0000000081b00000, 0x0000000081b00000| Untracked 
|  28|0x0000000081c00000, 0x0000000081d00000, 0x0000000081d00000|100%| O|  |TAMS 0x0000000081c00000, 0x0000000081c00000| Untracked 
|  29|0x0000000081d00000, 0x0000000081dac200, 0x0000000081e00000| 67%| O|  |TAMS 0x0000000081d00000, 0x0000000081d00000| Untracked 
|  30|0x0000000081e00000, 0x0000000081e00000, 0x0000000081f00000|  0%| F|  |TAMS 0x0000000081e00000, 0x0000000081e00000| Untracked 
|  31|0x0000000081f00000, 0x0000000081f00000, 0x0000000082000000|  0%| F|  |TAMS 0x0000000081f00000, 0x0000000081f00000| Untracked 
|  32|0x0000000082000000, 0x0000000082000000, 0x0000000082100000|  0%| F|  |TAMS 0x0000000082000000, 0x0000000082000000| Untracked 
|  33|0x0000000082100000, 0x0000000082100000, 0x0000000082200000|  0%| F|  |TAMS 0x0000000082100000, 0x0000000082100000| Untracked 
|  34|0x0000000082200000, 0x0000000082200000, 0x0000000082300000|  0%| F|  |TAMS 0x0000000082200000, 0x0000000082200000| Untracked 
|  35|0x0000000082300000, 0x0000000082300000, 0x0000000082400000|  0%| F|  |TAMS 0x0000000082300000, 0x0000000082300000| Untracked 
|  36|0x0000000082400000, 0x0000000082400000, 0x0000000082500000|  0%| F|  |TAMS 0x0000000082400000, 0x0000000082400000| Untracked 
|  37|0x0000000082500000, 0x0000000082500000, 0x0000000082600000|  0%| F|  |TAMS 0x0000000082500000, 0x0000000082500000| Untracked 
|  38|0x0000000082600000, 0x0000000082600000, 0x0000000082700000|  0%| F|  |TAMS 0x0000000082600000, 0x0000000082600000| Untracked 
|  39|0x0000000082700000, 0x0000000082700000, 0x0000000082800000|  0%| F|  |TAMS 0x0000000082700000, 0x0000000082700000| Untracked 
|  40|0x0000000082800000, 0x0000000082800000, 0x0000000082900000|  0%| F|  |TAMS 0x0000000082800000, 0x0000000082800000| Untracked 
|  41|0x0000000082900000, 0x0000000082900000, 0x0000000082a00000|  0%| F|  |TAMS 0x0000000082900000, 0x0000000082900000| Untracked 
|  42|0x0000000082a00000, 0x0000000082a00000, 0x0000000082b00000|  0%| F|  |TAMS 0x0000000082a00000, 0x0000000082a00000| Untracked 
|  43|0x0000000082b00000, 0x0000000082b00000, 0x0000000082c00000|  0%| F|  |TAMS 0x0000000082b00000, 0x0000000082b00000| Untracked 
|  44|0x0000000082c00000, 0x0000000082c00000, 0x0000000082d00000|  0%| F|  |TAMS 0x0000000082c00000, 0x0000000082c00000| Untracked 
|  45|0x0000000082d00000, 0x0000000082d00000, 0x0000000082e00000|  0%| F|  |TAMS 0x0000000082d00000, 0x0000000082d00000| Untracked 
|  46|0x0000000082e00000, 0x0000000082e00000, 0x0000000082f00000|  0%| F|  |TAMS 0x0000000082e00000, 0x0000000082e00000| Untracked 
|  47|0x0000000082f00000, 0x0000000082f00000, 0x0000000083000000|  0%| F|  |TAMS 0x0000000082f00000, 0x0000000082f00000| Untracked 
|  48|0x0000000083000000, 0x0000000083000000, 0x0000000083100000|  0%| F|  |TAMS 0x0000000083000000, 0x0000000083000000| Untracked 
|  49|0x0000000083100000, 0x0000000083100000, 0x0000000083200000|  0%| F|  |TAMS 0x0000000083100000, 0x0000000083100000| Untracked 
|  50|0x0000000083200000, 0x0000000083200000, 0x0000000083300000|  0%| F|  |TAMS 0x0000000083200000, 0x0000000083200000| Untracked 
|  51|0x0000000083300000, 0x0000000083300000, 0x0000000083400000|  0%| F|  |TAMS 0x0000000083300000, 0x0000000083300000| Untracked 
|  52|0x0000000083400000, 0x0000000083400000, 0x0000000083500000|  0%| F|  |TAMS 0x0000000083400000, 0x0000000083400000| Untracked 
|  53|0x0000000083500000, 0x0000000083500000, 0x0000000083600000|  0%| F|  |TAMS 0x0000000083500000, 0x0000000083500000| Untracked 
|  54|0x0000000083600000, 0x0000000083600000, 0x0000000083700000|  0%| F|  |TAMS 0x0000000083600000, 0x0000000083600000| Untracked 
|  55|0x0000000083700000, 0x0000000083700000, 0x0000000083800000|  0%| F|  |TAMS 0x0000000083700000, 0x0000000083700000| Untracked 
|  56|0x0000000083800000, 0x0000000083800000, 0x0000000083900000|  0%| F|  |TAMS 0x0000000083800000, 0x0000000083800000| Untracked 
|  57|0x0000000083900000, 0x0000000083900000, 0x0000000083a00000|  0%| F|  |TAMS 0x0000000083900000, 0x0000000083900000| Untracked 
|  58|0x0000000083a00000, 0x0000000083a00000, 0x0000000083b00000|  0%| F|  |TAMS 0x0000000083a00000, 0x0000000083a00000| Untracked 
|  59|0x0000000083b00000, 0x0000000083b00000, 0x0000000083c00000|  0%| F|  |TAMS 0x0000000083b00000, 0x0000000083b00000| Untracked 
|  60|0x0000000083c00000, 0x0000000083c00000, 0x0000000083d00000|  0%| F|  |TAMS 0x0000000083c00000, 0x0000000083c00000| Untracked 
|  61|0x0000000083d00000, 0x0000000083d00000, 0x0000000083e00000|  0%| F|  |TAMS 0x0000000083d00000, 0x0000000083d00000| Untracked 
|  62|0x0000000083e00000, 0x0000000083e00000, 0x0000000083f00000|  0%| F|  |TAMS 0x0000000083e00000, 0x0000000083e00000| Untracked 
|  63|0x0000000083f00000, 0x0000000083f00000, 0x0000000084000000|  0%| F|  |TAMS 0x0000000083f00000, 0x0000000083f00000| Untracked 
|  64|0x0000000084000000, 0x00000000840c9c20, 0x0000000084100000| 78%| S|CS|TAMS 0x0000000084000000, 0x0000000084000000| Complete 
|  65|0x0000000084100000, 0x0000000084200000, 0x0000000084200000|100%| S|CS|TAMS 0x0000000084100000, 0x0000000084100000| Complete 
|  66|0x0000000084200000, 0x0000000084300000, 0x0000000084300000|100%| S|CS|TAMS 0x0000000084200000, 0x0000000084200000| Complete 
|  67|0x0000000084300000, 0x0000000084400000, 0x0000000084400000|100%| S|CS|TAMS 0x0000000084300000, 0x0000000084300000| Complete 
|  68|0x0000000084400000, 0x0000000084400000, 0x0000000084500000|  0%| F|  |TAMS 0x0000000084400000, 0x0000000084400000| Untracked 
|  69|0x0000000084500000, 0x0000000084500000, 0x0000000084600000|  0%| F|  |TAMS 0x0000000084500000, 0x0000000084500000| Untracked 
|  70|0x0000000084600000, 0x0000000084600000, 0x0000000084700000|  0%| F|  |TAMS 0x0000000084600000, 0x0000000084600000| Untracked 
|  71|0x0000000084700000, 0x0000000084700000, 0x0000000084800000|  0%| F|  |TAMS 0x0000000084700000, 0x0000000084700000| Untracked 
|  72|0x0000000084800000, 0x0000000084800000, 0x0000000084900000|  0%| F|  |TAMS 0x0000000084800000, 0x0000000084800000| Untracked 
|  73|0x0000000084900000, 0x0000000084900000, 0x0000000084a00000|  0%| F|  |TAMS 0x0000000084900000, 0x0000000084900000| Untracked 
|  74|0x0000000084a00000, 0x0000000084a00000, 0x0000000084b00000|  0%| F|  |TAMS 0x0000000084a00000, 0x0000000084a00000| Untracked 
|  75|0x0000000084b00000, 0x0000000084b00000, 0x0000000084c00000|  0%| F|  |TAMS 0x0000000084b00000, 0x0000000084b00000| Untracked 
|  76|0x0000000084c00000, 0x0000000084c00000, 0x0000000084d00000|  0%| F|  |TAMS 0x0000000084c00000, 0x0000000084c00000| Untracked 
|  77|0x0000000084d00000, 0x0000000084d00000, 0x0000000084e00000|  0%| F|  |TAMS 0x0000000084d00000, 0x0000000084d00000| Untracked 
|  78|0x0000000084e00000, 0x0000000084e00000, 0x0000000084f00000|  0%| F|  |TAMS 0x0000000084e00000, 0x0000000084e00000| Untracked 
|  79|0x0000000084f00000, 0x0000000084f00000, 0x0000000085000000|  0%| F|  |TAMS 0x0000000084f00000, 0x0000000084f00000| Untracked 
|  80|0x0000000085000000, 0x0000000085000000, 0x0000000085100000|  0%| F|  |TAMS 0x0000000085000000, 0x0000000085000000| Untracked 
|  81|0x0000000085100000, 0x0000000085100000, 0x0000000085200000|  0%| F|  |TAMS 0x0000000085100000, 0x0000000085100000| Untracked 
|  82|0x0000000085200000, 0x0000000085200000, 0x0000000085300000|  0%| F|  |TAMS 0x0000000085200000, 0x0000000085200000| Untracked 
|  83|0x0000000085300000, 0x0000000085300000, 0x0000000085400000|  0%| F|  |TAMS 0x0000000085300000, 0x0000000085300000| Untracked 
|  84|0x0000000085400000, 0x0000000085400000, 0x0000000085500000|  0%| F|  |TAMS 0x0000000085400000, 0x0000000085400000| Untracked 
|  85|0x0000000085500000, 0x0000000085500000, 0x0000000085600000|  0%| F|  |TAMS 0x0000000085500000, 0x0000000085500000| Untracked 
|  86|0x0000000085600000, 0x0000000085600000, 0x0000000085700000|  0%| F|  |TAMS 0x0000000085600000, 0x0000000085600000| Untracked 
|  87|0x0000000085700000, 0x0000000085700000, 0x0000000085800000|  0%| F|  |TAMS 0x0000000085700000, 0x0000000085700000| Untracked 
|  88|0x0000000085800000, 0x0000000085800000, 0x0000000085900000|  0%| F|  |TAMS 0x0000000085800000, 0x0000000085800000| Untracked 
|  89|0x0000000085900000, 0x0000000085900000, 0x0000000085a00000|  0%| F|  |TAMS 0x0000000085900000, 0x0000000085900000| Untracked 
|  90|0x0000000085a00000, 0x0000000085a00000, 0x0000000085b00000|  0%| F|  |TAMS 0x0000000085a00000, 0x0000000085a00000| Untracked 
|  91|0x0000000085b00000, 0x0000000085b00000, 0x0000000085c00000|  0%| F|  |TAMS 0x0000000085b00000, 0x0000000085b00000| Untracked 
|  92|0x0000000085c00000, 0x0000000085c00000, 0x0000000085d00000|  0%| F|  |TAMS 0x0000000085c00000, 0x0000000085c00000| Untracked 
|  93|0x0000000085d00000, 0x0000000085d00000, 0x0000000085e00000|  0%| F|  |TAMS 0x0000000085d00000, 0x0000000085d00000| Untracked 
|  94|0x0000000085e00000, 0x0000000085e00000, 0x0000000085f00000|  0%| F|  |TAMS 0x0000000085e00000, 0x0000000085e00000| Untracked 
|  95|0x0000000085f00000, 0x0000000085f00000, 0x0000000086000000|  0%| F|  |TAMS 0x0000000085f00000, 0x0000000085f00000| Untracked 
|  96|0x0000000086000000, 0x0000000086000000, 0x0000000086100000|  0%| F|  |TAMS 0x0000000086000000, 0x0000000086000000| Untracked 
|  97|0x0000000086100000, 0x0000000086100000, 0x0000000086200000|  0%| F|  |TAMS 0x0000000086100000, 0x0000000086100000| Untracked 
|  98|0x0000000086200000, 0x0000000086200000, 0x0000000086300000|  0%| F|  |TAMS 0x0000000086200000, 0x0000000086200000| Untracked 
|  99|0x0000000086300000, 0x0000000086300000, 0x0000000086400000|  0%| F|  |TAMS 0x0000000086300000, 0x0000000086300000| Untracked 
| 100|0x0000000086400000, 0x0000000086400000, 0x0000000086500000|  0%| F|  |TAMS 0x0000000086400000, 0x0000000086400000| Untracked 
| 101|0x0000000086500000, 0x0000000086500000, 0x0000000086600000|  0%| F|  |TAMS 0x0000000086500000, 0x0000000086500000| Untracked 
| 102|0x0000000086600000, 0x0000000086600000, 0x0000000086700000|  0%| F|  |TAMS 0x0000000086600000, 0x0000000086600000| Untracked 
| 103|0x0000000086700000, 0x0000000086700000, 0x0000000086800000|  0%| F|  |TAMS 0x0000000086700000, 0x0000000086700000| Untracked 
| 104|0x0000000086800000, 0x0000000086800000, 0x0000000086900000|  0%| F|  |TAMS 0x0000000086800000, 0x0000000086800000| Untracked 
| 105|0x0000000086900000, 0x0000000086900000, 0x0000000086a00000|  0%| F|  |TAMS 0x0000000086900000, 0x0000000086900000| Untracked 
| 106|0x0000000086a00000, 0x0000000086a00000, 0x0000000086b00000|  0%| F|  |TAMS 0x0000000086a00000, 0x0000000086a00000| Untracked 
| 107|0x0000000086b00000, 0x0000000086b00000, 0x0000000086c00000|  0%| F|  |TAMS 0x0000000086b00000, 0x0000000086b00000| Untracked 
| 108|0x0000000086c00000, 0x0000000086c00000, 0x0000000086d00000|  0%| F|  |TAMS 0x0000000086c00000, 0x0000000086c00000| Untracked 
| 109|0x0000000086d00000, 0x0000000086d00000, 0x0000000086e00000|  0%| F|  |TAMS 0x0000000086d00000, 0x0000000086d00000| Untracked 
| 110|0x0000000086e00000, 0x0000000086e00000, 0x0000000086f00000|  0%| F|  |TAMS 0x0000000086e00000, 0x0000000086e00000| Untracked 
| 111|0x0000000086f00000, 0x0000000086f00000, 0x0000000087000000|  0%| F|  |TAMS 0x0000000086f00000, 0x0000000086f00000| Untracked 
| 112|0x0000000087000000, 0x0000000087000000, 0x0000000087100000|  0%| F|  |TAMS 0x0000000087000000, 0x0000000087000000| Untracked 
| 113|0x0000000087100000, 0x0000000087100000, 0x0000000087200000|  0%| F|  |TAMS 0x0000000087100000, 0x0000000087100000| Untracked 
| 114|0x0000000087200000, 0x0000000087200000, 0x0000000087300000|  0%| F|  |TAMS 0x0000000087200000, 0x0000000087200000| Untracked 
| 115|0x0000000087300000, 0x0000000087300000, 0x0000000087400000|  0%| F|  |TAMS 0x0000000087300000, 0x0000000087300000| Untracked 
| 116|0x0000000087400000, 0x0000000087400000, 0x0000000087500000|  0%| F|  |TAMS 0x0000000087400000, 0x0000000087400000| Untracked 
| 117|0x0000000087500000, 0x0000000087500000, 0x0000000087600000|  0%| F|  |TAMS 0x0000000087500000, 0x0000000087500000| Untracked 
| 118|0x0000000087600000, 0x0000000087600000, 0x0000000087700000|  0%| F|  |TAMS 0x0000000087600000, 0x0000000087600000| Untracked 
| 119|0x0000000087700000, 0x0000000087700000, 0x0000000087800000|  0%| F|  |TAMS 0x0000000087700000, 0x0000000087700000| Untracked 
| 120|0x0000000087800000, 0x0000000087800000, 0x0000000087900000|  0%| F|  |TAMS 0x0000000087800000, 0x0000000087800000| Untracked 
| 121|0x0000000087900000, 0x0000000087980800, 0x0000000087a00000| 50%| E|  |TAMS 0x0000000087900000, 0x0000000087900000| Complete 
| 122|0x0000000087a00000, 0x0000000087b00000, 0x0000000087b00000|100%| E|CS|TAMS 0x0000000087a00000, 0x0000000087a00000| Complete 
| 123|0x0000000087b00000, 0x0000000087c00000, 0x0000000087c00000|100%| E|CS|TAMS 0x0000000087b00000, 0x0000000087b00000| Complete 
| 124|0x0000000087c00000, 0x0000000087d00000, 0x0000000087d00000|100%| E|CS|TAMS 0x0000000087c00000, 0x0000000087c00000| Complete 
| 125|0x0000000087d00000, 0x0000000087e00000, 0x0000000087e00000|100%| E|CS|TAMS 0x0000000087d00000, 0x0000000087d00000| Complete 

Card table byte_map: [0x000002bd96d00000,0x000002bd97100000] _byte_map_base: 0x000002bd96900000

Marking Bits (Prev, Next): (CMBitMap*) 0x000002bdfff17408, (CMBitMap*) 0x000002bdfff17440
 Prev Bits: [0x000002bd97500000, 0x000002bd99500000)
 Next Bits: [0x000002bd99500000, 0x000002bd9b500000)

Polling page: 0x000002bdfde60000

Metaspace:

Usage:
  Non-class:     39.49 MB capacity,    38.76 MB ( 98%) used,   622.35 KB (  2%) free+waste,   125.56 KB ( <1%) overhead. 
      Class:      6.23 MB capacity,     5.75 MB ( 92%) used,   431.49 KB (  7%) free+waste,    64.06 KB (  1%) overhead. 
       Both:     45.73 MB capacity,    44.51 MB ( 97%) used,     1.03 MB (  2%) free+waste,   189.63 KB ( <1%) overhead. 

Virtual space:
  Non-class space:       40.00 MB reserved,      39.70 MB (>99%) committed 
      Class space:      504.00 MB reserved,       6.25 MB (  1%) committed 
             Both:      544.00 MB reserved,      45.95 MB (  8%) committed 

Chunk freelists:
   Non-Class:  3.13 KB
       Class:  2.00 KB
        Both:  5.13 KB

CodeHeap 'non-profiled nmethods': size=120000Kb used=1913Kb max_used=1913Kb free=118086Kb
 bounds [0x000002bd8f0a0000, 0x000002bd8f310000, 0x000002bd965d0000]
CodeHeap 'profiled nmethods': size=120000Kb used=8814Kb max_used=8814Kb free=111185Kb
 bounds [0x000002bd87b70000, 0x000002bd88410000, 0x000002bd8f0a0000]
CodeHeap 'non-nmethods': size=5760Kb used=2214Kb max_used=2251Kb free=3545Kb
 bounds [0x000002bd875d0000, 0x000002bd87840000, 0x000002bd87b70000]
 total_blobs=4959 nmethods=4175 adapters=695
 compilation: enabled
              stopped_count=0, restarted_count=0
 full_count=0

Compilation events (10 events):
Event: 21.177 Thread 0x000002bd9df59000 4230       3       com.google.common.collect.Hashing::closedTableSize (37 bytes)
Event: 21.177 Thread 0x000002bd9df59000 nmethod 4230 0x000002bd88404e10 code [0x000002bd88404fe0, 0x000002bd884052e8]
Event: 21.185 Thread 0x000002bd9df59000 4231       3       java.util.Properties::load0 (249 bytes)
Event: 21.186 Thread 0x000002bd9df59000 nmethod 4231 0x000002bd88405410 code [0x000002bd88405640, 0x000002bd88406048]
Event: 21.210 Thread 0x000002bd9df59000 4232       3       sun.net.www.URLConnection::<init> (22 bytes)
Event: 21.210 Thread 0x000002bd9df59000 nmethod 4232 0x000002bd88406390 code [0x000002bd88406560, 0x000002bd88406858]
Event: 21.210 Thread 0x000002bd9df59000 4233       3       sun.net.www.MessageHeader::<init> (9 bytes)
Event: 21.210 Thread 0x000002bd9df59000 nmethod 4233 0x000002bd88406990 code [0x000002bd88406b40, 0x000002bd88406cc8]
Event: 21.246 Thread 0x000002bd9df59000 4234       1       java.util.zip.ZipEntry::getName (5 bytes)
Event: 21.246 Thread 0x000002bd9df59000 nmethod 4234 0x000002bd8f27e410 code [0x000002bd8f27e5a0, 0x000002bd8f27e658]

GC Heap History (10 events):
Event: 8.691 GC heap before
{Heap before GC invocations=4 (full 0):
 garbage-first heap   total 129024K, used 65710K [0x0000000080000000, 0x0000000100000000)
  region size 1024K, 48 young (49152K), 2 survivors (2048K)
 Metaspace       used 24489K, capacity 25123K, committed 25216K, reserved 538624K
  class space    used 3169K, capacity 3386K, committed 3456K, reserved 516096K
}
Event: 8.696 GC heap after
{Heap after GC invocations=5 (full 0):
 garbage-first heap   total 129024K, used 19749K [0x0000000080000000, 0x0000000100000000)
  region size 1024K, 3 young (3072K), 3 survivors (3072K)
 Metaspace       used 24489K, capacity 25123K, committed 25216K, reserved 538624K
  class space    used 3169K, capacity 3386K, committed 3456K, reserved 516096K
}
Event: 10.136 GC heap before
{Heap before GC invocations=5 (full 0):
 garbage-first heap   total 129024K, used 74021K [0x0000000080000000, 0x0000000100000000)
  region size 1024K, 56 young (57344K), 3 survivors (3072K)
 Metaspace       used 29520K, capacity 30212K, committed 30336K, reserved 542720K
  class space    used 3955K, capacity 4217K, committed 4224K, reserved 516096K
}
Event: 10.142 GC heap after
{Heap after GC invocations=6 (full 0):
 garbage-first heap   total 129024K, used 21600K [0x0000000080000000, 0x0000000100000000)
  region size 1024K, 5 young (5120K), 5 survivors (5120K)
 Metaspace       used 29520K, capacity 30212K, committed 30336K, reserved 542720K
  class space    used 3955K, capacity 4217K, committed 4224K, reserved 516096K
}
Event: 11.421 GC heap before
{Heap before GC invocations=6 (full 0):
 garbage-first heap   total 129024K, used 59488K [0x0000000080000000, 0x0000000100000000)
  region size 1024K, 43 young (44032K), 5 survivors (5120K)
 Metaspace       used 35085K, capacity 35917K, committed 36048K, reserved 548864K
  class space    used 4661K, capacity 5036K, committed 5120K, reserved 516096K
}
Event: 11.431 GC heap after
{Heap after GC invocations=7 (full 0):
 garbage-first heap   total 129024K, used 23782K [0x0000000080000000, 0x0000000100000000)
  region size 1024K, 7 young (7168K), 7 survivors (7168K)
 Metaspace       used 35085K, capacity 35917K, committed 36048K, reserved 548864K
  class space    used 4661K, capacity 5036K, committed 5120K, reserved 516096K
}
Event: 13.017 GC heap before
{Heap before GC invocations=8 (full 0):
 garbage-first heap   total 129024K, used 86246K [0x0000000080000000, 0x0000000100000000)
  region size 1024K, 66 young (67584K), 7 survivors (7168K)
 Metaspace       used 41219K, capacity 42212K, committed 42320K, reserved 552960K
  class space    used 5301K, capacity 5725K, committed 5760K, reserved 516096K
}
Event: 13.031 GC heap after
{Heap after GC invocations=9 (full 0):
 garbage-first heap   total 129024K, used 29426K [0x0000000080000000, 0x0000000100000000)
  region size 1024K, 9 young (9216K), 9 survivors (9216K)
 Metaspace       used 41219K, capacity 42212K, committed 42320K, reserved 552960K
  class space    used 5301K, capacity 5725K, committed 5760K, reserved 516096K
}
Event: 21.224 GC heap before
{Heap before GC invocations=9 (full 0):
 garbage-first heap   total 129024K, used 88818K [0x0000000080000000, 0x0000000100000000)
  region size 1024K, 67 young (68608K), 9 survivors (9216K)
 Metaspace       used 45250K, capacity 46528K, committed 46800K, reserved 557056K
  class space    used 5825K, capacity 6350K, committed 6400K, reserved 516096K
}
Event: 21.237 GC heap after
{Heap after GC invocations=10 (full 0):
 garbage-first heap   total 129024K, used 33239K [0x0000000080000000, 0x0000000100000000)
  region size 1024K, 4 young (4096K), 4 survivors (4096K)
 Metaspace       used 45250K, capacity 46528K, committed 46800K, reserved 557056K
  class space    used 5825K, capacity 6350K, committed 6400K, reserved 516096K
}

Deoptimization events (10 events):
Event: 19.799 Thread 0x000002bd9ea2c000 Uncommon trap: reason=unstable_if action=reinterpret pc=0x000002bd8f124fc0 method=java.io.BufferedReader.readLine(Z)Ljava/lang/String; @ 192 c2
Event: 20.084 Thread 0x000002bd9ea2c000 Uncommon trap: reason=unstable_if action=reinterpret pc=0x000002bd8f20fb30 method=java.util.Arrays.hashCode([Ljava/lang/Object;)I @ 34 c2
Event: 20.700 Thread 0x000002bd9ea2c000 Uncommon trap: reason=bimorphic_or_optimized_type_check action=maybe_recompile pc=0x000002bd8f268cec method=java.util.stream.ReferencePipeline.forEachWithCancel(Ljava/util/Spliterator;Ljava/util/stream/Sink;)Z @ 1 c2
Event: 20.702 Thread 0x000002bd9ea2c000 Uncommon trap: reason=bimorphic_or_optimized_type_check action=maybe_recompile pc=0x000002bd8f268cec method=java.util.stream.ReferencePipeline.forEachWithCancel(Ljava/util/Spliterator;Ljava/util/stream/Sink;)Z @ 1 c2
Event: 20.705 Thread 0x000002bd9ea2c000 Uncommon trap: reason=bimorphic_or_optimized_type_check action=maybe_recompile pc=0x000002bd8f268cec method=java.util.stream.ReferencePipeline.forEachWithCancel(Ljava/util/Spliterator;Ljava/util/stream/Sink;)Z @ 1 c2
Event: 20.724 Thread 0x000002bd9ea2c000 Uncommon trap: reason=bimorphic_or_optimized_type_check action=maybe_recompile pc=0x000002bd8f268cec method=java.util.stream.ReferencePipeline.forEachWithCancel(Ljava/util/Spliterator;Ljava/util/stream/Sink;)Z @ 1 c2
Event: 21.237 Thread 0x000002bd9ea2f800 Uncommon trap: reason=class_check action=maybe_recompile pc=0x000002bd8f1b38cc method=jdk.internal.ref.PhantomCleanable.clean()V @ 12 c2
Event: 21.237 Thread 0x000002bd9ea2f800 Uncommon trap: reason=class_check action=maybe_recompile pc=0x000002bd8f1b38cc method=jdk.internal.ref.PhantomCleanable.clean()V @ 12 c2
Event: 21.237 Thread 0x000002bd9ea2f800 Uncommon trap: reason=class_check action=maybe_recompile pc=0x000002bd8f1b38cc method=jdk.internal.ref.PhantomCleanable.clean()V @ 12 c2
Event: 21.237 Thread 0x000002bd9ea2f800 Uncommon trap: reason=class_check action=maybe_recompile pc=0x000002bd8f1b38cc method=jdk.internal.ref.PhantomCleanable.clean()V @ 12 c2

Classes redefined (0 events):
No events

Internal exceptions (10 events):
Event: 20.347 Thread 0x000002bd9ea2c000 Exception <a 'java/lang/NoSuchMethodError'{0x0000000086626458}: java.lang.invoke.Invokers$Holder.invoker(Ljava/lang/Object;Ljava/lang/Object;Ljava/lang/Object;Ljava/lang/Object;Ljava/lang/Object;Ljava/lang/Object;Ljava/lang/Object;Ljava/lang/Object;Ljava/
Event: 20.446 Thread 0x000002bd9ea2c000 Exception <a 'java/lang/NoSuchMethodError'{0x00000000865e98f0}: java.lang.invoke.DelegatingMethodHandle$Holder.reinvoke_L(Ljava/lang/Object;Ljava/lang/Object;Ljava/lang/Object;Ljava/lang/Object;Ljava/lang/Object;Ljava/lang/Object;Ljava/lang/Object;Ljava/l
Event: 20.447 Thread 0x000002bd9ea2c000 Exception <a 'java/lang/NoSuchMethodError'{0x00000000865f52a8}: java.lang.invoke.Invokers$Holder.invoker(Ljava/lang/Object;Ljava/lang/Object;Ljava/lang/Object;Ljava/lang/Object;Ljava/lang/Object;Ljava/lang/Object;Ljava/lang/Object;Ljava/lang/Object;Ljava/
Event: 20.448 Thread 0x000002bd9ea2c000 Exception <a 'java/lang/NoSuchMethodError'{0x00000000865fc2d0}: java.lang.invoke.DelegatingMethodHandle$Holder.delegate(Ljava/lang/Object;Ljava/lang/Object;Ljava/lang/Object;Ljava/lang/Object;Ljava/lang/Object;Ljava/lang/Object;Ljava/lang/Object;Ljava/lan
Event: 20.454 Thread 0x000002bd9ea2c000 Exception <a 'java/lang/NoSuchMethodError'{0x0000000086454078}: java.lang.invoke.DirectMethodHandle$Holder.invokeStatic(Ljava/lang/Object;Ljava/lang/Object;Ljava/lang/Object;Ljava/lang/Object;Ljava/lang/Object;Ljava/lang/Object;Ljava/lang/Object;Ljava/lan
Event: 20.457 Thread 0x000002bd9ea2c000 Exception <a 'java/lang/NoSuchMethodError'{0x0000000086464408}: java.lang.invoke.DirectMethodHandle$Holder.invokeStatic(Ljava/lang/Object;Ljava/lang/Object;Ljava/lang/Object;Ljava/lang/Object;Ljava/lang/Object;Ljava/lang/Object;Ljava/lang/Object;Ljava/lan
Event: 20.459 Thread 0x000002bd9ea2c000 Exception <a 'java/lang/NoSuchMethodError'{0x00000000864746a8}: java.lang.invoke.DelegatingMethodHandle$Holder.reinvoke_L(Ljava/lang/Object;Ljava/lang/Object;Ljava/lang/Object;Ljava/lang/Object;Ljava/lang/Object;Ljava/lang/Object;Ljava/lang/Object;Ljava/l
Event: 20.680 Thread 0x000002bd9ea2c000 Exception <a 'java/lang/IncompatibleClassChangeError'{0x0000000085691cc8}: Found class java.lang.Object, but interface was expected> (0x0000000085691cc8) thrown at [./open/src/hotspot/share/interpreter/linkResolver.cpp, line 838]
Event: 20.945 Thread 0x000002bd9ea2c000 Exception <a 'java/lang/IncompatibleClassChangeError'{0x00000000850266b0}: Found class java.lang.Object, but interface was expected> (0x00000000850266b0) thrown at [./open/src/hotspot/share/interpreter/linkResolver.cpp, line 838]
Event: 21.009 Thread 0x000002bd9ea2c000 Exception <a 'java/lang/NoSuchMethodError'{0x0000000084e6d770}: java.lang.invoke.DirectMethodHandle$Holder.invokeStaticInit(Ljava/lang/Object;Ljava/lang/Object;Ljava/lang/Object;Ljava/lang/Object;Ljava/lang/Object;)I> (0x0000000084e6d770) thrown at [./ope

Events (10 events):
Event: 21.260 loading class kotlin/reflect/jvm/internal/ReflectProperties$Val$1
Event: 21.260 loading class kotlin/reflect/jvm/internal/ReflectProperties$Val$1 done
Event: 21.261 loading class kotlin/reflect/jvm/internal/KCallableImpl$_annotations$1
Event: 21.261 loading class kotlin/reflect/jvm/internal/KCallableImpl$_annotations$1 done
Event: 21.261 loading class kotlin/reflect/jvm/internal/ReflectProperties$LazySoftVal
Event: 21.261 loading class kotlin/reflect/jvm/internal/ReflectProperties$LazySoftVal done
Event: 21.261 loading class kotlin/reflect/jvm/internal/KCallableImpl$_parameters$1
Event: 21.261 loading class kotlin/reflect/jvm/internal/KCallableImpl$_parameters$1 done
Event: 22.274 loading class kotlin/reflect/jvm/internal/KCallableImpl$_returnType$1
Event: 22.274 loading class kotlin/reflect/jvm/internal/KCallableImpl$_returnType$1 done


Dynamic libraries:
0x00007ff715a40000 - 0x00007ff715a4f000 	C:\Program Files\Java\jdk-11.0.16\bin\java.exe
0x00007fff063e0000 - 0x00007fff06608000 	C:\WINDOWS\SYSTEM32\ntdll.dll
0x00007fff054c0000 - 0x00007fff05582000 	C:\WINDOWS\System32\KERNEL32.DLL
0x00007fff03d40000 - 0x00007fff0408f000 	C:\WINDOWS\System32\KERNELBASE.dll
0x00007fff03c30000 - 0x00007fff03d40000 	C:\WINDOWS\System32\ucrtbase.dll
0x00007ffef0c00000 - 0x00007ffef0c15000 	C:\Program Files\Java\jdk-11.0.16\bin\VCRUNTIME140.dll
0x00007ffef14c0000 - 0x00007ffef14d8000 	C:\Program Files\Java\jdk-11.0.16\bin\jli.dll
0x00007fff05070000 - 0x00007fff0511f000 	C:\WINDOWS\System32\ADVAPI32.dll
0x00007fff05720000 - 0x00007fff057c6000 	C:\WINDOWS\System32\msvcrt.dll
0x00007fff05360000 - 0x00007fff05403000 	C:\WINDOWS\System32\sechost.dll
0x00007fff04f40000 - 0x00007fff05067000 	C:\WINDOWS\System32\RPCRT4.dll
0x00007fff051b0000 - 0x00007fff05360000 	C:\WINDOWS\System32\USER32.dll
0x00007fff038e0000 - 0x00007fff03906000 	C:\WINDOWS\System32\win32u.dll
0x00007fff05180000 - 0x00007fff051a9000 	C:\WINDOWS\System32\GDI32.dll
0x00007fff03b10000 - 0x00007fff03c2e000 	C:\WINDOWS\System32\gdi32full.dll
0x00007fff039d0000 - 0x00007fff03a74000 	C:\WINDOWS\System32\msvcp_win.dll
0x00007ffeeb0b0000 - 0x00007ffeeb33e000 	C:\WINDOWS\WinSxS\amd64_microsoft.windows.common-controls_6595b64144ccf1df_6.0.25393.1_none_16cac9dff076f9e7\COMCTL32.dll
0x00007ffef3a50000 - 0x00007ffef3a5a000 	C:\WINDOWS\SYSTEM32\VERSION.dll
0x00007fff04430000 - 0x00007fff04460000 	C:\WINDOWS\System32\IMM32.DLL
0x00007ffec7ed0000 - 0x00007ffec7f6b000 	C:\Program Files\Java\jdk-11.0.16\bin\msvcp140.dll
0x00007ffe72490000 - 0x00007ffe72fa8000 	C:\Program Files\Java\jdk-11.0.16\bin\server\jvm.dll
0x00007fff05710000 - 0x00007fff05718000 	C:\WINDOWS\System32\PSAPI.DLL
0x00007ffeccda0000 - 0x00007ffeccda9000 	C:\WINDOWS\SYSTEM32\WSOCK32.dll
0x00007fff058f0000 - 0x00007fff05963000 	C:\WINDOWS\System32\WS2_32.dll
0x00007ffefbf20000 - 0x00007ffefbf55000 	C:\WINDOWS\SYSTEM32\WINMM.dll
0x00007fff028d0000 - 0x00007fff028e8000 	C:\WINDOWS\SYSTEM32\kernel.appcore.dll
0x00007ffeff900000 - 0x00007ffeff910000 	C:\Program Files\Java\jdk-11.0.16\bin\verify.dll
0x00007ffef52d0000 - 0x00007ffef5504000 	C:\WINDOWS\SYSTEM32\DBGHELP.DLL
0x00007fff06010000 - 0x00007fff06391000 	C:\WINDOWS\System32\combase.dll
0x00007fff04460000 - 0x00007fff04533000 	C:\WINDOWS\System32\OLEAUT32.dll
0x00007ffee9ed0000 - 0x00007ffee9f00000 	C:\WINDOWS\SYSTEM32\dbgcore.DLL
0x00007fff03a80000 - 0x00007fff03b03000 	C:\WINDOWS\System32\bcryptPrimitives.dll
0x00007ffec8010000 - 0x00007ffec8038000 	C:\Program Files\Java\jdk-11.0.16\bin\java.dll
0x00007ffefd6a0000 - 0x00007ffefd6aa000 	C:\Program Files\Java\jdk-11.0.16\bin\jimage.dll
0x00007ffeef2c0000 - 0x00007ffeef2d6000 	C:\Program Files\Java\jdk-11.0.16\bin\zip.dll
0x00007fff04720000 - 0x00007fff04eba000 	C:\WINDOWS\System32\SHELL32.dll
0x00007fff018e0000 - 0x00007fff020fb000 	C:\WINDOWS\SYSTEM32\windows.storage.dll
0x00007fff045a0000 - 0x00007fff04677000 	C:\WINDOWS\System32\SHCORE.dll
0x00007fff04540000 - 0x00007fff0459c000 	C:\WINDOWS\System32\shlwapi.dll
0x00007fff03810000 - 0x00007fff03831000 	C:\WINDOWS\SYSTEM32\profapi.dll
0x00007ffee9f60000 - 0x00007ffee9f79000 	C:\Program Files\Java\jdk-11.0.16\bin\net.dll
0x00007ffefcbb0000 - 0x00007ffefccd7000 	C:\WINDOWS\SYSTEM32\WINHTTP.dll
0x00007fff02cf0000 - 0x00007fff02d58000 	C:\WINDOWS\system32\mswsock.dll
0x00007ffed6800000 - 0x00007ffed6812000 	C:\Program Files\Java\jdk-11.0.16\bin\nio.dll
0x00007ffecf780000 - 0x00007ffecf7a7000 	C:\Users\anhph\.gradle\native\68d5fa5c4cc2d200863cafc0d521ce42e7d3e7ee720ec0a83991735586a16f82\windows-amd64\native-platform.dll
0x00007ffe86890000 - 0x00007ffe869d4000 	C:\Users\anhph\.gradle\native\e376f236ea51e6404a007f0833ffe2c6e607c4080706a723a18a27aeea778392\windows-amd64\native-platform-file-events.dll
0x00007ffefd680000 - 0x00007ffefd689000 	C:\Program Files\Java\jdk-11.0.16\bin\management.dll
0x00007ffefd5f0000 - 0x00007ffefd5fb000 	C:\Program Files\Java\jdk-11.0.16\bin\management_ext.dll
0x00007fff03050000 - 0x00007fff0306b000 	C:\WINDOWS\SYSTEM32\CRYPTSP.dll
0x00007fff02830000 - 0x00007fff02866000 	C:\WINDOWS\system32\rsaenh.dll
0x00007fff02db0000 - 0x00007fff02dd8000 	C:\WINDOWS\SYSTEM32\USERENV.dll
0x00007fff031b0000 - 0x00007fff031d7000 	C:\WINDOWS\SYSTEM32\bcrypt.dll
0x00007fff02f20000 - 0x00007fff02f2c000 	C:\WINDOWS\SYSTEM32\CRYPTBASE.dll
0x00007fff02350000 - 0x00007fff0237f000 	C:\WINDOWS\SYSTEM32\IPHLPAPI.DLL
0x00007fff04710000 - 0x00007fff04719000 	C:\WINDOWS\System32\NSI.dll
0x00007ffefc9a0000 - 0x00007ffefc9b9000 	C:\WINDOWS\SYSTEM32\dhcpcsvc6.DLL
0x00007ffefc930000 - 0x00007ffefc94e000 	C:\WINDOWS\SYSTEM32\dhcpcsvc.DLL
0x00007fff023c0000 - 0x00007fff024cc000 	C:\WINDOWS\SYSTEM32\DNSAPI.dll

dbghelp: loaded successfully - version: 4.0.5 - missing functions: none
symbol engine: initialized successfully - sym options: 0x614 - pdb path: .;C:\Program Files\Java\jdk-11.0.16\bin;C:\WINDOWS\SYSTEM32;C:\WINDOWS\WinSxS\amd64_microsoft.windows.common-controls_6595b64144ccf1df_6.0.25393.1_none_16cac9dff076f9e7;C:\Program Files\Java\jdk-11.0.16\bin\server;C:\Users\anhph\.gradle\native\68d5fa5c4cc2d200863cafc0d521ce42e7d3e7ee720ec0a83991735586a16f82\windows-amd64;C:\Users\anhph\.gradle\native\e376f236ea51e6404a007f0833ffe2c6e607c4080706a723a18a27aeea778392\windows-amd64

VM Arguments:
jvm_args: -XX:MaxMetaspaceSize=512m --add-opens=java.base/java.util=ALL-UNNAMED --add-opens=java.base/java.lang=ALL-UNNAMED --add-opens=java.base/java.lang.invoke=ALL-UNNAMED --add-opens=java.prefs/java.util.prefs=ALL-UNNAMED --add-opens=java.base/java.nio.charset=ALL-UNNAMED --add-opens=java.base/java.net=ALL-UNNAMED --add-opens=java.base/java.util.concurrent.atomic=ALL-UNNAMED -Xmx2048m -Dfile.encoding=utf8 -Duser.country=US -Duser.language=en -Duser.variant 
java_command: org.gradle.launcher.daemon.bootstrap.GradleDaemon 8.0.1
java_class_path (initial): C:\Users\anhph\.gradle\wrapper\dists\gradle-8.0.1-all\aro4hu1c3oeioove7l0i4i14o\gradle-8.0.1\lib\gradle-launcher-8.0.1.jar
Launcher Type: SUN_STANDARD

[Global flags]
     intx CICompilerCount                          = 4                                         {product} {ergonomic}
   size_t CompressedClassSpaceSize                 = 528482304                                 {product} {ergonomic}
     uint ConcGCThreads                            = 2                                         {product} {ergonomic}
     uint G1ConcRefinementThreads                  = 8                                         {product} {ergonomic}
   size_t G1HeapRegionSize                         = 1048576                                   {product} {ergonomic}
    uintx GCDrainStackTargetSize                   = 64                                        {product} {ergonomic}
   size_t InitialHeapSize                          = 132120576                                 {product} {ergonomic}
   size_t MarkStackSize                            = 4194304                                   {product} {ergonomic}
   size_t MaxHeapSize                              = 2147483648                                {product} {command line}
   size_t MaxMetaspaceSize                         = 536870912                                 {product} {command line}
   size_t MaxNewSize                               = 1287651328                                {product} {ergonomic}
   size_t MinHeapDeltaBytes                        = 1048576                                   {product} {ergonomic}
    uintx NonNMethodCodeHeapSize                   = 5836300                                {pd product} {ergonomic}
    uintx NonProfiledCodeHeapSize                  = 122910970                              {pd product} {ergonomic}
    uintx ProfiledCodeHeapSize                     = 122910970                              {pd product} {ergonomic}
    uintx ReservedCodeCacheSize                    = 251658240                              {pd product} {ergonomic}
     bool SegmentedCodeCache                       = true                                      {product} {ergonomic}
     bool UseCompressedClassPointers               = true                                 {lp64_product} {ergonomic}
     bool UseCompressedOops                        = true                                 {lp64_product} {ergonomic}
     bool UseG1GC                                  = true                                      {product} {ergonomic}
     bool UseLargePagesIndividualAllocation        = false                                  {pd product} {ergonomic}

Logging:
Log output configuration:
 #0: stdout all=warning uptime,level,tags
 #1: stderr all=off uptime,level,tags

Environment Variables:
PATH=C:\Program Files\Common Files\Oracle\Java\javapath;C:\Program Files (x86)\Common Files\Oracle\Java\javapath;C:\Program Files (x86)\VMware\VMware Workstation\bin\;C:\WINDOWS\system32;C:\WINDOWS;C:\WINDOWS\System32\Wbem;C:\WINDOWS\System32\WindowsPowerShell\v1.0\;C:\WINDOWS\System32\OpenSSH\;C:\Program Files\Git\cmd;C:\Program Files\nodejs\;C:\xampp\php;D:\Downloads(D)\INSTALL\Composer;C:\composer;C:\xampp\Composer;C:\Program Files\Azure Data Studio\bin;C:\Program Files\Microsoft SQL Server\Client SDK\ODBC\170\Tools\Binn\;C:\Program Files (x86)\Microsoft SQL Server\150\Tools\Binn\;C:\Program Files\Microsoft SQL Server\150\Tools\Binn\;C:\Program Files\Microsoft SQL Server\150\DTS\Binn\;C:\Program Files (x86)\Microsoft SQL Server\150\DTS\Binn\;C:\Users\anhph\AppData\Local\Microsoft\WindowsApps;D:\Visuo studio code\Microsoft VS Code\bin;C:\Users\anhph\AppData\Roaming\npm;C:\Users\anhph\AppData\Roaming\Composer\vendor\bin;C:\Program Files\Azure Data Studio\bin;C:\Users\anhph\AppData\Local\Android\Sdk\platform-tools;
USERNAME=anhph
OS=Windows_NT
PROCESSOR_IDENTIFIER=Intel64 Family 6 Model 142 Stepping 12, GenuineIntel



---------------  S Y S T E M  ---------------

OS: Windows 11 , 64 bit Build 25393 (10.0.25393.1)
Hyper-V role detected

CPU:total 8 (initial active 8) (4 cores per cpu, 2 threads per core) family 6 model 142 stepping 12 microcode 0xea, cmov, cx8, fxsr, mmx, sse, sse2, sse3, ssse3, sse4.1, sse4.2, popcnt, avx, avx2, aes, clmul, erms, 3dnowpref, lzcnt, ht, tsc, tscinvbit, bmi1, bmi2, adx, fma

Memory: 4k page, system-wide physical 8013M (322M free)
TotalPageFile size 17229M (AvailPageFile size 0M)
current process WorkingSet (physical memory assigned to process): 258M, peak: 258M
current process commit charge ("private bytes"): 310M, peak: 312M

vm_info: Java HotSpot(TM) 64-Bit Server VM (11.0.16+11-LTS-199) for windows-amd64 JRE (11.0.16+11-LTS-199), built on Jun 28 2022 08:23:17 by "mach5one" with MS VC++ 15.9 (VS2017)

END.
