#
# There is insufficient memory for the Java Runtime Environment to continue.
# Native memory allocation (malloc) failed to allocate 1044576 bytes for Chunk::new
# Possible reasons:
#   The system is out of physical RAM or swap space
#   The process is running with CompressedOops enabled, and the Java Heap may be blocking the growth of the native heap
# Possible solutions:
#   Reduce memory load on the system
#   Increase physical memory or swap space
#   Check if swap backing store is full
#   Decrease Java heap size (-Xmx/-Xms)
#   Decrease number of Java threads
#   Decrease Java thread stack sizes (-Xss)
#   Set larger code cache with -XX:ReservedCodeCacheSize=
#   JVM is running with Unscaled Compressed Oops mode in which the Java heap is
#     placed in the first 4GB address space. The Java Heap base address is the
#     maximum limit for the native heap growth. Please use -XX:HeapBaseMinAddress
#     to set the Java Heap base and to place the Java Heap above 4GB virtual address.
# This output file may be truncated or incomplete.
#
#  Out of Memory Error (arena.cpp:189), pid=19132, tid=10492
#
# JRE version: OpenJDK Runtime Environment Temurin-17.0.7+7 (17.0.7+7) (build 17.0.7+7)
# Java VM: OpenJDK 64-Bit Server VM Temurin-17.0.7+7 (17.0.7+7, mixed mode, tiered, compressed oops, compressed class ptrs, parallel gc, windows-amd64)
# No core dump will be written. Minidumps are not enabled by default on client versions of Windows
#

---------------  S U M M A R Y ------------

Command Line: --add-modules=ALL-SYSTEM --add-opens=java.base/java.util=ALL-UNNAMED --add-opens=java.base/java.lang=ALL-UNNAMED --add-opens=java.base/sun.nio.fs=ALL-UNNAMED -Declipse.application=org.eclipse.jdt.ls.core.id1 -Dosgi.bundles.defaultStartLevel=4 -Declipse.product=org.eclipse.jdt.ls.core.product -Djava.import.generatesMetadataFilesAtProjectRoot=false -Dfile.encoding=utf8 -XX:+UseParallelGC -XX:GCTimeRatio=4 -XX:AdaptiveSizePolicyWeight=90 -Dsun.zip.disableMemoryMapping=true -Xmx1G -Xms100m -Xlog:disable -javaagent:c:\Users\anhph\.vscode\extensions\redhat.java-1.19.0-win32-x64\lombok\lombok-1.18.28.jar -XX:+HeapDumpOnOutOfMemoryError -XX:HeapDumpPath=c:\Users\anhph\AppData\Roaming\Code\User\workspaceStorage\f65ab8f781e6ecf5aedf40d08ca5e431\redhat.java -Daether.dependencyCollector.impl=bf c:\Users\anhph\.vscode\extensions\redhat.java-1.19.0-win32-x64\server\plugins\org.eclipse.equinox.launcher_1.6.400.v20210924-0641.jar -configuration c:\Users\anhph\AppData\Roaming\Code\User\globalStorage\redhat.java\1.19.0\config_win -data c:\Users\anhph\AppData\Roaming\Code\User\workspaceStorage\f65ab8f781e6ecf5aedf40d08ca5e431\redhat.java\jdt_ws

Host: Intel(R) Core(TM) i5-10210U CPU @ 1.60GHz, 8 cores, 7G,  Windows 11 , 64 bit Build 25393 (10.0.25393.1)
Time: Thu Jun 22 17:01:30 2023 SE Asia Standard Time elapsed time: 46.872403 seconds (0d 0h 0m 46s)

---------------  T H R E A D  ---------------

Current thread (0x0000018ca5b231e0):  JavaThread "C2 CompilerThread1" daemon [_thread_in_native, id=10492, stack(0x0000005763800000,0x0000005763900000)]


Current CompileTask:
C2:  46872 7244       4       org.eclipse.osgi.internal.loader.BundleLoader::addExportedProvidersFor (167 bytes)

Stack: [0x0000005763800000,0x0000005763900000]
Native frames: (J=compiled Java code, j=interpreted, Vv=VM code, C=native code)
V  [jvm.dll+0x67754a]
V  [jvm.dll+0x834304]
V  [jvm.dll+0x835aae]
V  [jvm.dll+0x836113]
V  [jvm.dll+0x24696f]
V  [jvm.dll+0xac0ac]
V  [jvm.dll+0xac67c]
V  [jvm.dll+0x364e37]
V  [jvm.dll+0x1bcde8]
V  [jvm.dll+0x219799]
V  [jvm.dll+0x218a61]
V  [jvm.dll+0x1a4d8d]
V  [jvm.dll+0x2284da]
V  [jvm.dll+0x226615]
V  [jvm.dll+0x7ea90b]
V  [jvm.dll+0x7e4e7a]
V  [jvm.dll+0x676395]
C  [ucrtbase.dll+0x28c41]
C  [KERNEL32.DLL+0x3db1]
C  [ntdll.dll+0x14801]


---------------  P R O C E S S  ---------------

Threads class SMR info:
_java_thread_list=0x0000018ca75f6e90, length=36, elements={
0x0000018c893df890, 0x0000018c894972d0, 0x0000018c9d25eac0, 0x0000018c8949dfc0,
0x0000018c8949e880, 0x0000018ca25ab300, 0x0000018ca25abbc0, 0x0000018ca25ac7b0,
0x0000018ca260f490, 0x0000018ca262f2c0, 0x0000018ca26a6150, 0x0000018ca28f8420,
0x0000018ca3965ef0, 0x0000018ca38a4080, 0x0000018ca38a4550, 0x0000018ca427aaa0,
0x0000018ca426ce90, 0x0000018ca4413540, 0x0000018ca44143b0, 0x0000018ca4413a10,
0x0000018ca4413ee0, 0x0000018ca4414d50, 0x0000018ca4415220, 0x0000018ca4414880,
0x0000018ca44156f0, 0x0000018ca4416090, 0x0000018ca4415bc0, 0x0000018ca4416a30,
0x0000018ca5291580, 0x0000018ca5293260, 0x0000018ca5292d90, 0x0000018ca5b231e0,
0x0000018ca4b2c050, 0x0000018ca5293730, 0x0000018ca528e560, 0x0000018ca5293c00
}

Java Threads: ( => current thread )
  0x0000018c893df890 JavaThread "main" [_thread_blocked, id=9008, stack(0x0000005763a00000,0x0000005763b00000)]
  0x0000018c894972d0 JavaThread "Reference Handler" daemon [_thread_blocked, id=1000, stack(0x0000005763d00000,0x0000005763e00000)]
  0x0000018c9d25eac0 JavaThread "Finalizer" daemon [_thread_blocked, id=14376, stack(0x0000005763e00000,0x0000005763f00000)]
  0x0000018c8949dfc0 JavaThread "Signal Dispatcher" daemon [_thread_blocked, id=12500, stack(0x0000005763f00000,0x0000005764000000)]
  0x0000018c8949e880 JavaThread "Attach Listener" daemon [_thread_blocked, id=11204, stack(0x0000005764000000,0x0000005764100000)]
  0x0000018ca25ab300 JavaThread "Service Thread" daemon [_thread_blocked, id=12528, stack(0x0000005764100000,0x0000005764200000)]
  0x0000018ca25abbc0 JavaThread "Monitor Deflation Thread" daemon [_thread_blocked, id=7788, stack(0x0000005764200000,0x0000005764300000)]
  0x0000018ca25ac7b0 JavaThread "C2 CompilerThread0" daemon [_thread_blocked, id=14296, stack(0x0000005764300000,0x0000005764400000)]
  0x0000018ca260f490 JavaThread "C1 CompilerThread0" daemon [_thread_blocked, id=20648, stack(0x0000005764400000,0x0000005764500000)]
  0x0000018ca262f2c0 JavaThread "Sweeper thread" daemon [_thread_blocked, id=7888, stack(0x0000005764500000,0x0000005764600000)]
  0x0000018ca26a6150 JavaThread "Common-Cleaner" daemon [_thread_blocked, id=4604, stack(0x0000005764600000,0x0000005764700000)]
  0x0000018ca28f8420 JavaThread "Notification Thread" daemon [_thread_blocked, id=9516, stack(0x0000005764700000,0x0000005764800000)]
  0x0000018ca3965ef0 JavaThread "Active Thread: Equinox Container: ecda7392-6144-4688-adc5-3f4c64f05c75" [_thread_blocked, id=18928, stack(0x0000005764f00000,0x0000005765000000)]
  0x0000018ca38a4080 JavaThread "Framework Event Dispatcher: Equinox Container: ecda7392-6144-4688-adc5-3f4c64f05c75" daemon [_thread_blocked, id=15144, stack(0x0000005765000000,0x0000005765100000)]
  0x0000018ca38a4550 JavaThread "Start Level: Equinox Container: ecda7392-6144-4688-adc5-3f4c64f05c75" daemon [_thread_blocked, id=21088, stack(0x0000005765100000,0x0000005765200000)]
  0x0000018ca427aaa0 JavaThread "SCR Component Actor" daemon [_thread_blocked, id=8076, stack(0x0000005765200000,0x0000005765300000)]
  0x0000018ca426ce90 JavaThread "Worker-JM" [_thread_blocked, id=8096, stack(0x0000005765500000,0x0000005765600000)]
  0x0000018ca4413540 JavaThread "Worker-0" [_thread_blocked, id=2372, stack(0x0000005765600000,0x0000005765700000)]
  0x0000018ca44143b0 JavaThread "Worker-1" [_thread_blocked, id=12924, stack(0x0000005765700000,0x0000005765800000)]
  0x0000018ca4413a10 JavaThread "Worker-2" [_thread_blocked, id=19580, stack(0x0000005765800000,0x0000005765900000)]
  0x0000018ca4413ee0 JavaThread "Worker-3: Initialize workspace" [_thread_blocked, id=21068, stack(0x0000005765900000,0x0000005765a00000)]
  0x0000018ca4414d50 JavaThread "Java indexing" daemon [_thread_blocked, id=13092, stack(0x0000005765a00000,0x0000005765b00000)]
  0x0000018ca4415220 JavaThread "JNA Cleaner" daemon [_thread_blocked, id=10784, stack(0x0000005765b00000,0x0000005765c00000)]
  0x0000018ca4414880 JavaThread "pool-2-thread-1" [_thread_blocked, id=22348, stack(0x0000005765e00000,0x0000005765f00000)]
  0x0000018ca44156f0 JavaThread "WorkspaceEventsHandler" [_thread_blocked, id=20368, stack(0x0000005765f00000,0x0000005766000000)]
  0x0000018ca4416090 JavaThread "pool-1-thread-1" [_thread_in_native, id=16024, stack(0x0000005766000000,0x0000005766100000)]
  0x0000018ca4415bc0 JavaThread "Timer-0" [_thread_blocked, id=17724, stack(0x0000005765400000,0x0000005765500000)]
  0x0000018ca4416a30 JavaThread "Exec process" [_thread_blocked, id=21608, stack(0x0000005766200000,0x0000005766300000)]
  0x0000018ca5291580 JavaThread "Exec process Thread 2" [_thread_blocked, id=15432, stack(0x0000005766300000,0x0000005766400000)]
  0x0000018ca5293260 JavaThread "Exec process Thread 3" [_thread_blocked, id=9316, stack(0x0000005766400000,0x0000005766500000)]
  0x0000018ca5292d90 JavaThread "Timer-1" [_thread_blocked, id=20540, stack(0x0000005766100000,0x0000005766200000)]
=>0x0000018ca5b231e0 JavaThread "C2 CompilerThread1" daemon [_thread_in_native, id=10492, stack(0x0000005763800000,0x0000005763900000)]
  0x0000018ca4b2c050 JavaThread "C2 CompilerThread2" daemon [_thread_blocked, id=13608, stack(0x0000005766500000,0x0000005766600000)]
  0x0000018ca5293730 JavaThread "ForkJoinPool.commonPool-worker-1" daemon [_thread_in_native, id=21276, stack(0x0000005766700000,0x0000005766800000)]
  0x0000018ca528e560 JavaThread "ForkJoinPool.commonPool-worker-2" daemon [_thread_blocked, id=17540, stack(0x0000005766800000,0x0000005766900000)]
  0x0000018ca5293c00 JavaThread "ForkJoinPool.commonPool-worker-3" daemon [_thread_blocked, id=20248, stack(0x0000005766900000,0x0000005766a00000)]

Other Threads:
  0x0000018c89474b50 VMThread "VM Thread" [stack: 0x0000005763c00000,0x0000005763d00000] [id=21432]
  0x0000018ca2812870 WatcherThread [stack: 0x0000005764800000,0x0000005764900000] [id=7328]
  0x0000018c893f6370 GCTaskThread "GC Thread#0" [stack: 0x0000005763b00000,0x0000005763c00000] [id=800]
  0x0000018ca37ae6c0 GCTaskThread "GC Thread#1" [stack: 0x0000005764900000,0x0000005764a00000] [id=20668]
  0x0000018ca38fb270 GCTaskThread "GC Thread#2" [stack: 0x0000005764a00000,0x0000005764b00000] [id=20520]
  0x0000018ca38fb520 GCTaskThread "GC Thread#3" [stack: 0x0000005764b00000,0x0000005764c00000] [id=5096]
  0x0000018ca38fb7d0 GCTaskThread "GC Thread#4" [stack: 0x0000005764c00000,0x0000005764d00000] [id=17876]
  0x0000018ca39dbff0 GCTaskThread "GC Thread#5" [stack: 0x0000005764d00000,0x0000005764e00000] [id=16484]
  0x0000018ca39dc2a0 GCTaskThread "GC Thread#6" [stack: 0x0000005764e00000,0x0000005764f00000] [id=8120]
  0x0000018ca3745540 GCTaskThread "GC Thread#7" [stack: 0x0000005765300000,0x0000005765400000] [id=8760]

Threads with active compile tasks:
C2 CompilerThread1    46913 7244       4       org.eclipse.osgi.internal.loader.BundleLoader::addExportedProvidersFor (167 bytes)

VM state: not at safepoint (normal execution)

VM Mutex/Monitor currently owned by a thread: None

Heap address: 0x00000000c0000000, size: 1024 MB, Compressed Oops mode: 32-bit

CDS archive(s) not mapped
Compressed class space mapped at: 0x0000000100000000-0x0000000140000000, reserved size: 1073741824
Narrow klass base: 0x0000000000000000, Narrow klass shift: 3, Narrow klass range: 0x140000000

GC Precious Log:
 CPUs: 8 total, 8 available
 Memory: 8013M
 Large Page Support: Disabled
 NUMA Support: Disabled
 Compressed Oops: Enabled (32-bit)
 Alignments: Space 512K, Generation 512K, Heap 2M
 Heap Min Capacity: 100M
 Heap Initial Capacity: 100M
 Heap Max Capacity: 1G
 Pre-touch: Disabled
 Parallel Workers: 8

Heap:
 PSYoungGen      total 22016K, used 1645K [0x00000000eab00000, 0x00000000ec700000, 0x0000000100000000)
  eden space 21504K, 5% used [0x00000000eab00000,0x00000000eac23490,0x00000000ec000000)
  from space 512K, 93% used [0x00000000ec600000,0x00000000ec678000,0x00000000ec680000)
  to   space 512K, 0% used [0x00000000ec680000,0x00000000ec680000,0x00000000ec700000)
 ParOldGen       total 68608K, used 46264K [0x00000000c0000000, 0x00000000c4300000, 0x00000000eab00000)
  object space 68608K, 67% used [0x00000000c0000000,0x00000000c2d2e078,0x00000000c4300000)
 Metaspace       used 60205K, committed 61184K, reserved 1114112K
  class space    used 7009K, committed 7424K, reserved 1048576K

Card table byte_map: [0x0000018c88db0000,0x0000018c88fc0000] _byte_map_base: 0x0000018c887b0000

Marking Bits: (ParMarkBitMap*) 0x00007ffe633952c0
 Begin Bits: [0x0000018c9b060000, 0x0000018c9c060000)
 End Bits:   [0x0000018c9c060000, 0x0000018c9d060000)

Polling page: 0x0000018c88ba0000

Metaspace:

Usage:
  Non-class:     51.95 MB used.
      Class:      6.85 MB used.
       Both:     58.79 MB used.

Virtual space:
  Non-class space:       64.00 MB reserved,      52.50 MB ( 82%) committed,  1 nodes.
      Class space:        1.00 GB reserved,       7.25 MB ( <1%) committed,  1 nodes.
             Both:        1.06 GB reserved,      59.75 MB (  5%) committed. 

Chunk freelists:
   Non-Class:  11.22 MB
       Class:  8.81 MB
        Both:  20.03 MB

MaxMetaspaceSize: unlimited
CompressedClassSpaceSize: 1.00 GB
Initial GC threshold: 21.00 MB
Current GC threshold: 97.31 MB
CDS: off
MetaspaceReclaimPolicy: balanced
 - commit_granule_bytes: 65536.
 - commit_granule_words: 8192.
 - virtual_space_node_default_size: 8388608.
 - enlarge_chunks_in_place: 1.
 - new_chunks_are_fully_committed: 0.
 - uncommit_free_chunks: 1.
 - use_allocation_guard: 0.
 - handle_deallocations: 1.


Internal statistics:

num_allocs_failed_limit: 9.
num_arena_births: 446.
num_arena_deaths: 14.
num_vsnodes_births: 2.
num_vsnodes_deaths: 0.
num_space_committed: 956.
num_space_uncommitted: 0.
num_chunks_returned_to_freelist: 23.
num_chunks_taken_from_freelist: 2660.
num_chunk_merges: 13.
num_chunk_splits: 1733.
num_chunks_enlarged: 1118.
num_inconsistent_stats: 0.

CodeHeap 'non-profiled nmethods': size=120000Kb used=3462Kb max_used=3462Kb free=116537Kb
 bounds [0x0000018c93b30000, 0x0000018c93ea0000, 0x0000018c9b060000]
CodeHeap 'profiled nmethods': size=120000Kb used=11588Kb max_used=11849Kb free=108411Kb
 bounds [0x0000018c8c060000, 0x0000018c8cc00000, 0x0000018c93590000]
CodeHeap 'non-nmethods': size=5760Kb used=1305Kb max_used=1383Kb free=4454Kb
 bounds [0x0000018c93590000, 0x0000018c93800000, 0x0000018c93b30000]
 total_blobs=6895 nmethods=6262 adapters=545
 compilation: enabled
              stopped_count=0, restarted_count=0
 full_count=0

Compilation events (20 events):
Event: 45.900 Thread 0x0000018ca260f490 7294       1       java.text.FieldPosition::getFieldAttribute (5 bytes)
Event: 45.900 Thread 0x0000018ca260f490 nmethod 7294 0x0000018c93e8d710 code [0x0000018c93e8d8a0, 0x0000018c93e8d978]
Event: 45.901 Thread 0x0000018ca260f490 7295       3       org.eclipse.core.internal.dtree.DataTreeLookup::newLookup (12 bytes)
Event: 45.901 Thread 0x0000018ca260f490 nmethod 7295 0x0000018c8c366110 code [0x0000018c8c3662c0, 0x0000018c8c3664f8]
Event: 45.905 Thread 0x0000018ca25ac7b0 7296   !   4       org.eclipse.core.internal.resources.Workspace::getResourceInfo (108 bytes)
Event: 45.910 Thread 0x0000018ca260f490 7297       3       org.eclipse.core.runtime.Path::isUNC (22 bytes)
Event: 45.910 Thread 0x0000018ca260f490 nmethod 7297 0x0000018c8c365c90 code [0x0000018c8c365e40, 0x0000018c8c366038]
Event: 45.916 Thread 0x0000018ca260f490 7298       3       org.eclipse.core.internal.resources.ProjectDescription::hasNature (47 bytes)
Event: 45.917 Thread 0x0000018ca260f490 nmethod 7298 0x0000018c8c365490 code [0x0000018c8c365660, 0x0000018c8c3659e8]
Event: 45.924 Thread 0x0000018ca260f490 7300   !   3       java.io.RandomAccessFile::close (69 bytes)
Event: 45.924 Thread 0x0000018ca260f490 nmethod 7300 0x0000018c8c078490 code [0x0000018c8c078680, 0x0000018c8c078b78]
Event: 45.983 Thread 0x0000018ca260f490 7301       3       org.eclipse.jdt.internal.core.JavaModelManager::isArchiveStateKnownToBeValid (21 bytes)
Event: 45.983 Thread 0x0000018ca260f490 nmethod 7301 0x0000018c8c078010 code [0x0000018c8c0781c0, 0x0000018c8c0783c8]
Event: 45.983 Thread 0x0000018ca260f490 7302   !   3       org.eclipse.jdt.internal.core.JavaModelManager::getArchiveValidity (168 bytes)
Event: 45.985 Thread 0x0000018ca260f490 nmethod 7302 0x0000018c8c51f490 code [0x0000018c8c51f860, 0x0000018c8c520eb8]
Event: 45.986 Thread 0x0000018ca260f490 7303       3       org.eclipse.jdt.internal.core.JavaProject::getElementName (10 bytes)
Event: 45.986 Thread 0x0000018ca260f490 nmethod 7303 0x0000018c8c077910 code [0x0000018c8c077ac0, 0x0000018c8c077e18]
Event: 45.987 Thread 0x0000018ca260f490 7304       3       org.eclipse.core.runtime.Path::makeAbsolute (75 bytes)
Event: 45.987 Thread 0x0000018ca260f490 nmethod 7304 0x0000018c8c077090 code [0x0000018c8c077280, 0x0000018c8c077718]
Event: 45.992 Thread 0x0000018ca260f490 7305       3       org.eclipse.jdt.internal.core.ClasspathEntry::fullInclusionPatternChars (81 bytes)

GC Heap History (20 events):
Event: 16.093 GC heap after
{Heap after GC invocations=32 (full 2):
 PSYoungGen      total 22528K, used 672K [0x00000000eab00000, 0x00000000eca80000, 0x0000000100000000)
  eden space 21504K, 0% used [0x00000000eab00000,0x00000000eab00000,0x00000000ec000000)
  from space 1024K, 65% used [0x00000000ec980000,0x00000000eca28000,0x00000000eca80000)
  to   space 3584K, 0% used [0x00000000ec380000,0x00000000ec380000,0x00000000ec700000)
 ParOldGen       total 68608K, used 41672K [0x00000000c0000000, 0x00000000c4300000, 0x00000000eab00000)
  object space 68608K, 60% used [0x00000000c0000000,0x00000000c28b2248,0x00000000c4300000)
 Metaspace       used 52687K, committed 53632K, reserved 1114112K
  class space    used 5891K, committed 6336K, reserved 1048576K
}
Event: 16.577 GC heap before
{Heap before GC invocations=33 (full 2):
 PSYoungGen      total 22528K, used 22176K [0x00000000eab00000, 0x00000000eca80000, 0x0000000100000000)
  eden space 21504K, 100% used [0x00000000eab00000,0x00000000ec000000,0x00000000ec000000)
  from space 1024K, 65% used [0x00000000ec980000,0x00000000eca28000,0x00000000eca80000)
  to   space 3584K, 0% used [0x00000000ec380000,0x00000000ec380000,0x00000000ec700000)
 ParOldGen       total 68608K, used 41672K [0x00000000c0000000, 0x00000000c4300000, 0x00000000eab00000)
  object space 68608K, 60% used [0x00000000c0000000,0x00000000c28b2248,0x00000000c4300000)
 Metaspace       used 52749K, committed 53696K, reserved 1114112K
  class space    used 5899K, committed 6336K, reserved 1048576K
}
Event: 16.579 GC heap after
{Heap after GC invocations=33 (full 2):
 PSYoungGen      total 25088K, used 3575K [0x00000000eab00000, 0x00000000ecb00000, 0x0000000100000000)
  eden space 21504K, 0% used [0x00000000eab00000,0x00000000eab00000,0x00000000ec000000)
  from space 3584K, 99% used [0x00000000ec380000,0x00000000ec6fde88,0x00000000ec700000)
  to   space 4096K, 0% used [0x00000000ec700000,0x00000000ec700000,0x00000000ecb00000)
 ParOldGen       total 68608K, used 42703K [0x00000000c0000000, 0x00000000c4300000, 0x00000000eab00000)
  object space 68608K, 62% used [0x00000000c0000000,0x00000000c29b3f80,0x00000000c4300000)
 Metaspace       used 52749K, committed 53696K, reserved 1114112K
  class space    used 5899K, committed 6336K, reserved 1048576K
}
Event: 17.181 GC heap before
{Heap before GC invocations=34 (full 2):
 PSYoungGen      total 25088K, used 25079K [0x00000000eab00000, 0x00000000ecb00000, 0x0000000100000000)
  eden space 21504K, 100% used [0x00000000eab00000,0x00000000ec000000,0x00000000ec000000)
  from space 3584K, 99% used [0x00000000ec380000,0x00000000ec6fde88,0x00000000ec700000)
  to   space 4096K, 0% used [0x00000000ec700000,0x00000000ec700000,0x00000000ecb00000)
 ParOldGen       total 68608K, used 42703K [0x00000000c0000000, 0x00000000c4300000, 0x00000000eab00000)
  object space 68608K, 62% used [0x00000000c0000000,0x00000000c29b3f80,0x00000000c4300000)
 Metaspace       used 54756K, committed 55680K, reserved 1114112K
  class space    used 6268K, committed 6720K, reserved 1048576K
}
Event: 17.184 GC heap after
{Heap after GC invocations=34 (full 2):
 PSYoungGen      total 22528K, used 864K [0x00000000eab00000, 0x00000000ec800000, 0x0000000100000000)
  eden space 21504K, 0% used [0x00000000eab00000,0x00000000eab00000,0x00000000ec000000)
  from space 1024K, 84% used [0x00000000ec700000,0x00000000ec7d8000,0x00000000ec800000)
  to   space 2560K, 0% used [0x00000000ec300000,0x00000000ec300000,0x00000000ec580000)
 ParOldGen       total 68608K, used 46223K [0x00000000c0000000, 0x00000000c4300000, 0x00000000eab00000)
  object space 68608K, 67% used [0x00000000c0000000,0x00000000c2d23cc8,0x00000000c4300000)
 Metaspace       used 54756K, committed 55680K, reserved 1114112K
  class space    used 6268K, committed 6720K, reserved 1048576K
}
Event: 18.527 GC heap before
{Heap before GC invocations=35 (full 2):
 PSYoungGen      total 22528K, used 22368K [0x00000000eab00000, 0x00000000ec800000, 0x0000000100000000)
  eden space 21504K, 100% used [0x00000000eab00000,0x00000000ec000000,0x00000000ec000000)
  from space 1024K, 84% used [0x00000000ec700000,0x00000000ec7d8000,0x00000000ec800000)
  to   space 2560K, 0% used [0x00000000ec300000,0x00000000ec300000,0x00000000ec580000)
 ParOldGen       total 68608K, used 46223K [0x00000000c0000000, 0x00000000c4300000, 0x00000000eab00000)
  object space 68608K, 67% used [0x00000000c0000000,0x00000000c2d23cc8,0x00000000c4300000)
 Metaspace       used 57218K, committed 58112K, reserved 1114112K
  class space    used 6638K, committed 7040K, reserved 1048576K
}
Event: 18.529 GC heap after
{Heap after GC invocations=35 (full 2):
 PSYoungGen      total 24064K, used 576K [0x00000000eab00000, 0x00000000ec780000, 0x0000000100000000)
  eden space 21504K, 0% used [0x00000000eab00000,0x00000000eab00000,0x00000000ec000000)
  from space 2560K, 22% used [0x00000000ec300000,0x00000000ec390000,0x00000000ec580000)
  to   space 1024K, 0% used [0x00000000ec680000,0x00000000ec680000,0x00000000ec780000)
 ParOldGen       total 68608K, used 46967K [0x00000000c0000000, 0x00000000c4300000, 0x00000000eab00000)
  object space 68608K, 68% used [0x00000000c0000000,0x00000000c2dddd28,0x00000000c4300000)
 Metaspace       used 57218K, committed 58112K, reserved 1114112K
  class space    used 6638K, committed 7040K, reserved 1048576K
}
Event: 41.543 GC heap before
{Heap before GC invocations=36 (full 2):
 PSYoungGen      total 24064K, used 22080K [0x00000000eab00000, 0x00000000ec780000, 0x0000000100000000)
  eden space 21504K, 100% used [0x00000000eab00000,0x00000000ec000000,0x00000000ec000000)
  from space 2560K, 22% used [0x00000000ec300000,0x00000000ec390000,0x00000000ec580000)
  to   space 1024K, 0% used [0x00000000ec680000,0x00000000ec680000,0x00000000ec780000)
 ParOldGen       total 68608K, used 46967K [0x00000000c0000000, 0x00000000c4300000, 0x00000000eab00000)
  object space 68608K, 68% used [0x00000000c0000000,0x00000000c2dddd28,0x00000000c4300000)
 Metaspace       used 58621K, committed 59456K, reserved 1114112K
  class space    used 6826K, committed 7232K, reserved 1048576K
}
Event: 41.545 GC heap after
{Heap after GC invocations=36 (full 2):
 PSYoungGen      total 22528K, used 608K [0x00000000eab00000, 0x00000000ec780000, 0x0000000100000000)
  eden space 21504K, 0% used [0x00000000eab00000,0x00000000eab00000,0x00000000ec000000)
  from space 1024K, 59% used [0x00000000ec680000,0x00000000ec718000,0x00000000ec780000)
  to   space 1024K, 0% used [0x00000000ec580000,0x00000000ec580000,0x00000000ec680000)
 ParOldGen       total 68608K, used 47414K [0x00000000c0000000, 0x00000000c4300000, 0x00000000eab00000)
  object space 68608K, 69% used [0x00000000c0000000,0x00000000c2e4da38,0x00000000c4300000)
 Metaspace       used 58621K, committed 59456K, reserved 1114112K
  class space    used 6826K, committed 7232K, reserved 1048576K
}
Event: 42.067 GC heap before
{Heap before GC invocations=37 (full 2):
 PSYoungGen      total 22528K, used 22112K [0x00000000eab00000, 0x00000000ec780000, 0x0000000100000000)
  eden space 21504K, 100% used [0x00000000eab00000,0x00000000ec000000,0x00000000ec000000)
  from space 1024K, 59% used [0x00000000ec680000,0x00000000ec718000,0x00000000ec780000)
  to   space 1024K, 0% used [0x00000000ec580000,0x00000000ec580000,0x00000000ec680000)
 ParOldGen       total 68608K, used 47414K [0x00000000c0000000, 0x00000000c4300000, 0x00000000eab00000)
  object space 68608K, 69% used [0x00000000c0000000,0x00000000c2e4da38,0x00000000c4300000)
 Metaspace       used 58622K, committed 59456K, reserved 1114112K
  class space    used 6826K, committed 7232K, reserved 1048576K
}
Event: 42.069 GC heap after
{Heap after GC invocations=37 (full 2):
 PSYoungGen      total 22528K, used 192K [0x00000000eab00000, 0x00000000ec700000, 0x0000000100000000)
  eden space 21504K, 0% used [0x00000000eab00000,0x00000000eab00000,0x00000000ec000000)
  from space 1024K, 18% used [0x00000000ec580000,0x00000000ec5b0000,0x00000000ec680000)
  to   space 512K, 0% used [0x00000000ec680000,0x00000000ec680000,0x00000000ec700000)
 ParOldGen       total 68608K, used 47906K [0x00000000c0000000, 0x00000000c4300000, 0x00000000eab00000)
  object space 68608K, 69% used [0x00000000c0000000,0x00000000c2ec8a48,0x00000000c4300000)
 Metaspace       used 58622K, committed 59456K, reserved 1114112K
  class space    used 6826K, committed 7232K, reserved 1048576K
}
Event: 44.993 GC heap before
{Heap before GC invocations=38 (full 2):
 PSYoungGen      total 22528K, used 21696K [0x00000000eab00000, 0x00000000ec700000, 0x0000000100000000)
  eden space 21504K, 100% used [0x00000000eab00000,0x00000000ec000000,0x00000000ec000000)
  from space 1024K, 18% used [0x00000000ec580000,0x00000000ec5b0000,0x00000000ec680000)
  to   space 512K, 0% used [0x00000000ec680000,0x00000000ec680000,0x00000000ec700000)
 ParOldGen       total 68608K, used 47906K [0x00000000c0000000, 0x00000000c4300000, 0x00000000eab00000)
  object space 68608K, 69% used [0x00000000c0000000,0x00000000c2ec8a48,0x00000000c4300000)
 Metaspace       used 58680K, committed 59584K, reserved 1114112K
  class space    used 6827K, committed 7232K, reserved 1048576K
}
Event: 44.994 GC heap after
{Heap after GC invocations=38 (full 2):
 PSYoungGen      total 22016K, used 224K [0x00000000eab00000, 0x00000000ec700000, 0x0000000100000000)
  eden space 21504K, 0% used [0x00000000eab00000,0x00000000eab00000,0x00000000ec000000)
  from space 512K, 43% used [0x00000000ec680000,0x00000000ec6b8000,0x00000000ec700000)
  to   space 512K, 0% used [0x00000000ec600000,0x00000000ec600000,0x00000000ec680000)
 ParOldGen       total 68608K, used 47946K [0x00000000c0000000, 0x00000000c4300000, 0x00000000eab00000)
  object space 68608K, 69% used [0x00000000c0000000,0x00000000c2ed2a48,0x00000000c4300000)
 Metaspace       used 58680K, committed 59584K, reserved 1114112K
  class space    used 6827K, committed 7232K, reserved 1048576K
}
Event: 45.225 GC heap before
{Heap before GC invocations=39 (full 2):
 PSYoungGen      total 22016K, used 21728K [0x00000000eab00000, 0x00000000ec700000, 0x0000000100000000)
  eden space 21504K, 100% used [0x00000000eab00000,0x00000000ec000000,0x00000000ec000000)
  from space 512K, 43% used [0x00000000ec680000,0x00000000ec6b8000,0x00000000ec700000)
  to   space 512K, 0% used [0x00000000ec600000,0x00000000ec600000,0x00000000ec680000)
 ParOldGen       total 68608K, used 47946K [0x00000000c0000000, 0x00000000c4300000, 0x00000000eab00000)
  object space 68608K, 69% used [0x00000000c0000000,0x00000000c2ed2a48,0x00000000c4300000)
 Metaspace       used 58688K, committed 59584K, reserved 1114112K
  class space    used 6828K, committed 7232K, reserved 1048576K
}
Event: 45.225 GC heap after
{Heap after GC invocations=39 (full 2):
 PSYoungGen      total 22016K, used 256K [0x00000000eab00000, 0x00000000ec700000, 0x0000000100000000)
  eden space 21504K, 0% used [0x00000000eab00000,0x00000000eab00000,0x00000000ec000000)
  from space 512K, 50% used [0x00000000ec600000,0x00000000ec640000,0x00000000ec680000)
  to   space 512K, 0% used [0x00000000ec680000,0x00000000ec680000,0x00000000ec700000)
 ParOldGen       total 68608K, used 48002K [0x00000000c0000000, 0x00000000c4300000, 0x00000000eab00000)
  object space 68608K, 69% used [0x00000000c0000000,0x00000000c2ee0a48,0x00000000c4300000)
 Metaspace       used 58688K, committed 59584K, reserved 1114112K
  class space    used 6828K, committed 7232K, reserved 1048576K
}
Event: 45.323 GC heap before
{Heap before GC invocations=40 (full 2):
 PSYoungGen      total 22016K, used 3328K [0x00000000eab00000, 0x00000000ec700000, 0x0000000100000000)
  eden space 21504K, 14% used [0x00000000eab00000,0x00000000eae002a8,0x00000000ec000000)
  from space 512K, 50% used [0x00000000ec600000,0x00000000ec640000,0x00000000ec680000)
  to   space 512K, 0% used [0x00000000ec680000,0x00000000ec680000,0x00000000ec700000)
 ParOldGen       total 68608K, used 48002K [0x00000000c0000000, 0x00000000c4300000, 0x00000000eab00000)
  object space 68608K, 69% used [0x00000000c0000000,0x00000000c2ee0a48,0x00000000c4300000)
 Metaspace       used 58933K, committed 59776K, reserved 1114112K
  class space    used 6852K, committed 7232K, reserved 1048576K
}
Event: 45.324 GC heap after
{Heap after GC invocations=40 (full 2):
 PSYoungGen      total 22016K, used 343K [0x00000000eab00000, 0x00000000ec700000, 0x0000000100000000)
  eden space 21504K, 0% used [0x00000000eab00000,0x00000000eab00000,0x00000000ec000000)
  from space 512K, 67% used [0x00000000ec680000,0x00000000ec6d5f50,0x00000000ec700000)
  to   space 512K, 0% used [0x00000000ec600000,0x00000000ec600000,0x00000000ec680000)
 ParOldGen       total 68608K, used 48058K [0x00000000c0000000, 0x00000000c4300000, 0x00000000eab00000)
  object space 68608K, 70% used [0x00000000c0000000,0x00000000c2eeea48,0x00000000c4300000)
 Metaspace       used 58933K, committed 59776K, reserved 1114112K
  class space    used 6852K, committed 7232K, reserved 1048576K
}
Event: 45.324 GC heap before
{Heap before GC invocations=41 (full 3):
 PSYoungGen      total 22016K, used 343K [0x00000000eab00000, 0x00000000ec700000, 0x0000000100000000)
  eden space 21504K, 0% used [0x00000000eab00000,0x00000000eab00000,0x00000000ec000000)
  from space 512K, 67% used [0x00000000ec680000,0x00000000ec6d5f50,0x00000000ec700000)
  to   space 512K, 0% used [0x00000000ec600000,0x00000000ec600000,0x00000000ec680000)
 ParOldGen       total 68608K, used 48058K [0x00000000c0000000, 0x00000000c4300000, 0x00000000eab00000)
  object space 68608K, 70% used [0x00000000c0000000,0x00000000c2eeea48,0x00000000c4300000)
 Metaspace       used 58933K, committed 59776K, reserved 1114112K
  class space    used 6852K, committed 7232K, reserved 1048576K
}
Event: 45.403 GC heap after
{Heap after GC invocations=41 (full 3):
 PSYoungGen      total 22016K, used 0K [0x00000000eab00000, 0x00000000ec700000, 0x0000000100000000)
  eden space 21504K, 0% used [0x00000000eab00000,0x00000000eab00000,0x00000000ec000000)
  from space 512K, 0% used [0x00000000ec680000,0x00000000ec680000,0x00000000ec700000)
  to   space 512K, 0% used [0x00000000ec600000,0x00000000ec600000,0x00000000ec680000)
 ParOldGen       total 68608K, used 46256K [0x00000000c0000000, 0x00000000c4300000, 0x00000000eab00000)
  object space 68608K, 67% used [0x00000000c0000000,0x00000000c2d2c078,0x00000000c4300000)
 Metaspace       used 58933K, committed 59776K, reserved 1114112K
  class space    used 6852K, committed 7232K, reserved 1048576K
}
Event: 45.992 GC heap before
{Heap before GC invocations=42 (full 3):
 PSYoungGen      total 22016K, used 21504K [0x00000000eab00000, 0x00000000ec700000, 0x0000000100000000)
  eden space 21504K, 100% used [0x00000000eab00000,0x00000000ec000000,0x00000000ec000000)
  from space 512K, 0% used [0x00000000ec680000,0x00000000ec680000,0x00000000ec700000)
  to   space 512K, 0% used [0x00000000ec600000,0x00000000ec600000,0x00000000ec680000)
 ParOldGen       total 68608K, used 46256K [0x00000000c0000000, 0x00000000c4300000, 0x00000000eab00000)
  object space 68608K, 67% used [0x00000000c0000000,0x00000000c2d2c078,0x00000000c4300000)
 Metaspace       used 60190K, committed 61120K, reserved 1114112K
  class space    used 7009K, committed 7424K, reserved 1048576K
}

Dll operation events (14 events):
Event: 0.015 Loaded shared library c:\Users\anhph\.vscode\extensions\redhat.java-1.19.0-win32-x64\jre\17.0.7-win32-x86_64\bin\java.dll
Event: 0.338 Loaded shared library c:\Users\anhph\.vscode\extensions\redhat.java-1.19.0-win32-x64\jre\17.0.7-win32-x86_64\bin\zip.dll
Event: 0.342 Loaded shared library C:\Users\anhph\.vscode\extensions\redhat.java-1.19.0-win32-x64\jre\17.0.7-win32-x86_64\bin\instrument.dll
Event: 0.364 Loaded shared library C:\Users\anhph\.vscode\extensions\redhat.java-1.19.0-win32-x64\jre\17.0.7-win32-x86_64\bin\net.dll
Event: 0.367 Loaded shared library C:\Users\anhph\.vscode\extensions\redhat.java-1.19.0-win32-x64\jre\17.0.7-win32-x86_64\bin\nio.dll
Event: 0.380 Loaded shared library C:\Users\anhph\.vscode\extensions\redhat.java-1.19.0-win32-x64\jre\17.0.7-win32-x86_64\bin\zip.dll
Event: 0.412 Loaded shared library C:\Users\anhph\.vscode\extensions\redhat.java-1.19.0-win32-x64\jre\17.0.7-win32-x86_64\bin\jimage.dll
Event: 0.598 Loaded shared library c:\Users\anhph\.vscode\extensions\redhat.java-1.19.0-win32-x64\jre\17.0.7-win32-x86_64\bin\verify.dll
Event: 2.622 Loaded shared library C:\Users\anhph\AppData\Roaming\Code\User\globalStorage\redhat.java\1.19.0\config_win\org.eclipse.equinox.launcher\org.eclipse.equinox.launcher.win32.win32.x86_64_1.2.700.v20221108-1024\eclipse_11801.dll
Event: 7.785 Loaded shared library C:\Users\anhph\AppData\Local\Temp\jna-92962067\jna13063111606953057812.dll
Event: 15.372 Loaded shared library C:\Users\anhph\.gradle\native\68d5fa5c4cc2d200863cafc0d521ce42e7d3e7ee720ec0a83991735586a16f82\windows-amd64\native-platform.dll
Event: 17.107 Loaded shared library C:\Users\anhph\.vscode\extensions\redhat.java-1.19.0-win32-x64\jre\17.0.7-win32-x86_64\bin\management.dll
Event: 17.115 Loaded shared library C:\Users\anhph\.vscode\extensions\redhat.java-1.19.0-win32-x64\jre\17.0.7-win32-x86_64\bin\management_ext.dll
Event: 25.170 Loaded shared library C:\Users\anhph\.vscode\extensions\redhat.java-1.19.0-win32-x64\jre\17.0.7-win32-x86_64\bin\sunmscapi.dll

Deoptimization events (20 events):
Event: 45.615 Thread 0x0000018ca44143b0 DEOPT PACKING pc=0x0000018c93d0ea8c sp=0x00000057657fe2a0
Event: 45.615 Thread 0x0000018ca44143b0 DEOPT UNPACKING pc=0x0000018c935e66a3 sp=0x00000057657fe1e0 mode 2
Event: 45.618 Thread 0x0000018ca44143b0 Uncommon trap: trap_request=0xffffffc6 fr.pc=0x0000018c93d0ea8c relative=0x00000000000001ec
Event: 45.618 Thread 0x0000018ca44143b0 Uncommon trap: reason=bimorphic_or_optimized_type_check action=maybe_recompile pc=0x0000018c93d0ea8c method=java.util.Collections.eq(Ljava/lang/Object;Ljava/lang/Object;)Z @ 18 c2
Event: 45.618 Thread 0x0000018ca44143b0 DEOPT PACKING pc=0x0000018c93d0ea8c sp=0x00000057657fe400
Event: 45.618 Thread 0x0000018ca44143b0 DEOPT UNPACKING pc=0x0000018c935e66a3 sp=0x00000057657fe340 mode 2
Event: 45.644 Thread 0x0000018ca5293730 DEOPT PACKING pc=0x0000018c8c65f79f sp=0x00000057667fd9b0
Event: 45.644 Thread 0x0000018ca5293730 DEOPT UNPACKING pc=0x0000018c935e6e43 sp=0x00000057667fcf30 mode 0
Event: 45.661 Thread 0x0000018ca5293730 DEOPT PACKING pc=0x0000018c8c65f79f sp=0x00000057667fd9b0
Event: 45.661 Thread 0x0000018ca5293730 DEOPT UNPACKING pc=0x0000018c935e6e43 sp=0x00000057667fcf30 mode 0
Event: 45.669 Thread 0x0000018ca528e560 Uncommon trap: trap_request=0xffffff45 fr.pc=0x0000018c93e66430 relative=0x00000000000006d0
Event: 45.669 Thread 0x0000018ca528e560 Uncommon trap: reason=unstable_if action=reinterpret pc=0x0000018c93e66430 method=org.eclipse.osgi.internal.framework.BundleContextImpl.setContextFinder()Ljava/lang/Object; @ 36 c2
Event: 45.669 Thread 0x0000018ca528e560 DEOPT PACKING pc=0x0000018c93e66430 sp=0x00000057668fdc70
Event: 45.669 Thread 0x0000018ca528e560 DEOPT UNPACKING pc=0x0000018c935e66a3 sp=0x00000057668fdba0 mode 2
Event: 45.730 Thread 0x0000018ca528e560 Uncommon trap: trap_request=0xffffff45 fr.pc=0x0000018c93e82dc8 relative=0x0000000000000e48
Event: 45.730 Thread 0x0000018ca528e560 Uncommon trap: reason=unstable_if action=reinterpret pc=0x0000018c93e82dc8 method=org.eclipse.core.runtime.Path.toOSString()Ljava/lang/String; @ 207 c2
Event: 45.730 Thread 0x0000018ca528e560 DEOPT PACKING pc=0x0000018c93e82dc8 sp=0x00000057668fe1b0
Event: 45.730 Thread 0x0000018ca528e560 DEOPT UNPACKING pc=0x0000018c935e66a3 sp=0x00000057668fe158 mode 2
Event: 45.775 Thread 0x0000018ca5293730 DEOPT PACKING pc=0x0000018c8c65f79f sp=0x00000057667fd9b0
Event: 45.775 Thread 0x0000018ca5293730 DEOPT UNPACKING pc=0x0000018c935e6e43 sp=0x00000057667fcf30 mode 0

Classes unloaded (7 events):
Event: 4.608 Thread 0x0000018c89474b50 Unloading class 0x0000000100216400 'java/lang/invoke/LambdaForm$MH+0x0000000100216400'
Event: 4.608 Thread 0x0000018c89474b50 Unloading class 0x0000000100216000 'java/lang/invoke/LambdaForm$MH+0x0000000100216000'
Event: 4.608 Thread 0x0000018c89474b50 Unloading class 0x0000000100215c00 'java/lang/invoke/LambdaForm$MH+0x0000000100215c00'
Event: 4.608 Thread 0x0000018c89474b50 Unloading class 0x0000000100215400 'java/lang/invoke/LambdaForm$MH+0x0000000100215400'
Event: 4.608 Thread 0x0000018c89474b50 Unloading class 0x0000000100215000 'java/lang/invoke/LambdaForm$BMH+0x0000000100215000'
Event: 4.608 Thread 0x0000018c89474b50 Unloading class 0x0000000100214c00 'java/lang/invoke/LambdaForm$DMH+0x0000000100214c00'
Event: 4.608 Thread 0x0000018c89474b50 Unloading class 0x0000000100212000 'java/lang/invoke/LambdaForm$DMH+0x0000000100212000'

Classes redefined (0 events):
No events

Internal exceptions (20 events):
Event: 45.220 Thread 0x0000018ca4413ee0 Exception <a 'sun/nio/fs/WindowsException'{0x00000000ebfbd538}> (0x00000000ebfbd538) 
thrown [s\src\hotspot\share\prims\jni.cpp, line 516]
Event: 45.221 Thread 0x0000018ca4413ee0 Exception <a 'sun/nio/fs/WindowsException'{0x00000000ebfc3a78}> (0x00000000ebfc3a78) 
thrown [s\src\hotspot\share\prims\jni.cpp, line 516]
Event: 45.221 Thread 0x0000018ca4413ee0 Exception <a 'sun/nio/fs/WindowsException'{0x00000000ebfc9a78}> (0x00000000ebfc9a78) 
thrown [s\src\hotspot\share\prims\jni.cpp, line 516]
Event: 45.221 Thread 0x0000018ca4413ee0 Exception <a 'sun/nio/fs/WindowsException'{0x00000000ebfcf8d8}> (0x00000000ebfcf8d8) 
thrown [s\src\hotspot\share\prims\jni.cpp, line 516]
Event: 45.221 Thread 0x0000018ca4413ee0 Exception <a 'sun/nio/fs/WindowsException'{0x00000000ebfd5940}> (0x00000000ebfd5940) 
thrown [s\src\hotspot\share\prims\jni.cpp, line 516]
Event: 45.221 Thread 0x0000018ca4413ee0 Exception <a 'sun/nio/fs/WindowsException'{0x00000000ebfdbaf0}> (0x00000000ebfdbaf0) 
thrown [s\src\hotspot\share\prims\jni.cpp, line 516]
Event: 45.221 Thread 0x0000018ca4413ee0 Exception <a 'sun/nio/fs/WindowsException'{0x00000000ebfe1ca0}> (0x00000000ebfe1ca0) 
thrown [s\src\hotspot\share\prims\jni.cpp, line 516]
Event: 45.222 Thread 0x0000018ca4413ee0 Exception <a 'sun/nio/fs/WindowsException'{0x00000000ebfe7e80}> (0x00000000ebfe7e80) 
thrown [s\src\hotspot\share\prims\jni.cpp, line 516]
Event: 45.222 Thread 0x0000018ca4413ee0 Exception <a 'sun/nio/fs/WindowsException'{0x00000000ebfedea0}> (0x00000000ebfedea0) 
thrown [s\src\hotspot\share\prims\jni.cpp, line 516]
Event: 45.222 Thread 0x0000018ca4413ee0 Exception <a 'sun/nio/fs/WindowsException'{0x00000000ebff3d70}> (0x00000000ebff3d70) 
thrown [s\src\hotspot\share\prims\jni.cpp, line 516]
Event: 45.237 Thread 0x0000018ca4413ee0 Exception <a 'sun/nio/fs/WindowsException'{0x00000000eab2abe0}> (0x00000000eab2abe0) 
thrown [s\src\hotspot\share\prims\jni.cpp, line 516]
Event: 45.248 Thread 0x0000018ca4413ee0 Exception <a 'sun/nio/fs/WindowsException'{0x00000000eab43640}> (0x00000000eab43640) 
thrown [s\src\hotspot\share\prims\jni.cpp, line 516]
Event: 45.292 Thread 0x0000018ca4416090 Exception <a 'sun/nio/fs/WindowsException'{0x00000000eacddfd8}> (0x00000000eacddfd8) 
thrown [s\src\hotspot\share\prims\jni.cpp, line 516]
Event: 45.311 Thread 0x0000018ca4416090 Exception <a 'sun/nio/fs/WindowsException'{0x00000000ead74f60}> (0x00000000ead74f60) 
thrown [s\src\hotspot\share\prims\jni.cpp, line 516]
Event: 45.321 Thread 0x0000018ca4416090 Exception <a 'java/lang/NoSuchMethodError'{0x00000000ead881e8}: 'java.lang.Object java.lang.invoke.DirectMethodHandle$Holder.invokeStatic(java.lang.Object, java.lang.Object, int, java.lang.Object)'> (0x00000000ead881e8) 
thrown [s\src\hotspot\share\interpreter\linkResolver.cpp, line 759]
Event: 45.322 Thread 0x0000018ca4416090 Exception <a 'java/lang/NoSuchMethodError'{0x00000000ead951e8}: 'java.lang.Object java.lang.invoke.DirectMethodHandle$Holder.newInvokeSpecial(java.lang.Object, java.lang.Object, int)'> (0x00000000ead951e8) 
thrown [s\src\hotspot\share\interpreter\linkResolver.cpp, line 759]
Event: 45.455 Thread 0x0000018ca44143b0 Exception <a 'java/io/FileNotFoundException'{0x00000000ead82b80}> (0x00000000ead82b80) 
thrown [s\src\hotspot\share\prims\jni.cpp, line 516]
Event: 45.456 Thread 0x0000018ca44143b0 Exception <a 'java/io/FileNotFoundException'{0x00000000ead83e50}> (0x00000000ead83e50) 
thrown [s\src\hotspot\share\prims\jni.cpp, line 516]
Event: 45.597 Thread 0x0000018ca44143b0 Exception <a 'java/io/FileNotFoundException'{0x00000000eb2199e0}> (0x00000000eb2199e0) 
thrown [s\src\hotspot\share\prims\jni.cpp, line 516]
Event: 45.729 Thread 0x0000018ca528e560 Exception <a 'java/lang/NoSuchMethodError'{0x00000000eb4af610}: 'java.lang.Object java.lang.invoke.DirectMethodHandle$Holder.invokeInterface(java.lang.Object, java.lang.Object, java.lang.Object)'> (0x00000000eb4af610) 
thrown [s\src\hotspot\share\interpreter\linkResolver.cpp, line 759]

VM Operations (20 events):
Event: 41.545 Executing VM operation: ParallelGCFailedAllocation done
Event: 42.066 Executing VM operation: ParallelGCFailedAllocation
Event: 42.069 Executing VM operation: ParallelGCFailedAllocation done
Event: 43.069 Executing VM operation: Cleanup
Event: 43.069 Executing VM operation: Cleanup done
Event: 44.839 Executing VM operation: HandshakeAllThreads
Event: 44.840 Executing VM operation: HandshakeAllThreads done
Event: 44.840 Executing VM operation: Cleanup
Event: 44.840 Executing VM operation: Cleanup done
Event: 44.993 Executing VM operation: ParallelGCFailedAllocation
Event: 44.994 Executing VM operation: ParallelGCFailedAllocation done
Event: 45.224 Executing VM operation: ParallelGCFailedAllocation
Event: 45.225 Executing VM operation: ParallelGCFailedAllocation done
Event: 45.323 Executing VM operation: CollectForMetadataAllocation
Event: 45.404 Executing VM operation: CollectForMetadataAllocation done
Event: 45.424 Executing VM operation: HandshakeAllThreads
Event: 45.424 Executing VM operation: HandshakeAllThreads done
Event: 45.425 Executing VM operation: HandshakeAllThreads
Event: 45.425 Executing VM operation: HandshakeAllThreads done
Event: 45.992 Executing VM operation: ParallelGCFailedAllocation

Events (20 events):
Event: 45.431 loading class java/util/Collections$SynchronizedRandomAccessList
Event: 45.431 loading class java/util/Collections$SynchronizedList
Event: 45.432 loading class java/util/Collections$SynchronizedList done
Event: 45.432 loading class java/util/Collections$SynchronizedRandomAccessList done
Event: 45.441 loading class java/util/concurrent/CompletableFuture$Signaller
Event: 45.441 loading class java/util/concurrent/CompletableFuture$Signaller done
Event: 45.508 loading class java/util/Hashtable$KeySet
Event: 45.508 loading class java/util/Hashtable$KeySet done
Event: 45.527 loading class java/io/SequenceInputStream
Event: 45.527 loading class java/io/SequenceInputStream done
Event: 45.540 Thread 0x0000018ca528e560 Thread added: 0x0000018ca528e560
Event: 45.540 loading class java/util/concurrent/CompletableFuture$UniAccept
Event: 45.541 loading class java/util/concurrent/CompletableFuture$UniAccept done
Event: 45.541 loading class java/util/concurrent/CompletableFuture$UniExceptionally
Event: 45.541 loading class java/util/concurrent/CompletableFuture$UniExceptionally done
Event: 45.575 loading class java/util/regex/PatternSyntaxException
Event: 45.575 loading class java/util/regex/PatternSyntaxException done
Event: 45.604 loading class sun/nio/cs/ISO_8859_1$Decoder
Event: 45.605 loading class sun/nio/cs/ISO_8859_1$Decoder done
Event: 45.745 Thread 0x0000018ca5293c00 Thread added: 0x0000018ca5293c00


Dynamic libraries:
0x00007ff7bddc0000 - 0x00007ff7bddce000 	c:\Users\anhph\.vscode\extensions\redhat.java-1.19.0-win32-x64\jre\17.0.7-win32-x86_64\bin\java.exe
0x00007fff063e0000 - 0x00007fff06608000 	C:\WINDOWS\SYSTEM32\ntdll.dll
0x00007fff054c0000 - 0x00007fff05582000 	C:\WINDOWS\System32\KERNEL32.DLL
0x00007fff03d40000 - 0x00007fff0408f000 	C:\WINDOWS\System32\KERNELBASE.dll
0x00007fff03c30000 - 0x00007fff03d40000 	C:\WINDOWS\System32\ucrtbase.dll
0x00007ffeaf600000 - 0x00007ffeaf617000 	c:\Users\anhph\.vscode\extensions\redhat.java-1.19.0-win32-x64\jre\17.0.7-win32-x86_64\bin\jli.dll
0x00007fff051b0000 - 0x00007fff05360000 	C:\WINDOWS\System32\USER32.dll
0x00007fff038e0000 - 0x00007fff03906000 	C:\WINDOWS\System32\win32u.dll
0x00007fff05180000 - 0x00007fff051a9000 	C:\WINDOWS\System32\GDI32.dll
0x00007fff03b10000 - 0x00007fff03c2e000 	C:\WINDOWS\System32\gdi32full.dll
0x00007fff039d0000 - 0x00007fff03a74000 	C:\WINDOWS\System32\msvcp_win.dll
0x00007ffeaeba0000 - 0x00007ffeaebb9000 	c:\Users\anhph\.vscode\extensions\redhat.java-1.19.0-win32-x64\jre\17.0.7-win32-x86_64\bin\VCRUNTIME140.dll
0x00007ffeeb0b0000 - 0x00007ffeeb33e000 	C:\WINDOWS\WinSxS\amd64_microsoft.windows.common-controls_6595b64144ccf1df_6.0.25393.1_none_16cac9dff076f9e7\COMCTL32.dll
0x00007fff05720000 - 0x00007fff057c6000 	C:\WINDOWS\System32\msvcrt.dll
0x00007fff04430000 - 0x00007fff04460000 	C:\WINDOWS\System32\IMM32.DLL
0x00007ffeea430000 - 0x00007ffeea43c000 	c:\Users\anhph\.vscode\extensions\redhat.java-1.19.0-win32-x64\jre\17.0.7-win32-x86_64\bin\vcruntime140_1.dll
0x00007ffe85760000 - 0x00007ffe857f1000 	c:\Users\anhph\.vscode\extensions\redhat.java-1.19.0-win32-x64\jre\17.0.7-win32-x86_64\bin\msvcp140.dll
0x00007ffe62810000 - 0x00007ffe63458000 	c:\Users\anhph\.vscode\extensions\redhat.java-1.19.0-win32-x64\jre\17.0.7-win32-x86_64\bin\server\jvm.dll
0x00007fff05070000 - 0x00007fff0511f000 	C:\WINDOWS\System32\ADVAPI32.dll
0x00007fff05360000 - 0x00007fff05403000 	C:\WINDOWS\System32\sechost.dll
0x00007fff04f40000 - 0x00007fff05067000 	C:\WINDOWS\System32\RPCRT4.dll
0x00007ffeccda0000 - 0x00007ffeccda9000 	C:\WINDOWS\SYSTEM32\WSOCK32.dll
0x00007ffefbf20000 - 0x00007ffefbf55000 	C:\WINDOWS\SYSTEM32\WINMM.dll
0x00007fff058f0000 - 0x00007fff05963000 	C:\WINDOWS\System32\WS2_32.dll
0x00007ffef3a50000 - 0x00007ffef3a5a000 	C:\WINDOWS\SYSTEM32\VERSION.dll
0x00007fff028d0000 - 0x00007fff028e8000 	C:\WINDOWS\SYSTEM32\kernel.appcore.dll
0x00007ffecd520000 - 0x00007ffecd52a000 	c:\Users\anhph\.vscode\extensions\redhat.java-1.19.0-win32-x64\jre\17.0.7-win32-x86_64\bin\jimage.dll
0x00007ffef52d0000 - 0x00007ffef5504000 	C:\WINDOWS\SYSTEM32\DBGHELP.DLL
0x00007fff06010000 - 0x00007fff06391000 	C:\WINDOWS\System32\combase.dll
0x00007fff04460000 - 0x00007fff04533000 	C:\WINDOWS\System32\OLEAUT32.dll
0x00007ffee9ed0000 - 0x00007ffee9f00000 	C:\WINDOWS\SYSTEM32\dbgcore.DLL
0x00007fff03a80000 - 0x00007fff03b03000 	C:\WINDOWS\System32\bcryptPrimitives.dll
0x00007ffec8240000 - 0x00007ffec824e000 	c:\Users\anhph\.vscode\extensions\redhat.java-1.19.0-win32-x64\jre\17.0.7-win32-x86_64\bin\instrument.dll
0x00007ffea1cd0000 - 0x00007ffea1cf5000 	c:\Users\anhph\.vscode\extensions\redhat.java-1.19.0-win32-x64\jre\17.0.7-win32-x86_64\bin\java.dll
0x00007ffeae320000 - 0x00007ffeae338000 	c:\Users\anhph\.vscode\extensions\redhat.java-1.19.0-win32-x64\jre\17.0.7-win32-x86_64\bin\zip.dll
0x00007fff04720000 - 0x00007fff04eba000 	C:\WINDOWS\System32\SHELL32.dll
0x00007fff018e0000 - 0x00007fff020fb000 	C:\WINDOWS\SYSTEM32\windows.storage.dll
0x00007fff045a0000 - 0x00007fff04677000 	C:\WINDOWS\System32\SHCORE.dll
0x00007fff04540000 - 0x00007fff0459c000 	C:\WINDOWS\System32\shlwapi.dll
0x00007fff03810000 - 0x00007fff03831000 	C:\WINDOWS\SYSTEM32\profapi.dll
0x00007ffead0f0000 - 0x00007ffead109000 	C:\Users\anhph\.vscode\extensions\redhat.java-1.19.0-win32-x64\jre\17.0.7-win32-x86_64\bin\net.dll
0x00007ffefcbb0000 - 0x00007ffefccd7000 	C:\WINDOWS\SYSTEM32\WINHTTP.dll
0x00007fff02cf0000 - 0x00007fff02d58000 	C:\WINDOWS\system32\mswsock.dll
0x00007ffea90a0000 - 0x00007ffea90b5000 	C:\Users\anhph\.vscode\extensions\redhat.java-1.19.0-win32-x64\jre\17.0.7-win32-x86_64\bin\nio.dll
0x00007ffec7d30000 - 0x00007ffec7d40000 	c:\Users\anhph\.vscode\extensions\redhat.java-1.19.0-win32-x64\jre\17.0.7-win32-x86_64\bin\verify.dll
0x00007ffea0600000 - 0x00007ffea063e000 	C:\Users\anhph\AppData\Roaming\Code\User\globalStorage\redhat.java\1.19.0\config_win\org.eclipse.equinox.launcher\org.eclipse.equinox.launcher.win32.win32.x86_64_1.2.700.v20221108-1024\eclipse_11801.dll
0x00007fff05e10000 - 0x00007fff05fa1000 	C:\WINDOWS\System32\ole32.dll
0x00007fff03050000 - 0x00007fff0306b000 	C:\WINDOWS\SYSTEM32\CRYPTSP.dll
0x00007fff02830000 - 0x00007fff02866000 	C:\WINDOWS\system32\rsaenh.dll
0x00007fff02db0000 - 0x00007fff02dd8000 	C:\WINDOWS\SYSTEM32\USERENV.dll
0x00007fff031b0000 - 0x00007fff031d7000 	C:\WINDOWS\SYSTEM32\bcrypt.dll
0x00007fff02f20000 - 0x00007fff02f2c000 	C:\WINDOWS\SYSTEM32\CRYPTBASE.dll
0x00007fff02350000 - 0x00007fff0237f000 	C:\WINDOWS\SYSTEM32\IPHLPAPI.DLL
0x00007fff04710000 - 0x00007fff04719000 	C:\WINDOWS\System32\NSI.dll
0x00007ffefc9a0000 - 0x00007ffefc9b9000 	C:\WINDOWS\SYSTEM32\dhcpcsvc6.DLL
0x00007ffefc930000 - 0x00007ffefc94e000 	C:\WINDOWS\SYSTEM32\dhcpcsvc.DLL
0x00007fff023c0000 - 0x00007fff024cc000 	C:\WINDOWS\SYSTEM32\DNSAPI.dll
0x00007ffe8e620000 - 0x00007ffe8e665000 	C:\Users\anhph\AppData\Local\Temp\jna-92962067\jna13063111606953057812.dll
0x00007fff05710000 - 0x00007fff05718000 	C:\WINDOWS\System32\PSAPI.DLL
0x00007ffecf780000 - 0x00007ffecf7a7000 	C:\Users\anhph\.gradle\native\68d5fa5c4cc2d200863cafc0d521ce42e7d3e7ee720ec0a83991735586a16f82\windows-amd64\native-platform.dll
0x00007ffef12d0000 - 0x00007ffef12d9000 	C:\Users\anhph\.vscode\extensions\redhat.java-1.19.0-win32-x64\jre\17.0.7-win32-x86_64\bin\management.dll
0x00007ffef12c0000 - 0x00007ffef12cb000 	C:\Users\anhph\.vscode\extensions\redhat.java-1.19.0-win32-x64\jre\17.0.7-win32-x86_64\bin\management_ext.dll
0x00007ffeee950000 - 0x00007ffeee95e000 	C:\Users\anhph\.vscode\extensions\redhat.java-1.19.0-win32-x64\jre\17.0.7-win32-x86_64\bin\sunmscapi.dll
0x00007fff04100000 - 0x00007fff04272000 	C:\WINDOWS\System32\CRYPT32.dll
0x00007fff03180000 - 0x00007fff031b0000 	C:\WINDOWS\SYSTEM32\ncrypt.dll
0x00007fff03140000 - 0x00007fff03176000 	C:\WINDOWS\SYSTEM32\NTASN1.dll
0x00007ffec7ec0000 - 0x00007ffec7ec8000 	C:\WINDOWS\system32\wshunix.dll

dbghelp: loaded successfully - version: 4.0.5 - missing functions: none
symbol engine: initialized successfully - sym options: 0x614 - pdb path: .;c:\Users\anhph\.vscode\extensions\redhat.java-1.19.0-win32-x64\jre\17.0.7-win32-x86_64\bin;C:\WINDOWS\SYSTEM32;C:\WINDOWS\WinSxS\amd64_microsoft.windows.common-controls_6595b64144ccf1df_6.0.25393.1_none_16cac9dff076f9e7;c:\Users\anhph\.vscode\extensions\redhat.java-1.19.0-win32-x64\jre\17.0.7-win32-x86_64\bin\server;C:\Users\anhph\AppData\Roaming\Code\User\globalStorage\redhat.java\1.19.0\config_win\org.eclipse.equinox.launcher\org.eclipse.equinox.launcher.win32.win32.x86_64_1.2.700.v20221108-1024;C:\Users\anhph\AppData\Local\Temp\jna-92962067;C:\Users\anhph\.gradle\native\68d5fa5c4cc2d200863cafc0d521ce42e7d3e7ee720ec0a83991735586a16f82\windows-amd64

VM Arguments:
jvm_args: --add-modules=ALL-SYSTEM --add-opens=java.base/java.util=ALL-UNNAMED --add-opens=java.base/java.lang=ALL-UNNAMED --add-opens=java.base/sun.nio.fs=ALL-UNNAMED -Declipse.application=org.eclipse.jdt.ls.core.id1 -Dosgi.bundles.defaultStartLevel=4 -Declipse.product=org.eclipse.jdt.ls.core.product -Djava.import.generatesMetadataFilesAtProjectRoot=false -Dfile.encoding=utf8 -XX:+UseParallelGC -XX:GCTimeRatio=4 -XX:AdaptiveSizePolicyWeight=90 -Dsun.zip.disableMemoryMapping=true -Xmx1G -Xms100m -Xlog:disable -javaagent:c:\Users\anhph\.vscode\extensions\redhat.java-1.19.0-win32-x64\lombok\lombok-1.18.28.jar -XX:+HeapDumpOnOutOfMemoryError -XX:HeapDumpPath=c:\Users\anhph\AppData\Roaming\Code\User\workspaceStorage\f65ab8f781e6ecf5aedf40d08ca5e431\redhat.java -Daether.dependencyCollector.impl=bf 
java_command: c:\Users\anhph\.vscode\extensions\redhat.java-1.19.0-win32-x64\server\plugins\org.eclipse.equinox.launcher_1.6.400.v20210924-0641.jar -configuration c:\Users\anhph\AppData\Roaming\Code\User\globalStorage\redhat.java\1.19.0\config_win -data c:\Users\anhph\AppData\Roaming\Code\User\workspaceStorage\f65ab8f781e6ecf5aedf40d08ca5e431\redhat.java\jdt_ws
java_class_path (initial): c:\Users\anhph\.vscode\extensions\redhat.java-1.19.0-win32-x64\server\plugins\org.eclipse.equinox.launcher_1.6.400.v20210924-0641.jar
Launcher Type: SUN_STANDARD

[Global flags]
    uintx AdaptiveSizePolicyWeight                 = 90                                        {product} {command line}
     intx CICompilerCount                          = 4                                         {product} {ergonomic}
    uintx GCTimeRatio                              = 4                                         {product} {command line}
     bool HeapDumpOnOutOfMemoryError               = true                                   {manageable} {command line}
    ccstr HeapDumpPath                             = c:\Users\anhph\AppData\Roaming\Code\User\workspaceStorage\f65ab8f781e6ecf5aedf40d08ca5e431\redhat.java         {manageable} {command line}
   size_t InitialHeapSize                          = 104857600                                 {product} {command line}
   size_t MaxHeapSize                              = 1073741824                                {product} {command line}
   size_t MaxNewSize                               = 357564416                                 {product} {ergonomic}
   size_t MinHeapDeltaBytes                        = 524288                                    {product} {ergonomic}
   size_t MinHeapSize                              = 104857600                                 {product} {command line}
   size_t NewSize                                  = 34603008                                  {product} {ergonomic}
    uintx NonNMethodCodeHeapSize                   = 5839372                                {pd product} {ergonomic}
    uintx NonProfiledCodeHeapSize                  = 122909434                              {pd product} {ergonomic}
   size_t OldSize                                  = 70254592                                  {product} {ergonomic}
    uintx ProfiledCodeHeapSize                     = 122909434                              {pd product} {ergonomic}
    uintx ReservedCodeCacheSize                    = 251658240                              {pd product} {ergonomic}
     bool SegmentedCodeCache                       = true                                      {product} {ergonomic}
   size_t SoftMaxHeapSize                          = 1073741824                             {manageable} {ergonomic}
     bool UseCompressedClassPointers               = true                           {product lp64_product} {ergonomic}
     bool UseCompressedOops                        = true                           {product lp64_product} {ergonomic}
     bool UseLargePagesIndividualAllocation        = false                                  {pd product} {ergonomic}
     bool UseParallelGC                            = true                                      {product} {command line}

Logging:
Log output configuration:
 #0: stdout all=off uptime,level,tags
 #1: stderr all=off uptime,level,tags

Environment Variables:
PATH=C:\Program Files\Common Files\Oracle\Java\javapath;C:\Program Files (x86)\Common Files\Oracle\Java\javapath;C:\Program Files (x86)\VMware\VMware Workstation\bin\;C:\WINDOWS\system32;C:\WINDOWS;C:\WINDOWS\System32\Wbem;C:\WINDOWS\System32\WindowsPowerShell\v1.0\;C:\WINDOWS\System32\OpenSSH\;C:\Program Files\Git\cmd;C:\Program Files\nodejs\;C:\xampp\php;D:\Downloads(D)\INSTALL\Composer;C:\composer;C:\xampp\Composer;C:\Program Files\Azure Data Studio\bin;C:\Program Files\Microsoft SQL Server\Client SDK\ODBC\170\Tools\Binn\;C:\Program Files (x86)\Microsoft SQL Server\150\Tools\Binn\;C:\Program Files\Microsoft SQL Server\150\Tools\Binn\;C:\Program Files\Microsoft SQL Server\150\DTS\Binn\;C:\Program Files (x86)\Microsoft SQL Server\150\DTS\Binn\;C:\Users\anhph\AppData\Local\Microsoft\WindowsApps;D:\Visuo studio code\Microsoft VS Code\bin;C:\Users\anhph\AppData\Roaming\npm;C:\Users\anhph\AppData\Roaming\Composer\vendor\bin;C:\Program Files\Azure Data Studio\bin;C:\Users\anhph\AppData\Local\Android\Sdk\platform-tools;
USERNAME=anhph
OS=Windows_NT
PROCESSOR_IDENTIFIER=Intel64 Family 6 Model 142 Stepping 12, GenuineIntel
TMP=C:\Users\anhph\AppData\Local\Temp
TEMP=C:\Users\anhph\AppData\Local\Temp



---------------  S Y S T E M  ---------------

OS:
 Windows 11 , 64 bit Build 25393 (10.0.25393.1)
OS uptime: 2 days 0:14 hours
Hyper-V role detected

CPU: total 8 (initial active 8) (4 cores per cpu, 2 threads per core) family 6 model 142 stepping 12 microcode 0xea, cx8, cmov, fxsr, ht, mmx, 3dnowpref, sse, sse2, sse3, ssse3, sse4.1, sse4.2, popcnt, lzcnt, tsc, tscinvbit, avx, avx2, aes, erms, clmul, bmi1, bmi2, adx, fma, vzeroupper, clflush, clflushopt, hv

Memory: 4k page, system-wide physical 8013M (773M free)
TotalPageFile size 17229M (AvailPageFile size 221M)
current process WorkingSet (physical memory assigned to process): 235M, peak: 250M
current process commit charge ("private bytes"): 300M, peak: 313M

vm_info: OpenJDK 64-Bit Server VM (17.0.7+7) for windows-amd64 JRE (17.0.7+7), built on Apr 18 2023 22:10:42 by "temurin" with MS VC++ 16.7 (VS2019)

END.
